#
# There is insufficient memory for the Java Runtime Environment to continue.
# Native memory allocation (malloc) failed to allocate 65552 bytes. Error detail: Chunk::new
# Possible reasons:
#   The system is out of physical RAM or swap space
#   This process is running with CompressedOops enabled, and the Java Heap may be blocking the growth of the native heap
# Possible solutions:
#   Reduce memory load on the system
#   Increase physical memory or swap space
#   Check if swap backing store is full
#   Decrease Java heap size (-Xmx/-Xms)
#   Decrease number of Java threads
#   Decrease Java thread stack sizes (-Xss)
#   Set larger code cache with -XX:ReservedCodeCacheSize=
#   JVM is running with Unscaled Compressed Oops mode in which the Java heap is
#     placed in the first 4GB address space. The Java Heap base address is the
#     maximum limit for the native heap growth. Please use -XX:HeapBaseMinAddress
#     to set the Java Heap base and to place the Java Heap above 4GB virtual address.
# This output file may be truncated or incomplete.
#
#  Out of Memory Error (arena.cpp:191), pid=2216, tid=7516
#
# JRE version: OpenJDK Runtime Environment Corretto-17.0.15.6.1 (17.0.15+6) (build 17.0.15+6-LTS)
# Java VM: OpenJDK 64-Bit Server VM Corretto-17.0.15.6.1 (17.0.15+6-LTS, mixed mode, sharing, tiered, compressed oops, compressed class ptrs, g1 gc, windows-amd64)
# No core dump will be written. Minidumps are not enabled by default on client versions of Windows
#

---------------  S U M M A R Y ------------

Command Line: --add-opens=java.base/java.lang=ALL-UNNAMED --add-opens=java.base/java.lang.invoke=ALL-UNNAMED --add-opens=java.base/java.util=ALL-UNNAMED --add-opens=java.prefs/java.util.prefs=ALL-UNNAMED --add-exports=jdk.compiler/com.sun.tools.javac.api=ALL-UNNAMED --add-exports=jdk.compiler/com.sun.tools.javac.util=ALL-UNNAMED --add-opens=java.base/java.util=ALL-UNNAMED --add-opens=java.prefs/java.util.prefs=ALL-UNNAMED --add-opens=java.base/java.nio.charset=ALL-UNNAMED --add-opens=java.base/java.net=ALL-UNNAMED --add-opens=java.base/java.util.concurrent.atomic=ALL-UNNAMED --add-opens=java.xml/javax.xml.namespace=ALL-UNNAMED -XX:MaxMetaspaceSize=384m -XX:+HeapDumpOnOutOfMemoryError -Xms256m -Xmx512m -Dfile.encoding=x-windows-949 -Duser.country=KR -Duser.language=ko -Duser.variant -javaagent:C:\gradle-8.14-all\gradle-8.14\lib\agents\gradle-instrumentation-agent-8.14.jar org.gradle.launcher.daemon.bootstrap.GradleDaemon 8.14

Host: Intel(R) Core(TM) i7-9700 CPU @ 3.00GHz, 8 cores, 31G,  Windows 11 , 64 bit Build 26100 (10.0.26100.3775)
Time: Mon May 19 10:31:51 2025  Windows 11 , 64 bit Build 26100 (10.0.26100.3775) elapsed time: 172.247141 seconds (0d 0h 2m 52s)

---------------  T H R E A D  ---------------

Current thread (0x00000154ff92dbd0):  JavaThread "C2 CompilerThread0" daemon [_thread_in_native, id=7516, stack(0x0000000a82200000,0x0000000a82300000)]


Current CompileTask:
C2: 172247 2944   !   4       java.net.URL::<init> (543 bytes)

Stack: [0x0000000a82200000,0x0000000a82300000]
Native frames: (J=compiled Java code, j=interpreted, Vv=VM code, C=native code)
V  [jvm.dll+0x681149]
V  [jvm.dll+0x838b5a]
V  [jvm.dll+0x83a61e]
V  [jvm.dll+0x83ac83]
V  [jvm.dll+0x24837f]
V  [jvm.dll+0xaca54]
V  [jvm.dll+0xad09c]
V  [jvm.dll+0xacb5b]
V  [jvm.dll+0x6d728c]
V  [jvm.dll+0x591277]
V  [jvm.dll+0x757862]
V  [jvm.dll+0x7568e7]
V  [jvm.dll+0x59b78b]
V  [jvm.dll+0x587e1a]
V  [jvm.dll+0x2231e2]
V  [jvm.dll+0x21c38f]
V  [jvm.dll+0x219bf1]
V  [jvm.dll+0x1a59fd]
V  [jvm.dll+0x229a5d]
V  [jvm.dll+0x227bec]
V  [jvm.dll+0x7eda37]
V  [jvm.dll+0x7e7f8c]
V  [jvm.dll+0x680017]
C  [ucrtbase.dll+0x37b0]
C  [KERNEL32.DLL+0x2e8d7]
C  [ntdll.dll+0xb14fc]


---------------  P R O C E S S  ---------------

Threads class SMR info:
_java_thread_list=0x000001549d1221c0, length=25, elements={
0x00000154e65601a0, 0x00000154ff908040, 0x00000154ff908b10, 0x00000154ff9251f0,
0x00000154ff927bd0, 0x00000154ff92b020, 0x00000154ff92c460, 0x00000154ff92dbd0,
0x00000154ff932550, 0x00000154ff9339d0, 0x00000154ff8f20a0, 0x00000154ffbe3430,
0x000001549c50cea0, 0x000001549b28c970, 0x000001549cae4900, 0x000001549bc921b0,
0x000001549bc8ea00, 0x000001549bc8f930, 0x000001549bc91790, 0x000001549bc91280,
0x000001549bc90860, 0x000001549bc91ca0, 0x000001549bc8ef10, 0x000001549bc8f420,
0x000001549bc8fe40
}

Java Threads: ( => current thread )
  0x00000154e65601a0 JavaThread "main" [_thread_blocked, id=8260, stack(0x0000000a81500000,0x0000000a81600000)]
  0x00000154ff908040 JavaThread "Reference Handler" daemon [_thread_blocked, id=9988, stack(0x0000000a81c00000,0x0000000a81d00000)]
  0x00000154ff908b10 JavaThread "Finalizer" daemon [_thread_blocked, id=18268, stack(0x0000000a81d00000,0x0000000a81e00000)]
  0x00000154ff9251f0 JavaThread "Signal Dispatcher" daemon [_thread_blocked, id=15148, stack(0x0000000a81e00000,0x0000000a81f00000)]
  0x00000154ff927bd0 JavaThread "Attach Listener" daemon [_thread_blocked, id=8776, stack(0x0000000a81f00000,0x0000000a82000000)]
  0x00000154ff92b020 JavaThread "Service Thread" daemon [_thread_blocked, id=13636, stack(0x0000000a82000000,0x0000000a82100000)]
  0x00000154ff92c460 JavaThread "Monitor Deflation Thread" daemon [_thread_blocked, id=17708, stack(0x0000000a82100000,0x0000000a82200000)]
=>0x00000154ff92dbd0 JavaThread "C2 CompilerThread0" daemon [_thread_in_native, id=7516, stack(0x0000000a82200000,0x0000000a82300000)]
  0x00000154ff932550 JavaThread "C1 CompilerThread0" daemon [_thread_blocked, id=10372, stack(0x0000000a82300000,0x0000000a82400000)]
  0x00000154ff9339d0 JavaThread "Sweeper thread" daemon [_thread_blocked, id=17412, stack(0x0000000a82400000,0x0000000a82500000)]
  0x00000154ff8f20a0 JavaThread "Common-Cleaner" daemon [_thread_blocked, id=4016, stack(0x0000000a82500000,0x0000000a82600000)]
  0x00000154ffbe3430 JavaThread "Notification Thread" daemon [_thread_blocked, id=9804, stack(0x0000000a82600000,0x0000000a82700000)]
  0x000001549c50cea0 JavaThread "Daemon health stats" [_thread_blocked, id=1208, stack(0x0000000a82900000,0x0000000a82a00000)]
  0x000001549b28c970 JavaThread "Incoming local TCP Connector on port 54960" [_thread_in_native, id=17976, stack(0x0000000a83100000,0x0000000a83200000)]
  0x000001549cae4900 JavaThread "Daemon periodic checks" [_thread_blocked, id=13792, stack(0x0000000a83200000,0x0000000a83300000)]
  0x000001549bc921b0 JavaThread "Cache worker for journal cache (C:\Users\SSAFY\.gradle\caches\journal-1)" [_thread_blocked, id=660, stack(0x0000000a83a00000,0x0000000a83b00000)]
  0x000001549bc8ea00 JavaThread "File lock request listener" [_thread_in_native, id=13268, stack(0x0000000a83b00000,0x0000000a83c00000)]
  0x000001549bc8f930 JavaThread "Cache worker for file hash cache (C:\Users\SSAFY\.gradle\caches\8.14\fileHashes)" [_thread_blocked, id=12756, stack(0x0000000a83c00000,0x0000000a83d00000)]
  0x000001549bc91790 JavaThread "Daemon Thread 2" [_thread_blocked, id=8848, stack(0x0000000a81200000,0x0000000a81300000)]
  0x000001549bc91280 JavaThread "Handler for socket connection from /127.0.0.1:54960 to /127.0.0.1:55016" [_thread_in_native, id=14260, stack(0x0000000a81300000,0x0000000a81400000)]
  0x000001549bc90860 JavaThread "Cancel handler" [_thread_blocked, id=9996, stack(0x0000000a81400000,0x0000000a81500000)]
  0x000001549bc91ca0 JavaThread "Daemon worker Thread 2" [_thread_in_vm, id=18364, stack(0x0000000a82800000,0x0000000a82900000)]
  0x000001549bc8ef10 JavaThread "Asynchronous log dispatcher for DefaultDaemonConnection: socket connection from /127.0.0.1:54960 to /127.0.0.1:55016" [_thread_blocked, id=15816, stack(0x0000000a83300000,0x0000000a83400000)]
  0x000001549bc8f420 JavaThread "Stdin handler" [_thread_blocked, id=7076, stack(0x0000000a83400000,0x0000000a83500000)]
  0x000001549bc8fe40 JavaThread "Daemon client event forwarder" [_thread_blocked, id=7912, stack(0x0000000a83500000,0x0000000a83600000)]

Other Threads:
  0x00000154ff9013d0 VMThread "VM Thread" [stack: 0x0000000a81b00000,0x0000000a81c00000] [id=4136]
  0x00000154ffb73cc0 WatcherThread [stack: 0x0000000a82700000,0x0000000a82800000] [id=9928]
  0x00000154e658d920 GCTaskThread "GC Thread#0" [stack: 0x0000000a81600000,0x0000000a81700000] [id=11736]
  0x000001549b0b87f0 GCTaskThread "GC Thread#1" [stack: 0x0000000a82a00000,0x0000000a82b00000] [id=3452]
  0x000001549b0b8ab0 GCTaskThread "GC Thread#2" [stack: 0x0000000a82b00000,0x0000000a82c00000] [id=4276]
  0x000001549b0b8d70 GCTaskThread "GC Thread#3" [stack: 0x0000000a82c00000,0x0000000a82d00000] [id=18220]
  0x000001549b0b9030 GCTaskThread "GC Thread#4" [stack: 0x0000000a82d00000,0x0000000a82e00000] [id=1052]
  0x000001549b165980 GCTaskThread "GC Thread#5" [stack: 0x0000000a82e00000,0x0000000a82f00000] [id=11740]
  0x000001549c05eab0 GCTaskThread "GC Thread#6" [stack: 0x0000000a82f00000,0x0000000a83000000] [id=14024]
  0x000001549c05e270 GCTaskThread "GC Thread#7" [stack: 0x0000000a83000000,0x0000000a83100000] [id=12560]
  0x00000154e6592780 ConcurrentGCThread "G1 Main Marker" [stack: 0x0000000a81700000,0x0000000a81800000] [id=16408]
  0x00000154e4c6a130 ConcurrentGCThread "G1 Conc#0" [stack: 0x0000000a81800000,0x0000000a81900000] [id=3920]
  0x00000154ff7c0140 ConcurrentGCThread "G1 Refine#0" [stack: 0x0000000a81900000,0x0000000a81a00000] [id=9084]
  0x00000154ff7c0a80 ConcurrentGCThread "G1 Service" [stack: 0x0000000a81a00000,0x0000000a81b00000] [id=3772]

Threads with active compile tasks:
C2 CompilerThread0   172270 2944   !   4       java.net.URL::<init> (543 bytes)

VM state: not at safepoint (normal execution)

VM Mutex/Monitor currently owned by a thread: None

Heap address: 0x00000000e0000000, size: 512 MB, Compressed Oops mode: 32-bit

CDS archive(s) mapped at: [0x0000015482000000-0x0000015482bb0000-0x0000015482bb0000), size 12255232, SharedBaseAddress: 0x0000015482000000, ArchiveRelocationMode: 1.
Compressed class space mapped at: 0x0000015483000000-0x0000015497000000, reserved size: 335544320
Narrow klass base: 0x0000015482000000, Narrow klass shift: 0, Narrow klass range: 0x100000000

GC Precious Log:
 CPUs: 8 total, 8 available
 Memory: 32702M
 Large Page Support: Disabled
 NUMA Support: Disabled
 Compressed Oops: Enabled (32-bit)
 Heap Region Size: 1M
 Heap Min Capacity: 256M
 Heap Initial Capacity: 256M
 Heap Max Capacity: 512M
 Pre-touch: Disabled
 Parallel Workers: 8
 Concurrent Workers: 2
 Concurrent Refinement Workers: 8
 Periodic GC: Disabled

Heap:
 garbage-first heap   total 262144K, used 108790K [0x00000000e0000000, 0x0000000100000000)
  region size 1024K, 96 young (98304K), 7 survivors (7168K)
 Metaspace       used 20552K, committed 20864K, reserved 393216K
  class space    used 2954K, committed 3136K, reserved 327680K

Heap Regions: E=young(eden), S=young(survivor), O=old, HS=humongous(starts), HC=humongous(continues), CS=collection set, F=free, OA=open archive, CA=closed archive, TAMS=top-at-mark-start (previous, next)
|   0|0x00000000e0000000, 0x00000000e0100000, 0x00000000e0100000|100%| O|  |TAMS 0x00000000e0000000, 0x00000000e0000000| Untracked 
|   1|0x00000000e0100000, 0x00000000e0200000, 0x00000000e0200000|100%| O|  |TAMS 0x00000000e0100000, 0x00000000e0100000| Untracked 
|   2|0x00000000e0200000, 0x00000000e0300000, 0x00000000e0300000|100%| O|  |TAMS 0x00000000e0200000, 0x00000000e0200000| Untracked 
|   3|0x00000000e0300000, 0x00000000e0400000, 0x00000000e0400000|100%|HS|  |TAMS 0x00000000e0300000, 0x00000000e0300000| Complete 
|   4|0x00000000e0400000, 0x00000000e0500000, 0x00000000e0500000|100%|HC|  |TAMS 0x00000000e0400000, 0x00000000e0400000| Complete 
|   5|0x00000000e0500000, 0x00000000e0600000, 0x00000000e0600000|100%|HC|  |TAMS 0x00000000e0500000, 0x00000000e0500000| Complete 
|   6|0x00000000e0600000, 0x00000000e0700000, 0x00000000e0700000|100%| O|  |TAMS 0x00000000e0600000, 0x00000000e0600000| Untracked 
|   7|0x00000000e0700000, 0x00000000e0800000, 0x00000000e0800000|100%| O|  |TAMS 0x00000000e0700000, 0x00000000e0700000| Untracked 
|   8|0x00000000e0800000, 0x00000000e0900000, 0x00000000e0900000|100%| O|  |TAMS 0x00000000e0800000, 0x00000000e0800000| Untracked 
|   9|0x00000000e0900000, 0x00000000e0a00000, 0x00000000e0a00000|100%|HS|  |TAMS 0x00000000e0900000, 0x00000000e0900000| Complete 
|  10|0x00000000e0a00000, 0x00000000e0a00000, 0x00000000e0b00000|  0%| F|  |TAMS 0x00000000e0a00000, 0x00000000e0a00000| Untracked 
|  11|0x00000000e0b00000, 0x00000000e0c00000, 0x00000000e0c00000|100%| O|  |TAMS 0x00000000e0b00000, 0x00000000e0b00000| Untracked 
|  12|0x00000000e0c00000, 0x00000000e0c3da00, 0x00000000e0d00000| 24%| O|  |TAMS 0x00000000e0c00000, 0x00000000e0c00000| Untracked 
|  13|0x00000000e0d00000, 0x00000000e0d00000, 0x00000000e0e00000|  0%| F|  |TAMS 0x00000000e0d00000, 0x00000000e0d00000| Untracked 
|  14|0x00000000e0e00000, 0x00000000e0e00000, 0x00000000e0f00000|  0%| F|  |TAMS 0x00000000e0e00000, 0x00000000e0e00000| Untracked 
|  15|0x00000000e0f00000, 0x00000000e0f00000, 0x00000000e1000000|  0%| F|  |TAMS 0x00000000e0f00000, 0x00000000e0f00000| Untracked 
|  16|0x00000000e1000000, 0x00000000e1000000, 0x00000000e1100000|  0%| F|  |TAMS 0x00000000e1000000, 0x00000000e1000000| Untracked 
|  17|0x00000000e1100000, 0x00000000e1100000, 0x00000000e1200000|  0%| F|  |TAMS 0x00000000e1100000, 0x00000000e1100000| Untracked 
|  18|0x00000000e1200000, 0x00000000e1200000, 0x00000000e1300000|  0%| F|  |TAMS 0x00000000e1200000, 0x00000000e1200000| Untracked 
|  19|0x00000000e1300000, 0x00000000e1300000, 0x00000000e1400000|  0%| F|  |TAMS 0x00000000e1300000, 0x00000000e1300000| Untracked 
|  20|0x00000000e1400000, 0x00000000e1400000, 0x00000000e1500000|  0%| F|  |TAMS 0x00000000e1400000, 0x00000000e1400000| Untracked 
|  21|0x00000000e1500000, 0x00000000e1500000, 0x00000000e1600000|  0%| F|  |TAMS 0x00000000e1500000, 0x00000000e1500000| Untracked 
|  22|0x00000000e1600000, 0x00000000e1600000, 0x00000000e1700000|  0%| F|  |TAMS 0x00000000e1600000, 0x00000000e1600000| Untracked 
|  23|0x00000000e1700000, 0x00000000e1700000, 0x00000000e1800000|  0%| F|  |TAMS 0x00000000e1700000, 0x00000000e1700000| Untracked 
|  24|0x00000000e1800000, 0x00000000e1800000, 0x00000000e1900000|  0%| F|  |TAMS 0x00000000e1800000, 0x00000000e1800000| Untracked 
|  25|0x00000000e1900000, 0x00000000e1900000, 0x00000000e1a00000|  0%| F|  |TAMS 0x00000000e1900000, 0x00000000e1900000| Untracked 
|  26|0x00000000e1a00000, 0x00000000e1a00000, 0x00000000e1b00000|  0%| F|  |TAMS 0x00000000e1a00000, 0x00000000e1a00000| Untracked 
|  27|0x00000000e1b00000, 0x00000000e1b00000, 0x00000000e1c00000|  0%| F|  |TAMS 0x00000000e1b00000, 0x00000000e1b00000| Untracked 
|  28|0x00000000e1c00000, 0x00000000e1c00000, 0x00000000e1d00000|  0%| F|  |TAMS 0x00000000e1c00000, 0x00000000e1c00000| Untracked 
|  29|0x00000000e1d00000, 0x00000000e1d00000, 0x00000000e1e00000|  0%| F|  |TAMS 0x00000000e1d00000, 0x00000000e1d00000| Untracked 
|  30|0x00000000e1e00000, 0x00000000e1e00000, 0x00000000e1f00000|  0%| F|  |TAMS 0x00000000e1e00000, 0x00000000e1e00000| Untracked 
|  31|0x00000000e1f00000, 0x00000000e1f00000, 0x00000000e2000000|  0%| F|  |TAMS 0x00000000e1f00000, 0x00000000e1f00000| Untracked 
|  32|0x00000000e2000000, 0x00000000e2000000, 0x00000000e2100000|  0%| F|  |TAMS 0x00000000e2000000, 0x00000000e2000000| Untracked 
|  33|0x00000000e2100000, 0x00000000e2100000, 0x00000000e2200000|  0%| F|  |TAMS 0x00000000e2100000, 0x00000000e2100000| Untracked 
|  34|0x00000000e2200000, 0x00000000e2200000, 0x00000000e2300000|  0%| F|  |TAMS 0x00000000e2200000, 0x00000000e2200000| Untracked 
|  35|0x00000000e2300000, 0x00000000e2300000, 0x00000000e2400000|  0%| F|  |TAMS 0x00000000e2300000, 0x00000000e2300000| Untracked 
|  36|0x00000000e2400000, 0x00000000e2400000, 0x00000000e2500000|  0%| F|  |TAMS 0x00000000e2400000, 0x00000000e2400000| Untracked 
|  37|0x00000000e2500000, 0x00000000e2500000, 0x00000000e2600000|  0%| F|  |TAMS 0x00000000e2500000, 0x00000000e2500000| Untracked 
|  38|0x00000000e2600000, 0x00000000e2600000, 0x00000000e2700000|  0%| F|  |TAMS 0x00000000e2600000, 0x00000000e2600000| Untracked 
|  39|0x00000000e2700000, 0x00000000e2700000, 0x00000000e2800000|  0%| F|  |TAMS 0x00000000e2700000, 0x00000000e2700000| Untracked 
|  40|0x00000000e2800000, 0x00000000e2800000, 0x00000000e2900000|  0%| F|  |TAMS 0x00000000e2800000, 0x00000000e2800000| Untracked 
|  41|0x00000000e2900000, 0x00000000e2900000, 0x00000000e2a00000|  0%| F|  |TAMS 0x00000000e2900000, 0x00000000e2900000| Untracked 
|  42|0x00000000e2a00000, 0x00000000e2a00000, 0x00000000e2b00000|  0%| F|  |TAMS 0x00000000e2a00000, 0x00000000e2a00000| Untracked 
|  43|0x00000000e2b00000, 0x00000000e2b00000, 0x00000000e2c00000|  0%| F|  |TAMS 0x00000000e2b00000, 0x00000000e2b00000| Untracked 
|  44|0x00000000e2c00000, 0x00000000e2c00000, 0x00000000e2d00000|  0%| F|  |TAMS 0x00000000e2c00000, 0x00000000e2c00000| Untracked 
|  45|0x00000000e2d00000, 0x00000000e2d00000, 0x00000000e2e00000|  0%| F|  |TAMS 0x00000000e2d00000, 0x00000000e2d00000| Untracked 
|  46|0x00000000e2e00000, 0x00000000e2e00000, 0x00000000e2f00000|  0%| F|  |TAMS 0x00000000e2e00000, 0x00000000e2e00000| Untracked 
|  47|0x00000000e2f00000, 0x00000000e2f00000, 0x00000000e3000000|  0%| F|  |TAMS 0x00000000e2f00000, 0x00000000e2f00000| Untracked 
|  48|0x00000000e3000000, 0x00000000e3000000, 0x00000000e3100000|  0%| F|  |TAMS 0x00000000e3000000, 0x00000000e3000000| Untracked 
|  49|0x00000000e3100000, 0x00000000e3100000, 0x00000000e3200000|  0%| F|  |TAMS 0x00000000e3100000, 0x00000000e3100000| Untracked 
|  50|0x00000000e3200000, 0x00000000e3200000, 0x00000000e3300000|  0%| F|  |TAMS 0x00000000e3200000, 0x00000000e3200000| Untracked 
|  51|0x00000000e3300000, 0x00000000e3300000, 0x00000000e3400000|  0%| F|  |TAMS 0x00000000e3300000, 0x00000000e3300000| Untracked 
|  52|0x00000000e3400000, 0x00000000e3400000, 0x00000000e3500000|  0%| F|  |TAMS 0x00000000e3400000, 0x00000000e3400000| Untracked 
|  53|0x00000000e3500000, 0x00000000e3500000, 0x00000000e3600000|  0%| F|  |TAMS 0x00000000e3500000, 0x00000000e3500000| Untracked 
|  54|0x00000000e3600000, 0x00000000e3600000, 0x00000000e3700000|  0%| F|  |TAMS 0x00000000e3600000, 0x00000000e3600000| Untracked 
|  55|0x00000000e3700000, 0x00000000e3700000, 0x00000000e3800000|  0%| F|  |TAMS 0x00000000e3700000, 0x00000000e3700000| Untracked 
|  56|0x00000000e3800000, 0x00000000e3800000, 0x00000000e3900000|  0%| F|  |TAMS 0x00000000e3800000, 0x00000000e3800000| Untracked 
|  57|0x00000000e3900000, 0x00000000e3900000, 0x00000000e3a00000|  0%| F|  |TAMS 0x00000000e3900000, 0x00000000e3900000| Untracked 
|  58|0x00000000e3a00000, 0x00000000e3a00000, 0x00000000e3b00000|  0%| F|  |TAMS 0x00000000e3a00000, 0x00000000e3a00000| Untracked 
|  59|0x00000000e3b00000, 0x00000000e3b00000, 0x00000000e3c00000|  0%| F|  |TAMS 0x00000000e3b00000, 0x00000000e3b00000| Untracked 
|  60|0x00000000e3c00000, 0x00000000e3c00000, 0x00000000e3d00000|  0%| F|  |TAMS 0x00000000e3c00000, 0x00000000e3c00000| Untracked 
|  61|0x00000000e3d00000, 0x00000000e3d00000, 0x00000000e3e00000|  0%| F|  |TAMS 0x00000000e3d00000, 0x00000000e3d00000| Untracked 
|  62|0x00000000e3e00000, 0x00000000e3e00000, 0x00000000e3f00000|  0%| F|  |TAMS 0x00000000e3e00000, 0x00000000e3e00000| Untracked 
|  63|0x00000000e3f00000, 0x00000000e3f00000, 0x00000000e4000000|  0%| F|  |TAMS 0x00000000e3f00000, 0x00000000e3f00000| Untracked 
|  64|0x00000000e4000000, 0x00000000e4000000, 0x00000000e4100000|  0%| F|  |TAMS 0x00000000e4000000, 0x00000000e4000000| Untracked 
|  65|0x00000000e4100000, 0x00000000e4100000, 0x00000000e4200000|  0%| F|  |TAMS 0x00000000e4100000, 0x00000000e4100000| Untracked 
|  66|0x00000000e4200000, 0x00000000e4200000, 0x00000000e4300000|  0%| F|  |TAMS 0x00000000e4200000, 0x00000000e4200000| Untracked 
|  67|0x00000000e4300000, 0x00000000e4300000, 0x00000000e4400000|  0%| F|  |TAMS 0x00000000e4300000, 0x00000000e4300000| Untracked 
|  68|0x00000000e4400000, 0x00000000e4400000, 0x00000000e4500000|  0%| F|  |TAMS 0x00000000e4400000, 0x00000000e4400000| Untracked 
|  69|0x00000000e4500000, 0x00000000e4500000, 0x00000000e4600000|  0%| F|  |TAMS 0x00000000e4500000, 0x00000000e4500000| Untracked 
|  70|0x00000000e4600000, 0x00000000e4600000, 0x00000000e4700000|  0%| F|  |TAMS 0x00000000e4600000, 0x00000000e4600000| Untracked 
|  71|0x00000000e4700000, 0x00000000e4700000, 0x00000000e4800000|  0%| F|  |TAMS 0x00000000e4700000, 0x00000000e4700000| Untracked 
|  72|0x00000000e4800000, 0x00000000e4800000, 0x00000000e4900000|  0%| F|  |TAMS 0x00000000e4800000, 0x00000000e4800000| Untracked 
|  73|0x00000000e4900000, 0x00000000e4900000, 0x00000000e4a00000|  0%| F|  |TAMS 0x00000000e4900000, 0x00000000e4900000| Untracked 
|  74|0x00000000e4a00000, 0x00000000e4a00000, 0x00000000e4b00000|  0%| F|  |TAMS 0x00000000e4a00000, 0x00000000e4a00000| Untracked 
|  75|0x00000000e4b00000, 0x00000000e4b00000, 0x00000000e4c00000|  0%| F|  |TAMS 0x00000000e4b00000, 0x00000000e4b00000| Untracked 
|  76|0x00000000e4c00000, 0x00000000e4c00000, 0x00000000e4d00000|  0%| F|  |TAMS 0x00000000e4c00000, 0x00000000e4c00000| Untracked 
|  77|0x00000000e4d00000, 0x00000000e4d00000, 0x00000000e4e00000|  0%| F|  |TAMS 0x00000000e4d00000, 0x00000000e4d00000| Untracked 
|  78|0x00000000e4e00000, 0x00000000e4e00000, 0x00000000e4f00000|  0%| F|  |TAMS 0x00000000e4e00000, 0x00000000e4e00000| Untracked 
|  79|0x00000000e4f00000, 0x00000000e4f00000, 0x00000000e5000000|  0%| F|  |TAMS 0x00000000e4f00000, 0x00000000e4f00000| Untracked 
|  80|0x00000000e5000000, 0x00000000e5000000, 0x00000000e5100000|  0%| F|  |TAMS 0x00000000e5000000, 0x00000000e5000000| Untracked 
|  81|0x00000000e5100000, 0x00000000e5100000, 0x00000000e5200000|  0%| F|  |TAMS 0x00000000e5100000, 0x00000000e5100000| Untracked 
|  82|0x00000000e5200000, 0x00000000e5200000, 0x00000000e5300000|  0%| F|  |TAMS 0x00000000e5200000, 0x00000000e5200000| Untracked 
|  83|0x00000000e5300000, 0x00000000e5300000, 0x00000000e5400000|  0%| F|  |TAMS 0x00000000e5300000, 0x00000000e5300000| Untracked 
|  84|0x00000000e5400000, 0x00000000e5400000, 0x00000000e5500000|  0%| F|  |TAMS 0x00000000e5400000, 0x00000000e5400000| Untracked 
|  85|0x00000000e5500000, 0x00000000e5500000, 0x00000000e5600000|  0%| F|  |TAMS 0x00000000e5500000, 0x00000000e5500000| Untracked 
|  86|0x00000000e5600000, 0x00000000e5600000, 0x00000000e5700000|  0%| F|  |TAMS 0x00000000e5600000, 0x00000000e5600000| Untracked 
|  87|0x00000000e5700000, 0x00000000e5700000, 0x00000000e5800000|  0%| F|  |TAMS 0x00000000e5700000, 0x00000000e5700000| Untracked 
|  88|0x00000000e5800000, 0x00000000e5800000, 0x00000000e5900000|  0%| F|  |TAMS 0x00000000e5800000, 0x00000000e5800000| Untracked 
|  89|0x00000000e5900000, 0x00000000e5900000, 0x00000000e5a00000|  0%| F|  |TAMS 0x00000000e5900000, 0x00000000e5900000| Untracked 
|  90|0x00000000e5a00000, 0x00000000e5a00000, 0x00000000e5b00000|  0%| F|  |TAMS 0x00000000e5a00000, 0x00000000e5a00000| Untracked 
|  91|0x00000000e5b00000, 0x00000000e5b00000, 0x00000000e5c00000|  0%| F|  |TAMS 0x00000000e5b00000, 0x00000000e5b00000| Untracked 
|  92|0x00000000e5c00000, 0x00000000e5c00000, 0x00000000e5d00000|  0%| F|  |TAMS 0x00000000e5c00000, 0x00000000e5c00000| Untracked 
|  93|0x00000000e5d00000, 0x00000000e5d00000, 0x00000000e5e00000|  0%| F|  |TAMS 0x00000000e5d00000, 0x00000000e5d00000| Untracked 
|  94|0x00000000e5e00000, 0x00000000e5e00000, 0x00000000e5f00000|  0%| F|  |TAMS 0x00000000e5e00000, 0x00000000e5e00000| Untracked 
|  95|0x00000000e5f00000, 0x00000000e5f00000, 0x00000000e6000000|  0%| F|  |TAMS 0x00000000e5f00000, 0x00000000e5f00000| Untracked 
|  96|0x00000000e6000000, 0x00000000e6000000, 0x00000000e6100000|  0%| F|  |TAMS 0x00000000e6000000, 0x00000000e6000000| Untracked 
|  97|0x00000000e6100000, 0x00000000e6100000, 0x00000000e6200000|  0%| F|  |TAMS 0x00000000e6100000, 0x00000000e6100000| Untracked 
|  98|0x00000000e6200000, 0x00000000e6200000, 0x00000000e6300000|  0%| F|  |TAMS 0x00000000e6200000, 0x00000000e6200000| Untracked 
|  99|0x00000000e6300000, 0x00000000e6300000, 0x00000000e6400000|  0%| F|  |TAMS 0x00000000e6300000, 0x00000000e6300000| Untracked 
| 100|0x00000000e6400000, 0x00000000e6400000, 0x00000000e6500000|  0%| F|  |TAMS 0x00000000e6400000, 0x00000000e6400000| Untracked 
| 101|0x00000000e6500000, 0x00000000e6500000, 0x00000000e6600000|  0%| F|  |TAMS 0x00000000e6500000, 0x00000000e6500000| Untracked 
| 102|0x00000000e6600000, 0x00000000e6600000, 0x00000000e6700000|  0%| F|  |TAMS 0x00000000e6600000, 0x00000000e6600000| Untracked 
| 103|0x00000000e6700000, 0x00000000e6700000, 0x00000000e6800000|  0%| F|  |TAMS 0x00000000e6700000, 0x00000000e6700000| Untracked 
| 104|0x00000000e6800000, 0x00000000e6800000, 0x00000000e6900000|  0%| F|  |TAMS 0x00000000e6800000, 0x00000000e6800000| Untracked 
| 105|0x00000000e6900000, 0x00000000e6900000, 0x00000000e6a00000|  0%| F|  |TAMS 0x00000000e6900000, 0x00000000e6900000| Untracked 
| 106|0x00000000e6a00000, 0x00000000e6a00000, 0x00000000e6b00000|  0%| F|  |TAMS 0x00000000e6a00000, 0x00000000e6a00000| Untracked 
| 107|0x00000000e6b00000, 0x00000000e6b00000, 0x00000000e6c00000|  0%| F|  |TAMS 0x00000000e6b00000, 0x00000000e6b00000| Untracked 
| 108|0x00000000e6c00000, 0x00000000e6c00000, 0x00000000e6d00000|  0%| F|  |TAMS 0x00000000e6c00000, 0x00000000e6c00000| Untracked 
| 109|0x00000000e6d00000, 0x00000000e6d00000, 0x00000000e6e00000|  0%| F|  |TAMS 0x00000000e6d00000, 0x00000000e6d00000| Untracked 
| 110|0x00000000e6e00000, 0x00000000e6e00000, 0x00000000e6f00000|  0%| F|  |TAMS 0x00000000e6e00000, 0x00000000e6e00000| Untracked 
| 111|0x00000000e6f00000, 0x00000000e6f00000, 0x00000000e7000000|  0%| F|  |TAMS 0x00000000e6f00000, 0x00000000e6f00000| Untracked 
| 112|0x00000000e7000000, 0x00000000e7000000, 0x00000000e7100000|  0%| F|  |TAMS 0x00000000e7000000, 0x00000000e7000000| Untracked 
| 113|0x00000000e7100000, 0x00000000e7100000, 0x00000000e7200000|  0%| F|  |TAMS 0x00000000e7100000, 0x00000000e7100000| Untracked 
| 114|0x00000000e7200000, 0x00000000e7200000, 0x00000000e7300000|  0%| F|  |TAMS 0x00000000e7200000, 0x00000000e7200000| Untracked 
| 115|0x00000000e7300000, 0x00000000e7300000, 0x00000000e7400000|  0%| F|  |TAMS 0x00000000e7300000, 0x00000000e7300000| Untracked 
| 116|0x00000000e7400000, 0x00000000e7400000, 0x00000000e7500000|  0%| F|  |TAMS 0x00000000e7400000, 0x00000000e7400000| Untracked 
| 117|0x00000000e7500000, 0x00000000e7500000, 0x00000000e7600000|  0%| F|  |TAMS 0x00000000e7500000, 0x00000000e7500000| Untracked 
| 118|0x00000000e7600000, 0x00000000e7600000, 0x00000000e7700000|  0%| F|  |TAMS 0x00000000e7600000, 0x00000000e7600000| Untracked 
| 119|0x00000000e7700000, 0x00000000e7700000, 0x00000000e7800000|  0%| F|  |TAMS 0x00000000e7700000, 0x00000000e7700000| Untracked 
| 120|0x00000000e7800000, 0x00000000e7800000, 0x00000000e7900000|  0%| F|  |TAMS 0x00000000e7800000, 0x00000000e7800000| Untracked 
| 121|0x00000000e7900000, 0x00000000e7900000, 0x00000000e7a00000|  0%| F|  |TAMS 0x00000000e7900000, 0x00000000e7900000| Untracked 
| 122|0x00000000e7a00000, 0x00000000e7a00000, 0x00000000e7b00000|  0%| F|  |TAMS 0x00000000e7a00000, 0x00000000e7a00000| Untracked 
| 123|0x00000000e7b00000, 0x00000000e7b00000, 0x00000000e7c00000|  0%| F|  |TAMS 0x00000000e7b00000, 0x00000000e7b00000| Untracked 
| 124|0x00000000e7c00000, 0x00000000e7c00000, 0x00000000e7d00000|  0%| F|  |TAMS 0x00000000e7c00000, 0x00000000e7c00000| Untracked 
| 125|0x00000000e7d00000, 0x00000000e7d00000, 0x00000000e7e00000|  0%| F|  |TAMS 0x00000000e7d00000, 0x00000000e7d00000| Untracked 
| 126|0x00000000e7e00000, 0x00000000e7e00000, 0x00000000e7f00000|  0%| F|  |TAMS 0x00000000e7e00000, 0x00000000e7e00000| Untracked 
| 127|0x00000000e7f00000, 0x00000000e7f00000, 0x00000000e8000000|  0%| F|  |TAMS 0x00000000e7f00000, 0x00000000e7f00000| Untracked 
| 128|0x00000000e8000000, 0x00000000e8000000, 0x00000000e8100000|  0%| F|  |TAMS 0x00000000e8000000, 0x00000000e8000000| Untracked 
| 129|0x00000000e8100000, 0x00000000e8100000, 0x00000000e8200000|  0%| F|  |TAMS 0x00000000e8100000, 0x00000000e8100000| Untracked 
| 130|0x00000000e8200000, 0x00000000e8200000, 0x00000000e8300000|  0%| F|  |TAMS 0x00000000e8200000, 0x00000000e8200000| Untracked 
| 131|0x00000000e8300000, 0x00000000e8300000, 0x00000000e8400000|  0%| F|  |TAMS 0x00000000e8300000, 0x00000000e8300000| Untracked 
| 132|0x00000000e8400000, 0x00000000e8400000, 0x00000000e8500000|  0%| F|  |TAMS 0x00000000e8400000, 0x00000000e8400000| Untracked 
| 133|0x00000000e8500000, 0x00000000e8500000, 0x00000000e8600000|  0%| F|  |TAMS 0x00000000e8500000, 0x00000000e8500000| Untracked 
| 134|0x00000000e8600000, 0x00000000e8600000, 0x00000000e8700000|  0%| F|  |TAMS 0x00000000e8600000, 0x00000000e8600000| Untracked 
| 135|0x00000000e8700000, 0x00000000e8700000, 0x00000000e8800000|  0%| F|  |TAMS 0x00000000e8700000, 0x00000000e8700000| Untracked 
| 136|0x00000000e8800000, 0x00000000e8800000, 0x00000000e8900000|  0%| F|  |TAMS 0x00000000e8800000, 0x00000000e8800000| Untracked 
| 137|0x00000000e8900000, 0x00000000e8900000, 0x00000000e8a00000|  0%| F|  |TAMS 0x00000000e8900000, 0x00000000e8900000| Untracked 
| 138|0x00000000e8a00000, 0x00000000e8a00000, 0x00000000e8b00000|  0%| F|  |TAMS 0x00000000e8a00000, 0x00000000e8a00000| Untracked 
| 139|0x00000000e8b00000, 0x00000000e8b00000, 0x00000000e8c00000|  0%| F|  |TAMS 0x00000000e8b00000, 0x00000000e8b00000| Untracked 
| 140|0x00000000e8c00000, 0x00000000e8c00000, 0x00000000e8d00000|  0%| F|  |TAMS 0x00000000e8c00000, 0x00000000e8c00000| Untracked 
| 141|0x00000000e8d00000, 0x00000000e8d00000, 0x00000000e8e00000|  0%| F|  |TAMS 0x00000000e8d00000, 0x00000000e8d00000| Untracked 
| 142|0x00000000e8e00000, 0x00000000e8e00000, 0x00000000e8f00000|  0%| F|  |TAMS 0x00000000e8e00000, 0x00000000e8e00000| Untracked 
| 143|0x00000000e8f00000, 0x00000000e8f00000, 0x00000000e9000000|  0%| F|  |TAMS 0x00000000e8f00000, 0x00000000e8f00000| Untracked 
| 144|0x00000000e9000000, 0x00000000e9000000, 0x00000000e9100000|  0%| F|  |TAMS 0x00000000e9000000, 0x00000000e9000000| Untracked 
| 145|0x00000000e9100000, 0x00000000e9100000, 0x00000000e9200000|  0%| F|  |TAMS 0x00000000e9100000, 0x00000000e9100000| Untracked 
| 146|0x00000000e9200000, 0x00000000e9200000, 0x00000000e9300000|  0%| F|  |TAMS 0x00000000e9200000, 0x00000000e9200000| Untracked 
| 147|0x00000000e9300000, 0x00000000e9300000, 0x00000000e9400000|  0%| F|  |TAMS 0x00000000e9300000, 0x00000000e9300000| Untracked 
| 148|0x00000000e9400000, 0x00000000e9400000, 0x00000000e9500000|  0%| F|  |TAMS 0x00000000e9400000, 0x00000000e9400000| Untracked 
| 149|0x00000000e9500000, 0x00000000e9500000, 0x00000000e9600000|  0%| F|  |TAMS 0x00000000e9500000, 0x00000000e9500000| Untracked 
| 150|0x00000000e9600000, 0x00000000e9600000, 0x00000000e9700000|  0%| F|  |TAMS 0x00000000e9600000, 0x00000000e9600000| Untracked 
| 151|0x00000000e9700000, 0x00000000e9700000, 0x00000000e9800000|  0%| F|  |TAMS 0x00000000e9700000, 0x00000000e9700000| Untracked 
| 152|0x00000000e9800000, 0x00000000e9800000, 0x00000000e9900000|  0%| F|  |TAMS 0x00000000e9800000, 0x00000000e9800000| Untracked 
| 153|0x00000000e9900000, 0x00000000e9900000, 0x00000000e9a00000|  0%| F|  |TAMS 0x00000000e9900000, 0x00000000e9900000| Untracked 
| 154|0x00000000e9a00000, 0x00000000e9a00000, 0x00000000e9b00000|  0%| F|  |TAMS 0x00000000e9a00000, 0x00000000e9a00000| Untracked 
| 155|0x00000000e9b00000, 0x00000000e9b00000, 0x00000000e9c00000|  0%| F|  |TAMS 0x00000000e9b00000, 0x00000000e9b00000| Untracked 
| 156|0x00000000e9c00000, 0x00000000e9c00000, 0x00000000e9d00000|  0%| F|  |TAMS 0x00000000e9c00000, 0x00000000e9c00000| Untracked 
| 157|0x00000000e9d00000, 0x00000000e9d00000, 0x00000000e9e00000|  0%| F|  |TAMS 0x00000000e9d00000, 0x00000000e9d00000| Untracked 
| 158|0x00000000e9e00000, 0x00000000e9e00000, 0x00000000e9f00000|  0%| F|  |TAMS 0x00000000e9e00000, 0x00000000e9e00000| Untracked 
| 159|0x00000000e9f00000, 0x00000000e9f00000, 0x00000000ea000000|  0%| F|  |TAMS 0x00000000e9f00000, 0x00000000e9f00000| Untracked 
| 160|0x00000000ea000000, 0x00000000ea100000, 0x00000000ea100000|100%| E|  |TAMS 0x00000000ea000000, 0x00000000ea000000| Complete 
| 161|0x00000000ea100000, 0x00000000ea200000, 0x00000000ea200000|100%| E|CS|TAMS 0x00000000ea100000, 0x00000000ea100000| Complete 
| 162|0x00000000ea200000, 0x00000000ea300000, 0x00000000ea300000|100%| E|CS|TAMS 0x00000000ea200000, 0x00000000ea200000| Complete 
| 163|0x00000000ea300000, 0x00000000ea400000, 0x00000000ea400000|100%| E|CS|TAMS 0x00000000ea300000, 0x00000000ea300000| Complete 
| 164|0x00000000ea400000, 0x00000000ea500000, 0x00000000ea500000|100%| E|CS|TAMS 0x00000000ea400000, 0x00000000ea400000| Complete 
| 165|0x00000000ea500000, 0x00000000ea600000, 0x00000000ea600000|100%| E|CS|TAMS 0x00000000ea500000, 0x00000000ea500000| Complete 
| 166|0x00000000ea600000, 0x00000000ea700000, 0x00000000ea700000|100%| E|CS|TAMS 0x00000000ea600000, 0x00000000ea600000| Complete 
| 167|0x00000000ea700000, 0x00000000ea800000, 0x00000000ea800000|100%| E|CS|TAMS 0x00000000ea700000, 0x00000000ea700000| Complete 
| 168|0x00000000ea800000, 0x00000000ea900000, 0x00000000ea900000|100%| E|CS|TAMS 0x00000000ea800000, 0x00000000ea800000| Complete 
| 169|0x00000000ea900000, 0x00000000eaa00000, 0x00000000eaa00000|100%| E|CS|TAMS 0x00000000ea900000, 0x00000000ea900000| Complete 
| 170|0x00000000eaa00000, 0x00000000eab00000, 0x00000000eab00000|100%| E|CS|TAMS 0x00000000eaa00000, 0x00000000eaa00000| Complete 
| 171|0x00000000eab00000, 0x00000000eac00000, 0x00000000eac00000|100%| E|CS|TAMS 0x00000000eab00000, 0x00000000eab00000| Complete 
| 172|0x00000000eac00000, 0x00000000ead00000, 0x00000000ead00000|100%| E|CS|TAMS 0x00000000eac00000, 0x00000000eac00000| Complete 
| 173|0x00000000ead00000, 0x00000000eae00000, 0x00000000eae00000|100%| E|CS|TAMS 0x00000000ead00000, 0x00000000ead00000| Complete 
| 174|0x00000000eae00000, 0x00000000eaf00000, 0x00000000eaf00000|100%| E|CS|TAMS 0x00000000eae00000, 0x00000000eae00000| Complete 
| 175|0x00000000eaf00000, 0x00000000eb000000, 0x00000000eb000000|100%| E|CS|TAMS 0x00000000eaf00000, 0x00000000eaf00000| Complete 
| 176|0x00000000eb000000, 0x00000000eb100000, 0x00000000eb100000|100%| E|CS|TAMS 0x00000000eb000000, 0x00000000eb000000| Complete 
| 177|0x00000000eb100000, 0x00000000eb200000, 0x00000000eb200000|100%| E|CS|TAMS 0x00000000eb100000, 0x00000000eb100000| Complete 
| 178|0x00000000eb200000, 0x00000000eb300000, 0x00000000eb300000|100%| E|CS|TAMS 0x00000000eb200000, 0x00000000eb200000| Complete 
| 179|0x00000000eb300000, 0x00000000eb400000, 0x00000000eb400000|100%| E|CS|TAMS 0x00000000eb300000, 0x00000000eb300000| Complete 
| 180|0x00000000eb400000, 0x00000000eb500000, 0x00000000eb500000|100%| E|CS|TAMS 0x00000000eb400000, 0x00000000eb400000| Complete 
| 181|0x00000000eb500000, 0x00000000eb600000, 0x00000000eb600000|100%| E|CS|TAMS 0x00000000eb500000, 0x00000000eb500000| Complete 
| 182|0x00000000eb600000, 0x00000000eb700000, 0x00000000eb700000|100%| E|CS|TAMS 0x00000000eb600000, 0x00000000eb600000| Complete 
| 183|0x00000000eb700000, 0x00000000eb800000, 0x00000000eb800000|100%| E|CS|TAMS 0x00000000eb700000, 0x00000000eb700000| Complete 
| 184|0x00000000eb800000, 0x00000000eb900000, 0x00000000eb900000|100%| E|CS|TAMS 0x00000000eb800000, 0x00000000eb800000| Complete 
| 185|0x00000000eb900000, 0x00000000eba00000, 0x00000000eba00000|100%| E|CS|TAMS 0x00000000eb900000, 0x00000000eb900000| Complete 
| 186|0x00000000eba00000, 0x00000000ebb00000, 0x00000000ebb00000|100%| E|CS|TAMS 0x00000000eba00000, 0x00000000eba00000| Complete 
| 187|0x00000000ebb00000, 0x00000000ebc00000, 0x00000000ebc00000|100%| E|CS|TAMS 0x00000000ebb00000, 0x00000000ebb00000| Complete 
| 188|0x00000000ebc00000, 0x00000000ebd00000, 0x00000000ebd00000|100%| E|CS|TAMS 0x00000000ebc00000, 0x00000000ebc00000| Complete 
| 189|0x00000000ebd00000, 0x00000000ebe00000, 0x00000000ebe00000|100%| E|CS|TAMS 0x00000000ebd00000, 0x00000000ebd00000| Complete 
| 190|0x00000000ebe00000, 0x00000000ebf00000, 0x00000000ebf00000|100%| E|CS|TAMS 0x00000000ebe00000, 0x00000000ebe00000| Complete 
| 191|0x00000000ebf00000, 0x00000000ec000000, 0x00000000ec000000|100%| E|CS|TAMS 0x00000000ebf00000, 0x00000000ebf00000| Complete 
| 192|0x00000000ec000000, 0x00000000ec100000, 0x00000000ec100000|100%| E|CS|TAMS 0x00000000ec000000, 0x00000000ec000000| Complete 
| 193|0x00000000ec100000, 0x00000000ec200000, 0x00000000ec200000|100%| E|CS|TAMS 0x00000000ec100000, 0x00000000ec100000| Complete 
| 194|0x00000000ec200000, 0x00000000ec300000, 0x00000000ec300000|100%| E|CS|TAMS 0x00000000ec200000, 0x00000000ec200000| Complete 
| 195|0x00000000ec300000, 0x00000000ec400000, 0x00000000ec400000|100%| S|CS|TAMS 0x00000000ec300000, 0x00000000ec300000| Complete 
| 196|0x00000000ec400000, 0x00000000ec500000, 0x00000000ec500000|100%| S|CS|TAMS 0x00000000ec400000, 0x00000000ec400000| Complete 
| 197|0x00000000ec500000, 0x00000000ec600000, 0x00000000ec600000|100%| S|CS|TAMS 0x00000000ec500000, 0x00000000ec500000| Complete 
| 198|0x00000000ec600000, 0x00000000ec700000, 0x00000000ec700000|100%| S|CS|TAMS 0x00000000ec600000, 0x00000000ec600000| Complete 
| 199|0x00000000ec700000, 0x00000000ec800000, 0x00000000ec800000|100%| S|CS|TAMS 0x00000000ec700000, 0x00000000ec700000| Complete 
| 200|0x00000000ec800000, 0x00000000ec900000, 0x00000000ec900000|100%| S|CS|TAMS 0x00000000ec800000, 0x00000000ec800000| Complete 
| 201|0x00000000ec900000, 0x00000000eca00000, 0x00000000eca00000|100%| S|CS|TAMS 0x00000000ec900000, 0x00000000ec900000| Complete 
| 202|0x00000000eca00000, 0x00000000ecb00000, 0x00000000ecb00000|100%| E|CS|TAMS 0x00000000eca00000, 0x00000000eca00000| Complete 
| 203|0x00000000ecb00000, 0x00000000ecc00000, 0x00000000ecc00000|100%| E|CS|TAMS 0x00000000ecb00000, 0x00000000ecb00000| Complete 
| 204|0x00000000ecc00000, 0x00000000ecd00000, 0x00000000ecd00000|100%| E|CS|TAMS 0x00000000ecc00000, 0x00000000ecc00000| Complete 
| 205|0x00000000ecd00000, 0x00000000ece00000, 0x00000000ece00000|100%| E|CS|TAMS 0x00000000ecd00000, 0x00000000ecd00000| Complete 
| 206|0x00000000ece00000, 0x00000000ecf00000, 0x00000000ecf00000|100%| E|CS|TAMS 0x00000000ece00000, 0x00000000ece00000| Complete 
| 207|0x00000000ecf00000, 0x00000000ed000000, 0x00000000ed000000|100%| E|CS|TAMS 0x00000000ecf00000, 0x00000000ecf00000| Complete 
| 208|0x00000000ed000000, 0x00000000ed100000, 0x00000000ed100000|100%| E|CS|TAMS 0x00000000ed000000, 0x00000000ed000000| Complete 
| 209|0x00000000ed100000, 0x00000000ed200000, 0x00000000ed200000|100%| E|CS|TAMS 0x00000000ed100000, 0x00000000ed100000| Complete 
| 210|0x00000000ed200000, 0x00000000ed300000, 0x00000000ed300000|100%| E|CS|TAMS 0x00000000ed200000, 0x00000000ed200000| Complete 
| 211|0x00000000ed300000, 0x00000000ed400000, 0x00000000ed400000|100%| E|CS|TAMS 0x00000000ed300000, 0x00000000ed300000| Complete 
| 212|0x00000000ed400000, 0x00000000ed500000, 0x00000000ed500000|100%| E|CS|TAMS 0x00000000ed400000, 0x00000000ed400000| Complete 
| 213|0x00000000ed500000, 0x00000000ed600000, 0x00000000ed600000|100%| E|CS|TAMS 0x00000000ed500000, 0x00000000ed500000| Complete 
| 214|0x00000000ed600000, 0x00000000ed700000, 0x00000000ed700000|100%| E|CS|TAMS 0x00000000ed600000, 0x00000000ed600000| Complete 
| 215|0x00000000ed700000, 0x00000000ed800000, 0x00000000ed800000|100%| E|CS|TAMS 0x00000000ed700000, 0x00000000ed700000| Complete 
| 216|0x00000000ed800000, 0x00000000ed900000, 0x00000000ed900000|100%| E|CS|TAMS 0x00000000ed800000, 0x00000000ed800000| Complete 
| 217|0x00000000ed900000, 0x00000000eda00000, 0x00000000eda00000|100%| E|CS|TAMS 0x00000000ed900000, 0x00000000ed900000| Complete 
| 218|0x00000000eda00000, 0x00000000edb00000, 0x00000000edb00000|100%| E|CS|TAMS 0x00000000eda00000, 0x00000000eda00000| Complete 
| 219|0x00000000edb00000, 0x00000000edc00000, 0x00000000edc00000|100%| E|CS|TAMS 0x00000000edb00000, 0x00000000edb00000| Complete 
| 220|0x00000000edc00000, 0x00000000edd00000, 0x00000000edd00000|100%| E|CS|TAMS 0x00000000edc00000, 0x00000000edc00000| Complete 
| 221|0x00000000edd00000, 0x00000000ede00000, 0x00000000ede00000|100%| E|CS|TAMS 0x00000000edd00000, 0x00000000edd00000| Complete 
| 222|0x00000000ede00000, 0x00000000edf00000, 0x00000000edf00000|100%| E|CS|TAMS 0x00000000ede00000, 0x00000000ede00000| Complete 
| 223|0x00000000edf00000, 0x00000000ee000000, 0x00000000ee000000|100%| E|CS|TAMS 0x00000000edf00000, 0x00000000edf00000| Complete 
| 224|0x00000000ee000000, 0x00000000ee100000, 0x00000000ee100000|100%| E|CS|TAMS 0x00000000ee000000, 0x00000000ee000000| Complete 
| 225|0x00000000ee100000, 0x00000000ee200000, 0x00000000ee200000|100%| E|CS|TAMS 0x00000000ee100000, 0x00000000ee100000| Complete 
| 226|0x00000000ee200000, 0x00000000ee300000, 0x00000000ee300000|100%| E|CS|TAMS 0x00000000ee200000, 0x00000000ee200000| Complete 
| 227|0x00000000ee300000, 0x00000000ee400000, 0x00000000ee400000|100%| E|CS|TAMS 0x00000000ee300000, 0x00000000ee300000| Complete 
| 228|0x00000000ee400000, 0x00000000ee500000, 0x00000000ee500000|100%| E|CS|TAMS 0x00000000ee400000, 0x00000000ee400000| Complete 
| 229|0x00000000ee500000, 0x00000000ee600000, 0x00000000ee600000|100%| E|CS|TAMS 0x00000000ee500000, 0x00000000ee500000| Complete 
| 230|0x00000000ee600000, 0x00000000ee700000, 0x00000000ee700000|100%| E|CS|TAMS 0x00000000ee600000, 0x00000000ee600000| Complete 
| 231|0x00000000ee700000, 0x00000000ee800000, 0x00000000ee800000|100%| E|CS|TAMS 0x00000000ee700000, 0x00000000ee700000| Complete 
| 232|0x00000000ee800000, 0x00000000ee900000, 0x00000000ee900000|100%| E|CS|TAMS 0x00000000ee800000, 0x00000000ee800000| Complete 
| 233|0x00000000ee900000, 0x00000000eea00000, 0x00000000eea00000|100%| E|CS|TAMS 0x00000000ee900000, 0x00000000ee900000| Complete 
| 234|0x00000000eea00000, 0x00000000eeb00000, 0x00000000eeb00000|100%| E|CS|TAMS 0x00000000eea00000, 0x00000000eea00000| Complete 
| 235|0x00000000eeb00000, 0x00000000eec00000, 0x00000000eec00000|100%| E|CS|TAMS 0x00000000eeb00000, 0x00000000eeb00000| Complete 
| 236|0x00000000eec00000, 0x00000000eed00000, 0x00000000eed00000|100%| E|CS|TAMS 0x00000000eec00000, 0x00000000eec00000| Complete 
| 237|0x00000000eed00000, 0x00000000eee00000, 0x00000000eee00000|100%| E|CS|TAMS 0x00000000eed00000, 0x00000000eed00000| Complete 
| 238|0x00000000eee00000, 0x00000000eef00000, 0x00000000eef00000|100%| E|CS|TAMS 0x00000000eee00000, 0x00000000eee00000| Complete 
| 239|0x00000000eef00000, 0x00000000ef000000, 0x00000000ef000000|100%| E|CS|TAMS 0x00000000eef00000, 0x00000000eef00000| Complete 
| 240|0x00000000ef000000, 0x00000000ef100000, 0x00000000ef100000|100%| E|CS|TAMS 0x00000000ef000000, 0x00000000ef000000| Complete 
| 241|0x00000000ef100000, 0x00000000ef200000, 0x00000000ef200000|100%| E|CS|TAMS 0x00000000ef100000, 0x00000000ef100000| Complete 
| 242|0x00000000ef200000, 0x00000000ef300000, 0x00000000ef300000|100%| E|CS|TAMS 0x00000000ef200000, 0x00000000ef200000| Complete 
| 243|0x00000000ef300000, 0x00000000ef400000, 0x00000000ef400000|100%| E|CS|TAMS 0x00000000ef300000, 0x00000000ef300000| Complete 
| 244|0x00000000ef400000, 0x00000000ef500000, 0x00000000ef500000|100%| E|CS|TAMS 0x00000000ef400000, 0x00000000ef400000| Complete 
| 245|0x00000000ef500000, 0x00000000ef600000, 0x00000000ef600000|100%| E|CS|TAMS 0x00000000ef500000, 0x00000000ef500000| Complete 
| 246|0x00000000ef600000, 0x00000000ef700000, 0x00000000ef700000|100%| E|CS|TAMS 0x00000000ef600000, 0x00000000ef600000| Complete 
| 247|0x00000000ef700000, 0x00000000ef800000, 0x00000000ef800000|100%| E|CS|TAMS 0x00000000ef700000, 0x00000000ef700000| Complete 
| 248|0x00000000ef800000, 0x00000000ef900000, 0x00000000ef900000|100%| E|CS|TAMS 0x00000000ef800000, 0x00000000ef800000| Complete 
| 249|0x00000000ef900000, 0x00000000efa00000, 0x00000000efa00000|100%| E|CS|TAMS 0x00000000ef900000, 0x00000000ef900000| Complete 
| 250|0x00000000efa00000, 0x00000000efb00000, 0x00000000efb00000|100%| E|CS|TAMS 0x00000000efa00000, 0x00000000efa00000| Complete 
| 251|0x00000000efb00000, 0x00000000efc00000, 0x00000000efc00000|100%| E|CS|TAMS 0x00000000efb00000, 0x00000000efb00000| Complete 
| 252|0x00000000efc00000, 0x00000000efd00000, 0x00000000efd00000|100%| E|CS|TAMS 0x00000000efc00000, 0x00000000efc00000| Complete 
| 253|0x00000000efd00000, 0x00000000efe00000, 0x00000000efe00000|100%| E|CS|TAMS 0x00000000efd00000, 0x00000000efd00000| Complete 
| 254|0x00000000efe00000, 0x00000000eff00000, 0x00000000eff00000|100%| E|CS|TAMS 0x00000000efe00000, 0x00000000efe00000| Complete 
| 255|0x00000000eff00000, 0x00000000f0000000, 0x00000000f0000000|100%| E|CS|TAMS 0x00000000eff00000, 0x00000000eff00000| Complete 

Card table byte_map: [0x00000154fdce0000,0x00000154fdde0000] _byte_map_base: 0x00000154fd5e0000

Marking Bits (Prev, Next): (CMBitMap*) 0x00000154e658de50, (CMBitMap*) 0x00000154e658de90
 Prev Bits: [0x00000154fdee0000, 0x00000154fe6e0000)
 Next Bits: [0x00000154fe6e0000, 0x00000154feee0000)

Polling page: 0x00000154e6610000

Metaspace:

Usage:
  Non-class:     17.23 MB used.
      Class:      2.90 MB used.
       Both:     20.13 MB used.

Virtual space:
  Non-class space:       64.00 MB reserved,      17.38 MB ( 27%) committed,  1 nodes.
      Class space:      320.00 MB reserved,       3.06 MB ( <1%) committed,  1 nodes.
             Both:      384.00 MB reserved,      20.44 MB (  5%) committed. 

Chunk freelists:
   Non-Class:  13.81 MB
       Class:  12.97 MB
        Both:  26.78 MB

MaxMetaspaceSize: 384.00 MB
CompressedClassSpaceSize: 320.00 MB
Initial GC threshold: 21.00 MB
Current GC threshold: 21.00 MB
CDS: on
MetaspaceReclaimPolicy: balanced
 - commit_granule_bytes: 65536.
 - commit_granule_words: 8192.
 - virtual_space_node_default_size: 8388608.
 - enlarge_chunks_in_place: 1.
 - new_chunks_are_fully_committed: 0.
 - uncommit_free_chunks: 1.
 - use_allocation_guard: 0.
 - handle_deallocations: 1.


Internal statistics:

num_allocs_failed_limit: 0.
num_arena_births: 246.
num_arena_deaths: 0.
num_vsnodes_births: 2.
num_vsnodes_deaths: 0.
num_space_committed: 327.
num_space_uncommitted: 0.
num_chunks_returned_to_freelist: 0.
num_chunks_taken_from_freelist: 994.
num_chunk_merges: 0.
num_chunk_splits: 641.
num_chunks_enlarged: 457.
num_inconsistent_stats: 0.

CodeHeap 'non-profiled nmethods': size=120000Kb used=1594Kb max_used=1594Kb free=118406Kb
 bounds [0x00000154f5c40000, 0x00000154f5eb0000, 0x00000154fd170000]
CodeHeap 'profiled nmethods': size=120000Kb used=5991Kb max_used=5991Kb free=114008Kb
 bounds [0x00000154ee170000, 0x00000154ee750000, 0x00000154f56a0000]
CodeHeap 'non-nmethods': size=5760Kb used=1245Kb max_used=1330Kb free=4514Kb
 bounds [0x00000154f56a0000, 0x00000154f5910000, 0x00000154f5c40000]
 total_blobs=3556 nmethods=3003 adapters=465
 compilation: enabled
              stopped_count=0, restarted_count=0
 full_count=0

Compilation events (20 events):
Event: 170.216 Thread 0x00000154ff932550 2984       1       org.gradle.internal.instantiation.generator.AbstractClassGenerator$PropertyMetadata::getOverridableGetters (5 bytes)
Event: 170.216 Thread 0x00000154ff932550 nmethod 2984 0x00000154f5dcd510 code [0x00000154f5dcd6a0, 0x00000154f5dcd778]
Event: 170.216 Thread 0x00000154ff932550 2985       1       org.objectweb.asm.SymbolTable::getClassName (5 bytes)
Event: 170.216 Thread 0x00000154ff932550 nmethod 2985 0x00000154f5dcd810 code [0x00000154f5dcd9a0, 0x00000154f5dcda78]
Event: 170.223 Thread 0x00000154ff932550 2987       3       org.gradle.internal.service.DefaultServiceRegistry$ParentServices::getService (12 bytes)
Event: 170.223 Thread 0x00000154ff932550 nmethod 2987 0x00000154ee73bb90 code [0x00000154ee73bd40, 0x00000154ee73bf08]
Event: 170.223 Thread 0x00000154ff932550 2988       3       org.gradle.internal.event.DefaultListenerManager$EventBroadcast::maybeAdd (27 bytes)
Event: 170.223 Thread 0x00000154ff932550 nmethod 2988 0x00000154ee73c010 code [0x00000154ee73c1e0, 0x00000154ee73c518]
Event: 170.224 Thread 0x00000154ff932550 2989   !   3       org.gradle.internal.service.DefaultServiceRegistry$FactoryService::bind (297 bytes)
Event: 170.225 Thread 0x00000154ff932550 nmethod 2989 0x00000154ee73c610 code [0x00000154ee73cc80, 0x00000154ee740cc8]
Event: 170.459 Thread 0x00000154ff932550 2990       3       java.util.concurrent.locks.AbstractQueuedSynchronizer$Node::getAndUnsetStatus (14 bytes)
Event: 170.459 Thread 0x00000154ff932550 nmethod 2990 0x00000154ee742110 code [0x00000154ee7422c0, 0x00000154ee742568]
Event: 171.246 Thread 0x00000154ff932550 2992       1       org.gradle.launcher.daemon.server.exec.DaemonConnectionBackedEventConsumer::access$000 (5 bytes)
Event: 171.246 Thread 0x00000154ff932550 nmethod 2992 0x00000154f5dcdf10 code [0x00000154f5dce0a0, 0x00000154f5dce158]
Event: 171.345 Thread 0x00000154ff932550 2993       3       java.util.stream.FindOps$FindOp::evaluateSequential (39 bytes)
Event: 171.345 Thread 0x00000154ff932550 nmethod 2993 0x00000154ee742690 code [0x00000154ee742880, 0x00000154ee742e88]
Event: 171.345 Thread 0x00000154ff932550 2994       3       java.util.stream.FindOps$FindSink::<init> (5 bytes)
Event: 171.345 Thread 0x00000154ff932550 nmethod 2994 0x00000154ee743010 code [0x00000154ee7431a0, 0x00000154ee7432f8]
Event: 171.585 Thread 0x00000154ff932550 2995       1       org.gradle.cache.internal.filelock.FileLockOutcome$3::isLockWasAcquired (2 bytes)
Event: 171.586 Thread 0x00000154ff932550 nmethod 2995 0x00000154f5dce210 code [0x00000154f5dce3a0, 0x00000154f5dce478]

GC Heap History (6 events):
Event: 0.316 GC heap before
{Heap before GC invocations=0 (full 0):
 garbage-first heap   total 262144K, used 22528K [0x00000000e0000000, 0x0000000100000000)
  region size 1024K, 23 young (23552K), 0 survivors (0K)
 Metaspace       used 1120K, committed 1280K, reserved 393216K
  class space    used 77K, committed 128K, reserved 327680K
}
Event: 0.319 GC heap after
{Heap after GC invocations=1 (full 0):
 garbage-first heap   total 262144K, used 5312K [0x00000000e0000000, 0x0000000100000000)
  region size 1024K, 3 young (3072K), 3 survivors (3072K)
 Metaspace       used 1120K, committed 1280K, reserved 393216K
  class space    used 77K, committed 128K, reserved 327680K
}
Event: 0.726 GC heap before
{Heap before GC invocations=1 (full 0):
 garbage-first heap   total 262144K, used 38080K [0x00000000e0000000, 0x0000000100000000)
  region size 1024K, 33 young (33792K), 3 survivors (3072K)
 Metaspace       used 4400K, committed 4544K, reserved 393216K
  class space    used 550K, committed 640K, reserved 327680K
}
Event: 0.729 GC heap after
{Heap after GC invocations=2 (full 0):
 garbage-first heap   total 262144K, used 11731K [0x00000000e0000000, 0x0000000100000000)
  region size 1024K, 4 young (4096K), 4 survivors (4096K)
 Metaspace       used 4400K, committed 4544K, reserved 393216K
  class space    used 550K, committed 640K, reserved 327680K
}
Event: 1.467 GC heap before
{Heap before GC invocations=2 (full 0):
 garbage-first heap   total 262144K, used 64979K [0x00000000e0000000, 0x0000000100000000)
  region size 1024K, 54 young (55296K), 4 survivors (4096K)
 Metaspace       used 7941K, committed 8192K, reserved 393216K
  class space    used 1074K, committed 1216K, reserved 327680K
}
Event: 1.471 GC heap after
{Heap after GC invocations=3 (full 0):
 garbage-first heap   total 262144K, used 18678K [0x00000000e0000000, 0x0000000100000000)
  region size 1024K, 7 young (7168K), 7 survivors (7168K)
 Metaspace       used 7941K, committed 8192K, reserved 393216K
  class space    used 1074K, committed 1216K, reserved 327680K
}

Dll operation events (15 events):
Event: 0.007 Loaded shared library C:\Users\SSAFY\.jdks\corretto-17.0.15\bin\java.dll
Event: 0.019 Loaded shared library C:\Users\SSAFY\.jdks\corretto-17.0.15\bin\jsvml.dll
Event: 0.055 Loaded shared library C:\Users\SSAFY\.jdks\corretto-17.0.15\bin\zip.dll
Event: 0.057 Loaded shared library C:\Users\SSAFY\.jdks\corretto-17.0.15\bin\instrument.dll
Event: 0.060 Loaded shared library C:\Users\SSAFY\.jdks\corretto-17.0.15\bin\net.dll
Event: 0.061 Loaded shared library C:\Users\SSAFY\.jdks\corretto-17.0.15\bin\nio.dll
Event: 0.063 Loaded shared library C:\Users\SSAFY\.jdks\corretto-17.0.15\bin\zip.dll
Event: 0.243 Loaded shared library C:\Users\SSAFY\.jdks\corretto-17.0.15\bin\jimage.dll
Event: 0.352 Loaded shared library C:\Users\SSAFY\.jdks\corretto-17.0.15\bin\verify.dll
Event: 0.414 Loaded shared library C:\Users\SSAFY\.gradle\native\1def1411415f61bf3af743bc5b6707747c0891f09f0c88961ee8f79bc544acac\windows-amd64\native-platform.dll
Event: 0.423 Loaded shared library C:\Users\SSAFY\.gradle\native\0.2.7\x86_64-windows-gnu\gradle-fileevents.dll
Event: 1.304 Loaded shared library C:\Users\SSAFY\.jdks\corretto-17.0.15\bin\management.dll
Event: 1.306 Loaded shared library C:\Users\SSAFY\.jdks\corretto-17.0.15\bin\management_ext.dll
Event: 1.421 Loaded shared library C:\Users\SSAFY\.jdks\corretto-17.0.15\bin\extnet.dll
Event: 1.588 Loaded shared library C:\Users\SSAFY\.jdks\corretto-17.0.15\bin\sunmscapi.dll

Deoptimization events (20 events):
Event: 2.192 Thread 0x000001549bc90d70 DEOPT PACKING pc=0x00000154f5d0be20 sp=0x0000000a836fd1f0
Event: 2.192 Thread 0x000001549bc90d70 DEOPT UNPACKING pc=0x00000154f56f69a3 sp=0x0000000a836fd0b8 mode 2
Event: 2.216 Thread 0x000001549bc90d70 Uncommon trap: trap_request=0xffffff54 fr.pc=0x00000154f5d14908 relative=0x00000000000012c8
Event: 2.216 Thread 0x000001549bc90d70 Uncommon trap: reason=speculate_null_assert action=make_not_entrant pc=0x00000154f5d14908 method=jdk.internal.loader.URLClassPath$JarLoader.getResource(Ljava/lang/String;ZLjava/util/Set;)Ljdk/internal/loader/Resource; @ 17 c2
Event: 2.216 Thread 0x000001549bc90d70 DEOPT PACKING pc=0x00000154f5d14908 sp=0x0000000a836fd280
Event: 2.216 Thread 0x000001549bc90d70 DEOPT UNPACKING pc=0x00000154f56f69a3 sp=0x0000000a836fd228 mode 2
Event: 4.346 Thread 0x000001549c50cea0 DEOPT PACKING pc=0x00000154ee548df2 sp=0x0000000a829fe450
Event: 4.346 Thread 0x000001549c50cea0 DEOPT UNPACKING pc=0x00000154f56f7143 sp=0x0000000a829fd8c0 mode 0
Event: 170.199 Thread 0x000001549bc91ca0 Uncommon trap: trap_request=0xffffff45 fr.pc=0x00000154f5dc4f50 relative=0x0000000000000410
Event: 170.199 Thread 0x000001549bc91ca0 Uncommon trap: reason=unstable_if action=reinterpret pc=0x00000154f5dc4f50 method=java.util.HashMap.getNode(Ljava/lang/Object;)Ljava/util/HashMap$Node; @ 131 c2
Event: 170.199 Thread 0x000001549bc91ca0 DEOPT PACKING pc=0x00000154f5dc4f50 sp=0x0000000a828fa9f0
Event: 170.199 Thread 0x000001549bc91ca0 DEOPT UNPACKING pc=0x00000154f56f69a3 sp=0x0000000a828fa910 mode 2
Event: 170.199 Thread 0x000001549bc91ca0 Uncommon trap: trap_request=0xffffff45 fr.pc=0x00000154f5dbd5a4 relative=0x00000000000007c4
Event: 170.199 Thread 0x000001549bc91ca0 Uncommon trap: reason=unstable_if action=reinterpret pc=0x00000154f5dbd5a4 method=java.util.HashMap.putVal(ILjava/lang/Object;Ljava/lang/Object;ZZ)Ljava/lang/Object; @ 206 c2
Event: 170.199 Thread 0x000001549bc91ca0 DEOPT PACKING pc=0x00000154f5dbd5a4 sp=0x0000000a828fa920
Event: 170.199 Thread 0x000001549bc91ca0 DEOPT UNPACKING pc=0x00000154f56f69a3 sp=0x0000000a828fa8b8 mode 2
Event: 170.199 Thread 0x000001549bc91ca0 Uncommon trap: trap_request=0xffffff45 fr.pc=0x00000154f5dc062c relative=0x000000000000056c
Event: 170.199 Thread 0x000001549bc91ca0 Uncommon trap: reason=unstable_if action=reinterpret pc=0x00000154f5dc062c method=java.util.HashMap.getNode(Ljava/lang/Object;)Ljava/util/HashMap$Node; @ 131 c2
Event: 170.199 Thread 0x000001549bc91ca0 DEOPT PACKING pc=0x00000154f5dc062c sp=0x0000000a828fa980
Event: 170.199 Thread 0x000001549bc91ca0 DEOPT UNPACKING pc=0x00000154f56f69a3 sp=0x0000000a828fa910 mode 2

Classes loaded (20 events):
Event: 169.743 Loading class sun/text/resources/cldr/FormatData_en
Event: 169.743 Loading class sun/text/resources/cldr/FormatData_en done
Event: 169.805 Loading class java/util/function/LongFunction
Event: 169.805 Loading class java/util/function/LongFunction done
Event: 169.854 Loading class java/security/InvalidKeyException
Event: 169.854 Loading class java/security/KeyException
Event: 169.854 Loading class java/security/KeyException done
Event: 169.854 Loading class java/security/InvalidKeyException done
Event: 170.148 Loading class javax/xml/parsers/ParserConfigurationException
Event: 170.149 Loading class javax/xml/parsers/ParserConfigurationException done
Event: 170.149 Loading class org/xml/sax/SAXException
Event: 170.149 Loading class org/xml/sax/SAXException done
Event: 170.149 Loading class javax/xml/xpath/XPathExpressionException
Event: 170.149 Loading class javax/xml/xpath/XPathException
Event: 170.150 Loading class javax/xml/xpath/XPathException done
Event: 170.150 Loading class javax/xml/xpath/XPathExpressionException done
Event: 170.150 Loading class org/xml/sax/ErrorHandler
Event: 170.150 Loading class org/xml/sax/ErrorHandler done
Event: 170.154 Loading class java/nio/file/AtomicMoveNotSupportedException
Event: 170.154 Loading class java/nio/file/AtomicMoveNotSupportedException done

Classes unloaded (0 events):
No events

Classes redefined (0 events):
No events

Internal exceptions (20 events):
Event: 2.106 Thread 0x000001549bc90d70 Exception <a 'java/lang/NoSuchMethodError'{0x00000000ed8fc5b8}: 'void java.lang.invoke.DirectMethodHandle$Holder.invokeStatic(java.lang.Object, java.lang.Object, java.lang.Object, java.lang.Object)'> (0x00000000ed8fc5b8) 
thrown [s\src\hotspot\share\interpreter\linkResolver.cpp, line 759]
Event: 2.106 Thread 0x000001549bc90d70 Exception <a 'java/lang/NoSuchMethodError'{0x00000000ed700cc0}: 'void java.lang.invoke.DirectMethodHandle$Holder.invokeStaticInit(java.lang.Object, java.lang.Object, java.lang.Object, java.lang.Object)'> (0x00000000ed700cc0) 
thrown [s\src\hotspot\share\interpreter\linkResolver.cpp, line 759]
Event: 2.112 Thread 0x000001549bc90d70 Exception <a 'java/lang/NoSuchMethodError'{0x00000000ed75e3d0}: 'java.lang.Object java.lang.invoke.DirectMethodHandle$Holder.invokeInterface(java.lang.Object, java.lang.Object, java.lang.Object)'> (0x00000000ed75e3d0) 
thrown [s\src\hotspot\share\interpreter\linkResolver.cpp, line 759]
Event: 2.122 Thread 0x000001549bc90d70 Exception <a 'java/lang/NoSuchMethodError'{0x00000000ed6435e0}: 'int java.lang.invoke.DirectMethodHandle$Holder.invokeSpecialIFC(java.lang.Object, java.lang.Object, java.lang.Object, java.lang.Object)'> (0x00000000ed6435e0) 
thrown [s\src\hotspot\share\interpreter\linkResolver.cpp, line 759]
Event: 2.123 Thread 0x000001549bc90d70 Exception <a 'java/lang/IncompatibleClassChangeError'{0x00000000ed6523c8}: Found class java.lang.Object, but interface was expected> (0x00000000ed6523c8) 
thrown [s\src\hotspot\share\interpreter\linkResolver.cpp, line 826]
Event: 2.140 Thread 0x000001549bc90d70 Implicit null exception at 0x00000154f5cdd4e0 to 0x00000154f5cdd57a
Event: 2.151 Thread 0x000001549bc90d70 Exception <a 'java/lang/NoSuchMethodError'{0x00000000ed4557d0}: 'int java.lang.invoke.DirectMethodHandle$Holder.invokeStatic(java.lang.Object, java.lang.Object, java.lang.Object, java.lang.Object)'> (0x00000000ed4557d0) 
thrown [s\src\hotspot\share\interpreter\linkResolver.cpp, line 759]
Event: 2.152 Thread 0x000001549bc90d70 Exception <a 'java/lang/NoSuchMethodError'{0x00000000ed4596a0}: 'java.lang.Object java.lang.invoke.Invokers$Holder.invokeExact_MT(java.lang.Object, java.lang.Object, java.lang.Object, java.lang.Object, java.lang.Object, java.lang.Object)'> (0x00000000ed4596a0) 
thrown [s\src\hotspot\share\interpreter\linkResolver.cpp, line 759]
Event: 2.228 Thread 0x000001549bc90d70 Exception <a 'java/lang/NoSuchMethodError'{0x00000000ecd286f0}: 'void java.lang.invoke.DirectMethodHandle$Holder.invokeStatic(java.lang.Object, int, java.lang.Object)'> (0x00000000ecd286f0) 
thrown [s\src\hotspot\share\interpreter\linkResolver.cpp, line 759]
Event: 2.264 Thread 0x000001549bc8fe40 Exception <a 'java/lang/NoSuchMethodError'{0x00000000ecdff820}: static Lorg/gradle/internal/exceptions/LocationAwareException;.<clinit>()V> (0x00000000ecdff820) 
thrown [s\src\hotspot\share\prims\jni.cpp, line 1112]
Event: 2.265 Thread 0x000001549bc8fe40 Exception <a 'java/lang/NoSuchMethodError'{0x00000000ecc05900}: static Lorg/gradle/internal/exceptions/ContextAwareException;.<clinit>()V> (0x00000000ecc05900) 
thrown [s\src\hotspot\share\prims\jni.cpp, line 1112]
Event: 2.265 Thread 0x000001549bc8fe40 Exception <a 'java/lang/NoSuchMethodError'{0x00000000ecc07118}: static Lorg/gradle/api/GradleException;.<clinit>()V> (0x00000000ecc07118) 
thrown [s\src\hotspot\share\prims\jni.cpp, line 1112]
Event: 2.266 Thread 0x000001549bc8fe40 Exception <a 'java/lang/NoSuchMethodError'{0x00000000ecc13df0}: static Lorg/gradle/internal/build/BuildLayoutValidator$BuildLayoutException;.<clinit>()V> (0x00000000ecc13df0) 
thrown [s\src\hotspot\share\prims\jni.cpp, line 1112]
Event: 2.267 Thread 0x000001549bc8fe40 Exception <a 'java/lang/NoSuchMethodError'{0x00000000ecc23010}: static [Ljava/lang/StackTraceElement;.<clinit>()V> (0x00000000ecc23010) 
thrown [s\src\hotspot\share\prims\jni.cpp, line 1112]
Event: 169.939 Thread 0x000001549bc91ca0 Exception <a 'java/lang/NoSuchMethodError'{0x00000000eb320530}: 'int java.lang.invoke.DirectMethodHandle$Holder.invokeStaticInit(java.lang.Object, java.lang.Object, java.lang.Object)'> (0x00000000eb320530) 
thrown [s\src\hotspot\share\interpreter\linkResolver.cpp, line 759]
Event: 170.123 Thread 0x000001549bc91ca0 Exception <a 'java/lang/NoSuchMethodError'{0x00000000ea9c9cb0}: 'void java.lang.invoke.DirectMethodHandle$Holder.invokeSpecial(java.lang.Object, java.lang.Object, java.lang.Object, java.lang.Object, java.lang.Object)'> (0x00000000ea9c9cb0) 
thrown [s\src\hotspot\share\interpreter\linkResolver.cpp, line 759]
Event: 170.123 Thread 0x000001549bc91ca0 Exception <a 'java/lang/NoSuchMethodError'{0x00000000ea9d1610}: 'java.lang.Object java.lang.invoke.Invokers$Holder.invoker(java.lang.Object, java.lang.Object, java.lang.Object, java.lang.Object)'> (0x00000000ea9d1610) 
thrown [s\src\hotspot\share\interpreter\linkResolver.cpp, line 759]
Event: 170.170 Thread 0x000001549bc91ca0 Exception <a 'java/lang/NoSuchMethodError'{0x00000000ea59d310}: 'java.lang.Object java.lang.invoke.DirectMethodHandle$Holder.invokeVirtual(java.lang.Object, java.lang.Object, java.lang.Object, java.lang.Object)'> (0x00000000ea59d310) 
thrown [s\src\hotspot\share\interpreter\linkResolver.cpp, line 759]
Event: 170.207 Thread 0x000001549bc91ca0 Exception <a 'java/lang/NoSuchMethodError'{0x00000000ea36be40}: 'java.lang.Object java.lang.invoke.DirectMethodHandle$Holder.newInvokeSpecial(java.lang.Object, java.lang.Object, java.lang.Object, java.lang.Object, java.lang.Object, java.lang.Object, java.lang.Object)'> (0x00000000ea36be40) 
thrown [s\src\hotspot\share\interpreter\linkResolver.cpp, line 759]
Event: 170.207 Thread 0x000001549bc91ca0 Exception <a 'java/lang/NoSuchMethodError'{0x00000000ea370b10}: 'java.lang.Object java.lang.invoke.Invokers$Holder.linkToTargetMethod(java.lang.Object, java.lang.Object, java.lang.Object, java.lang.Object, java.lang.Object, java.lang.Object, java.lang.Object)'> (0x00000000ea370b10) 
thrown [s\src\hotspot\share\interpreter\linkResolver.cpp, line 759]

VM Operations (20 events):
Event: 115.671 Executing VM operation: Cleanup
Event: 115.671 Executing VM operation: Cleanup done
Event: 121.713 Executing VM operation: Cleanup
Event: 121.713 Executing VM operation: Cleanup done
Event: 131.795 Executing VM operation: Cleanup
Event: 131.795 Executing VM operation: Cleanup done
Event: 141.884 Executing VM operation: Cleanup
Event: 141.884 Executing VM operation: Cleanup done
Event: 151.956 Executing VM operation: Cleanup
Event: 151.957 Executing VM operation: Cleanup done
Event: 169.908 Executing VM operation: HandshakeAllThreads
Event: 169.908 Executing VM operation: HandshakeAllThreads done
Event: 169.908 Executing VM operation: Cleanup
Event: 169.908 Executing VM operation: Cleanup done
Event: 170.088 Executing VM operation: HandshakeAllThreads
Event: 170.088 Executing VM operation: HandshakeAllThreads done
Event: 170.224 Executing VM operation: ICBufferFull
Event: 170.224 Executing VM operation: ICBufferFull done
Event: 171.229 Executing VM operation: Cleanup
Event: 171.229 Executing VM operation: Cleanup done

Memory protections (0 events):
No events

Nmethod flushes (0 events):
No events

Events (20 events):
Event: 2.076 Thread 0x000001549bc90d70 Thread added: 0x000001549bc8f930
Event: 2.196 Thread 0x000001549bc90d70 Thread added: 0x000001549bc8ef10
Event: 2.244 Thread 0x000001549bc91ca0 Thread exited: 0x000001549bc91ca0
Event: 2.245 Thread 0x000001549bc91790 Thread exited: 0x000001549bc91790
Event: 2.245 Thread 0x000001549bc8ef10 Thread exited: 0x000001549bc8ef10
Event: 2.246 Thread 0x000001549bc91280 Thread exited: 0x000001549bc91280
Event: 2.273 Thread 0x000001549bc8fe40 Thread added: 0x000001549bc91280
Event: 2.273 Thread 0x000001549bc90350 Thread exited: 0x000001549bc90350
Event: 2.292 Thread 0x000001549bc90860 Thread exited: 0x000001549bc90860
Event: 3.347 Thread 0x00000154ffc748e0 Thread exited: 0x00000154ffc748e0
Event: 62.260 Thread 0x000001549bc90d70 Thread exited: 0x000001549bc90d70
Event: 62.280 Thread 0x000001549bc91280 Thread exited: 0x000001549bc91280
Event: 62.296 Thread 0x000001549bc8fe40 Thread exited: 0x000001549bc8fe40
Event: 169.660 Thread 0x000001549b28c970 Thread added: 0x000001549bc91790
Event: 169.661 Thread 0x000001549bc91790 Thread added: 0x000001549bc91280
Event: 169.737 Thread 0x000001549bc91790 Thread added: 0x000001549bc90860
Event: 169.740 Thread 0x000001549bc91790 Thread added: 0x000001549bc91ca0
Event: 169.742 Thread 0x000001549bc91ca0 Thread added: 0x000001549bc8ef10
Event: 169.744 Thread 0x000001549bc91ca0 Thread added: 0x000001549bc8f420
Event: 169.744 Thread 0x000001549bc91ca0 Thread added: 0x000001549bc8fe40


Dynamic libraries:
0x00007ff732b60000 - 0x00007ff732b6e000 	C:\Users\SSAFY\.jdks\corretto-17.0.15\bin\java.exe
0x00007ffb0c420000 - 0x00007ffb0c680000 	C:\WINDOWS\SYSTEM32\ntdll.dll
0x00007ffb0abd0000 - 0x00007ffb0ac97000 	C:\WINDOWS\System32\KERNEL32.DLL
0x00007ffb09d00000 - 0x00007ffb0a0ca000 	C:\WINDOWS\System32\KERNELBASE.dll
0x00007ffb09a30000 - 0x00007ffb09b7b000 	C:\WINDOWS\System32\ucrtbase.dll
0x00007ffafdae0000 - 0x00007ffafdaf7000 	C:\Users\SSAFY\.jdks\corretto-17.0.15\bin\jli.dll
0x00007ffb0a9f0000 - 0x00007ffb0abbc000 	C:\WINDOWS\System32\USER32.dll
0x00007ffaf3a40000 - 0x00007ffaf3a5b000 	C:\Users\SSAFY\.jdks\corretto-17.0.15\bin\VCRUNTIME140.dll
0x00007ffb09cd0000 - 0x00007ffb09cf7000 	C:\WINDOWS\System32\win32u.dll
0x00007ffb0c1d0000 - 0x00007ffb0c1fa000 	C:\WINDOWS\System32\GDI32.dll
0x00007ffaf5410000 - 0x00007ffaf56a7000 	C:\WINDOWS\WinSxS\amd64_microsoft.windows.common-controls_6595b64144ccf1df_6.0.26100.3624_none_3e086962e3345f24\COMCTL32.dll
0x00007ffb09780000 - 0x00007ffb098b1000 	C:\WINDOWS\System32\gdi32full.dll
0x00007ffb0ad40000 - 0x00007ffb0ade9000 	C:\WINDOWS\System32\msvcrt.dll
0x00007ffb0a170000 - 0x00007ffb0a213000 	C:\WINDOWS\System32\msvcp_win.dll
0x00007ffb0c200000 - 0x00007ffb0c22f000 	C:\WINDOWS\System32\IMM32.DLL
0x00007ffb04440000 - 0x00007ffb0444c000 	C:\Users\SSAFY\.jdks\corretto-17.0.15\bin\vcruntime140_1.dll
0x00007ffaa6900000 - 0x00007ffaa698d000 	C:\Users\SSAFY\.jdks\corretto-17.0.15\bin\msvcp140.dll
0x00007ffa959d0000 - 0x00007ffa9663c000 	C:\Users\SSAFY\.jdks\corretto-17.0.15\bin\server\jvm.dll
0x00007ffb0bf30000 - 0x00007ffb0bfe2000 	C:\WINDOWS\System32\ADVAPI32.dll
0x00007ffb0b0e0000 - 0x00007ffb0b186000 	C:\WINDOWS\System32\sechost.dll
0x00007ffb0c240000 - 0x00007ffb0c356000 	C:\WINDOWS\System32\RPCRT4.dll
0x00007ffb0aca0000 - 0x00007ffb0ad14000 	C:\WINDOWS\System32\WS2_32.dll
0x00007ffb08e30000 - 0x00007ffb08e8e000 	C:\WINDOWS\SYSTEM32\POWRPROF.dll
0x00007ffb02600000 - 0x00007ffb02636000 	C:\WINDOWS\SYSTEM32\WINMM.dll
0x00007ffb02c60000 - 0x00007ffb02c6b000 	C:\WINDOWS\SYSTEM32\VERSION.dll
0x00007ffb08e10000 - 0x00007ffb08e24000 	C:\WINDOWS\SYSTEM32\UMPDC.dll
0x00007ffb083d0000 - 0x00007ffb083ea000 	C:\WINDOWS\SYSTEM32\kernel.appcore.dll
0x00007ffafda40000 - 0x00007ffafda4a000 	C:\Users\SSAFY\.jdks\corretto-17.0.15\bin\jimage.dll
0x00007ffaf9ad0000 - 0x00007ffaf9d11000 	C:\WINDOWS\SYSTEM32\DBGHELP.DLL
0x00007ffb0ba30000 - 0x00007ffb0bdb2000 	C:\WINDOWS\System32\combase.dll
0x00007ffb0b000000 - 0x00007ffb0b0d6000 	C:\WINDOWS\System32\OLEAUT32.dll
0x00007ffaf7b90000 - 0x00007ffaf7bc9000 	C:\WINDOWS\SYSTEM32\dbgcore.DLL
0x00007ffb0a0d0000 - 0x00007ffb0a169000 	C:\WINDOWS\System32\bcryptPrimitives.dll
0x00007ffaf9f40000 - 0x00007ffaf9f4e000 	C:\Users\SSAFY\.jdks\corretto-17.0.15\bin\instrument.dll
0x00007ffae5a10000 - 0x00007ffae5a35000 	C:\Users\SSAFY\.jdks\corretto-17.0.15\bin\java.dll
0x00007ffa9e720000 - 0x00007ffa9e7f7000 	C:\Users\SSAFY\.jdks\corretto-17.0.15\bin\jsvml.dll
0x00007ffb0a2b0000 - 0x00007ffb0a9d9000 	C:\WINDOWS\System32\SHELL32.dll
0x00007ffb098c0000 - 0x00007ffb09a28000 	C:\WINDOWS\System32\wintypes.dll
0x00007ffb07280000 - 0x00007ffb07ad2000 	C:\WINDOWS\SYSTEM32\windows.storage.dll
0x00007ffb0be40000 - 0x00007ffb0bf2d000 	C:\WINDOWS\System32\SHCORE.dll
0x00007ffb0b9c0000 - 0x00007ffb0ba24000 	C:\WINDOWS\System32\shlwapi.dll
0x00007ffb09510000 - 0x00007ffb0953f000 	C:\WINDOWS\SYSTEM32\profapi.dll
0x00007ffae21c0000 - 0x00007ffae21d8000 	C:\Users\SSAFY\.jdks\corretto-17.0.15\bin\zip.dll
0x00007ffadde20000 - 0x00007ffadde39000 	C:\Users\SSAFY\.jdks\corretto-17.0.15\bin\net.dll
0x00007ffb03620000 - 0x00007ffb0373d000 	C:\WINDOWS\SYSTEM32\WINHTTP.dll
0x00007ffb088d0000 - 0x00007ffb0893a000 	C:\WINDOWS\system32\mswsock.dll
0x00007ffad70a0000 - 0x00007ffad70b6000 	C:\Users\SSAFY\.jdks\corretto-17.0.15\bin\nio.dll
0x00007ffaf7640000 - 0x00007ffaf7650000 	C:\Users\SSAFY\.jdks\corretto-17.0.15\bin\verify.dll
0x00007ffad7050000 - 0x00007ffad7077000 	C:\Users\SSAFY\.gradle\native\1def1411415f61bf3af743bc5b6707747c0891f09f0c88961ee8f79bc544acac\windows-amd64\native-platform.dll
0x00007ffaa75d0000 - 0x00007ffaa7648000 	C:\Users\SSAFY\.gradle\native\0.2.7\x86_64-windows-gnu\gradle-fileevents.dll
0x00007ffaf6ea0000 - 0x00007ffaf6ea9000 	C:\Users\SSAFY\.jdks\corretto-17.0.15\bin\management.dll
0x00007ffaf39e0000 - 0x00007ffaf39eb000 	C:\Users\SSAFY\.jdks\corretto-17.0.15\bin\management_ext.dll
0x00007ffb0abc0000 - 0x00007ffb0abc8000 	C:\WINDOWS\System32\PSAPI.DLL
0x00007ffb07de0000 - 0x00007ffb07e13000 	C:\WINDOWS\SYSTEM32\IPHLPAPI.DLL
0x00007ffb0b6e0000 - 0x00007ffb0b6ea000 	C:\WINDOWS\System32\NSI.dll
0x00007ffb035f0000 - 0x00007ffb0360f000 	C:\WINDOWS\SYSTEM32\dhcpcsvc6.DLL
0x00007ffb035c0000 - 0x00007ffb035e5000 	C:\WINDOWS\SYSTEM32\dhcpcsvc.DLL
0x00007ffb07e70000 - 0x00007ffb07f95000 	C:\WINDOWS\SYSTEM32\DNSAPI.dll
0x00007ffaf14b0000 - 0x00007ffaf14b9000 	C:\Users\SSAFY\.jdks\corretto-17.0.15\bin\extnet.dll
0x00007ffb08c80000 - 0x00007ffb08c9c000 	C:\WINDOWS\SYSTEM32\CRYPTSP.dll
0x00007ffb08330000 - 0x00007ffb0836a000 	C:\WINDOWS\system32\rsaenh.dll
0x00007ffb08970000 - 0x00007ffb0899b000 	C:\WINDOWS\SYSTEM32\USERENV.dll
0x00007ffb094e0000 - 0x00007ffb09506000 	C:\WINDOWS\SYSTEM32\bcrypt.dll
0x00007ffb08c60000 - 0x00007ffb08c6c000 	C:\WINDOWS\SYSTEM32\CRYPTBASE.dll
0x00007ffaec350000 - 0x00007ffaec35e000 	C:\Users\SSAFY\.jdks\corretto-17.0.15\bin\sunmscapi.dll
0x00007ffb09600000 - 0x00007ffb09777000 	C:\WINDOWS\System32\CRYPT32.dll
0x00007ffb08ef0000 - 0x00007ffb08f20000 	C:\WINDOWS\SYSTEM32\ncrypt.dll
0x00007ffb08ea0000 - 0x00007ffb08edf000 	C:\WINDOWS\SYSTEM32\NTASN1.dll
0x00007ffaf77c0000 - 0x00007ffaf77c8000 	C:\WINDOWS\system32\wshunix.dll

dbghelp: loaded successfully - version: 4.0.5 - missing functions: none
symbol engine: initialized successfully - sym options: 0x614 - pdb path: .;C:\Users\SSAFY\.jdks\corretto-17.0.15\bin;C:\WINDOWS\SYSTEM32;C:\WINDOWS\WinSxS\amd64_microsoft.windows.common-controls_6595b64144ccf1df_6.0.26100.3624_none_3e086962e3345f24;C:\Users\SSAFY\.jdks\corretto-17.0.15\bin\server;C:\Users\SSAFY\.gradle\native\1def1411415f61bf3af743bc5b6707747c0891f09f0c88961ee8f79bc544acac\windows-amd64;C:\Users\SSAFY\.gradle\native\0.2.7\x86_64-windows-gnu

VM Arguments:
jvm_args: --add-opens=java.base/java.lang=ALL-UNNAMED --add-opens=java.base/java.lang.invoke=ALL-UNNAMED --add-opens=java.base/java.util=ALL-UNNAMED --add-opens=java.prefs/java.util.prefs=ALL-UNNAMED --add-exports=jdk.compiler/com.sun.tools.javac.api=ALL-UNNAMED --add-exports=jdk.compiler/com.sun.tools.javac.util=ALL-UNNAMED --add-opens=java.base/java.util=ALL-UNNAMED --add-opens=java.prefs/java.util.prefs=ALL-UNNAMED --add-opens=java.base/java.nio.charset=ALL-UNNAMED --add-opens=java.base/java.net=ALL-UNNAMED --add-opens=java.base/java.util.concurrent.atomic=ALL-UNNAMED --add-opens=java.xml/javax.xml.namespace=ALL-UNNAMED -XX:MaxMetaspaceSize=384m -XX:+HeapDumpOnOutOfMemoryError -Xms256m -Xmx512m -Dfile.encoding=x-windows-949 -Duser.country=KR -Duser.language=ko -Duser.variant -javaagent:C:\gradle-8.14-all\gradle-8.14\lib\agents\gradle-instrumentation-agent-8.14.jar 
java_command: org.gradle.launcher.daemon.bootstrap.GradleDaemon 8.14
java_class_path (initial): C:\gradle-8.14-all\gradle-8.14\lib\gradle-daemon-main-8.14.jar
Launcher Type: SUN_STANDARD

[Global flags]
     intx CICompilerCount                          = 4                                         {product} {ergonomic}
   size_t CompressedClassSpaceSize                 = 335544320                                 {product} {ergonomic}
     uint ConcGCThreads                            = 2                                         {product} {ergonomic}
     uint G1ConcRefinementThreads                  = 8                                         {product} {ergonomic}
   size_t G1HeapRegionSize                         = 1048576                                   {product} {ergonomic}
    uintx GCDrainStackTargetSize                   = 64                                        {product} {ergonomic}
     bool HeapDumpOnOutOfMemoryError               = true                                   {manageable} {command line}
   size_t InitialHeapSize                          = 268435456                                 {product} {command line}
   size_t MarkStackSize                            = 4194304                                   {product} {ergonomic}
   size_t MaxHeapSize                              = 536870912                                 {product} {command line}
   size_t MaxMetaspaceSize                         = 402653184                                 {product} {command line}
   size_t MaxNewSize                               = 321912832                                 {product} {ergonomic}
   size_t MinHeapDeltaBytes                        = 1048576                                   {product} {ergonomic}
   size_t MinHeapSize                              = 268435456                                 {product} {command line}
    uintx NonNMethodCodeHeapSize                   = 5839372                                {pd product} {ergonomic}
    uintx NonProfiledCodeHeapSize                  = 122909434                              {pd product} {ergonomic}
    uintx ProfiledCodeHeapSize                     = 122909434                              {pd product} {ergonomic}
    uintx ReservedCodeCacheSize                    = 251658240                              {pd product} {ergonomic}
     bool SegmentedCodeCache                       = true                                      {product} {ergonomic}
   size_t SoftMaxHeapSize                          = 536870912                              {manageable} {ergonomic}
     bool UseCompressedClassPointers               = true                           {product lp64_product} {ergonomic}
     bool UseCompressedOops                        = true                           {product lp64_product} {ergonomic}
     bool UseG1GC                                  = true                                      {product} {ergonomic}
     bool UseLargePagesIndividualAllocation        = false                                  {pd product} {ergonomic}

Logging:
Log output configuration:
 #0: stdout all=warning uptime,level,tags
 #1: stderr all=off uptime,level,tags

Environment Variables:
JAVA_HOME=C:\Users\SSAFY\.jdks\corretto-17.0.15
PATH=C:\Program Files\Git\mingw64\bin;C:\Program Files\Git\usr\bin;C:\Users\SSAFY\bin;C:\Python313\Scripts;C:\Python313;C:\WINDOWS\system32;C:\WINDOWS;C:\WINDOWS\System32\Wbem;C:\WINDOWS\System32\WindowsPowerShell\v1.0;C:\WINDOWS\System32\OpenSSH;C:\Program Files (x86)\NVIDIA Corporation\PhysX\Common;C:\Program Files\NVIDIA Corporation\NVIDIA NvDLISR;C:\Program Files\Microsoft SQL Server\130\Tools\Binn;C:\Program Files\Git\cmd;C:\Program Files\Bandizip;C:\Users\SSAFY\.jdks\corretto-17.0.15\bin;C:\Program Files\nodejs;C:\ProgramData\chocolatey\bin;C:\gradle-8.14-all\gradle-8.14\bin;C:\Program Files\MySQL\MySQL Shell 8.0\bin;C:\Users\SSAFY\AppData\Local\Microsoft\WindowsApps;C:\Users\SSAFY\AppData\Local\Programs\Microsoft VS Code\bin;C:\Program Files\JetBrains\IntelliJ IDEA Community Edition 2024.3.2.2\bin;C:\Program Files\JetBrains\IntelliJ IDEA 2024.3.5\bin;C:\Users\SSAFY\AppData\Roaming\npm
USERNAME=SSAFY
TERM=xterm-256color
OS=Windows_NT
PROCESSOR_IDENTIFIER=Intel64 Family 6 Model 158 Stepping 13, GenuineIntel
TMP=C:\Users\SSAFY\AppData\Local\Temp
TEMP=C:\Users\SSAFY\AppData\Local\Temp



Periodic native trim disabled


---------------  S Y S T E M  ---------------

OS:
 Windows 11 , 64 bit Build 26100 (10.0.26100.3775)
OS uptime: 23 days 22:51 hours
Hyper-V role detected

CPU: total 8 (initial active 8) (8 cores per cpu, 1 threads per core) family 6 model 158 stepping 13 microcode 0xde, cx8, cmov, fxsr, mmx, 3dnowpref, sse, sse2, sse3, ssse3, sse4.1, sse4.2, popcnt, lzcnt, tsc, tscinvbit, avx, avx2, aes, erms, clmul, bmi1, bmi2, adx, fma, vzeroupper, clflush, clflushopt, hv
Processor Information for all 8 processors :
  Max Mhz: 3000, Current Mhz: 3000, Mhz Limit: 3000

Memory: 4k page, system-wide physical 32702M (9685M free)
TotalPageFile size 63128M (AvailPageFile size 4M)
current process WorkingSet (physical memory assigned to process): 208M, peak: 211M
current process commit charge ("private bytes"): 405M, peak: 443M

vm_info: OpenJDK 64-Bit Server VM (17.0.15+6-LTS) for windows-amd64 JRE (17.0.15+6-LTS), built on Apr  9 2025 23:33:55 by "Administrator" with MS VC++ 16.10 / 16.11 (VS2019)

END.
