#
# There is insufficient memory for the Java Runtime Environment to continue.
# Native memory allocation (malloc) failed to allocate 1175376 bytes. Error detail: Chunk::new
# Possible reasons:
#   The system is out of physical RAM or swap space
#   This process is running with CompressedOops enabled, and the Java Heap may be blocking the growth of the native heap
# Possible solutions:
#   Reduce memory load on the system
#   Increase physical memory or swap space
#   Check if swap backing store is full
#   Decrease Java heap size (-Xmx/-Xms)
#   Decrease number of Java threads
#   Decrease Java thread stack sizes (-Xss)
#   Set larger code cache with -XX:ReservedCodeCacheSize=
#   JVM is running with Unscaled Compressed Oops mode in which the Java heap is
#     placed in the first 4GB address space. The Java Heap base address is the
#     maximum limit for the native heap growth. Please use -XX:HeapBaseMinAddress
#     to set the Java Heap base and to place the Java Heap above 4GB virtual address.
# This output file may be truncated or incomplete.
#
#  Out of Memory Error (arena.cpp:191), pid=16132, tid=10552
#
# JRE version: OpenJDK Runtime Environment Corretto-17.0.15.6.1 (17.0.15+6) (build 17.0.15+6-LTS)
# Java VM: OpenJDK 64-Bit Server VM Corretto-17.0.15.6.1 (17.0.15+6-LTS, mixed mode, sharing, tiered, compressed oops, compressed class ptrs, g1 gc, windows-amd64)
# No core dump will be written. Minidumps are not enabled by default on client versions of Windows
#

---------------  S U M M A R Y ------------

Command Line: --add-opens=java.base/java.lang=ALL-UNNAMED --add-opens=java.base/java.lang.invoke=ALL-UNNAMED --add-opens=java.base/java.util=ALL-UNNAMED --add-opens=java.prefs/java.util.prefs=ALL-UNNAMED --add-exports=jdk.compiler/com.sun.tools.javac.api=ALL-UNNAMED --add-exports=jdk.compiler/com.sun.tools.javac.util=ALL-UNNAMED --add-opens=java.base/java.util=ALL-UNNAMED --add-opens=java.prefs/java.util.prefs=ALL-UNNAMED --add-opens=java.base/java.nio.charset=ALL-UNNAMED --add-opens=java.base/java.net=ALL-UNNAMED --add-opens=java.base/java.util.concurrent.atomic=ALL-UNNAMED --add-opens=java.xml/javax.xml.namespace=ALL-UNNAMED -XX:MaxMetaspaceSize=384m -XX:+HeapDumpOnOutOfMemoryError -Xms256m -Xmx512m -Dfile.encoding=x-windows-949 -Duser.country=KR -Duser.language=ko -Duser.variant -javaagent:C:\gradle-8.14-all\gradle-8.14\lib\agents\gradle-instrumentation-agent-8.14.jar org.gradle.launcher.daemon.bootstrap.GradleDaemon 8.14

Host: Intel(R) Core(TM) i7-9700 CPU @ 3.00GHz, 8 cores, 31G,  Windows 11 , 64 bit Build 26100 (10.0.26100.3775)
Time: Mon May 19 10:28:13 2025  Windows 11 , 64 bit Build 26100 (10.0.26100.3775) elapsed time: 3.950955 seconds (0d 0h 0m 3s)

---------------  T H R E A D  ---------------

Current thread (0x00000209501fc4c0):  JavaThread "C2 CompilerThread1" daemon [_thread_in_native, id=10552, stack(0x000000ad8e100000,0x000000ad8e200000)]


Current CompileTask:
C2:   3951 2403   !   4       java.net.URLClassLoader::findClass (47 bytes)

Stack: [0x000000ad8e100000,0x000000ad8e200000]
Native frames: (J=compiled Java code, j=interpreted, Vv=VM code, C=native code)
V  [jvm.dll+0x681149]
V  [jvm.dll+0x838b5a]
V  [jvm.dll+0x83a61e]
V  [jvm.dll+0x83ac83]
V  [jvm.dll+0x24837f]
V  [jvm.dll+0xaca54]
V  [jvm.dll+0xad09c]
V  [jvm.dll+0x3679e2]
V  [jvm.dll+0x1bd2e6]
V  [jvm.dll+0x21aa19]
V  [jvm.dll+0x219d01]
V  [jvm.dll+0x1a59fd]
V  [jvm.dll+0x229a5d]
V  [jvm.dll+0x227bec]
V  [jvm.dll+0x7eda37]
V  [jvm.dll+0x7e7f8c]
V  [jvm.dll+0x680017]
C  [ucrtbase.dll+0x37b0]
C  [KERNEL32.DLL+0x2e8d7]
C  [ntdll.dll+0xb14fc]


---------------  P R O C E S S  ---------------

Threads class SMR info:
_java_thread_list=0x00000209509d42e0, length=26, elements={
0x0000020919fa8b60, 0x0000020935338af0, 0x00000209353395c0, 0x000002093534e7a0,
0x00000209353f54a0, 0x00000209353f5d70, 0x00000209353f6640, 0x00000209353f6f10,
0x00000209353f7820, 0x0000020935400140, 0x0000020935552db0, 0x00000209356102e0,
0x00000209501fc4c0, 0x0000020935989f70, 0x00000209503e9b20, 0x000002094f9ac550,
0x000002094fcf0050, 0x000002095045ab10, 0x00000209503acf30, 0x00000209503ae370,
0x00000209503ad440, 0x00000209503aca20, 0x00000209503aed90, 0x00000209503ae880,
0x00000209503ad950, 0x00000209503ade60
}

Java Threads: ( => current thread )
  0x0000020919fa8b60 JavaThread "main" [_thread_blocked, id=11476, stack(0x000000ad8ce00000,0x000000ad8cf00000)]
  0x0000020935338af0 JavaThread "Reference Handler" daemon [_thread_blocked, id=9048, stack(0x000000ad8d500000,0x000000ad8d600000)]
  0x00000209353395c0 JavaThread "Finalizer" daemon [_thread_blocked, id=10536, stack(0x000000ad8d600000,0x000000ad8d700000)]
  0x000002093534e7a0 JavaThread "Signal Dispatcher" daemon [_thread_blocked, id=16020, stack(0x000000ad8d700000,0x000000ad8d800000)]
  0x00000209353f54a0 JavaThread "Attach Listener" daemon [_thread_blocked, id=7584, stack(0x000000ad8d800000,0x000000ad8d900000)]
  0x00000209353f5d70 JavaThread "Service Thread" daemon [_thread_blocked, id=11084, stack(0x000000ad8d900000,0x000000ad8da00000)]
  0x00000209353f6640 JavaThread "Monitor Deflation Thread" daemon [_thread_blocked, id=4152, stack(0x000000ad8da00000,0x000000ad8db00000)]
  0x00000209353f6f10 JavaThread "C2 CompilerThread0" daemon [_thread_in_native, id=9900, stack(0x000000ad8db00000,0x000000ad8dc00000)]
  0x00000209353f7820 JavaThread "C1 CompilerThread0" daemon [_thread_blocked, id=10560, stack(0x000000ad8dc00000,0x000000ad8dd00000)]
  0x0000020935400140 JavaThread "Sweeper thread" daemon [_thread_blocked, id=15816, stack(0x000000ad8dd00000,0x000000ad8de00000)]
  0x0000020935552db0 JavaThread "Common-Cleaner" daemon [_thread_blocked, id=17540, stack(0x000000ad8de00000,0x000000ad8df00000)]
  0x00000209356102e0 JavaThread "Notification Thread" daemon [_thread_blocked, id=13600, stack(0x000000ad8df00000,0x000000ad8e000000)]
=>0x00000209501fc4c0 JavaThread "C2 CompilerThread1" daemon [_thread_in_native, id=10552, stack(0x000000ad8e100000,0x000000ad8e200000)]
  0x0000020935989f70 JavaThread "Daemon health stats" [_thread_blocked, id=16268, stack(0x000000ad8e200000,0x000000ad8e300000)]
  0x00000209503e9b20 JavaThread "Incoming local TCP Connector on port 54944" [_thread_in_native, id=1680, stack(0x000000ad8ea00000,0x000000ad8eb00000)]
  0x000002094f9ac550 JavaThread "Daemon periodic checks" [_thread_blocked, id=14068, stack(0x000000ad8eb00000,0x000000ad8ec00000)]
  0x000002094fcf0050 JavaThread "Daemon" [_thread_blocked, id=4056, stack(0x000000ad8ec00000,0x000000ad8ed00000)]
  0x000002095045ab10 JavaThread "Handler for socket connection from /127.0.0.1:54944 to /127.0.0.1:54945" [_thread_in_native, id=9960, stack(0x000000ad8ed00000,0x000000ad8ee00000)]
  0x00000209503acf30 JavaThread "Cancel handler" [_thread_blocked, id=13880, stack(0x000000ad8ee00000,0x000000ad8ef00000)]
  0x00000209503ae370 JavaThread "Daemon worker" [_thread_in_native, id=14856, stack(0x000000ad8ef00000,0x000000ad8f000000)]
  0x00000209503ad440 JavaThread "Asynchronous log dispatcher for DefaultDaemonConnection: socket connection from /127.0.0.1:54944 to /127.0.0.1:54945" [_thread_blocked, id=8304, stack(0x000000ad8f000000,0x000000ad8f100000)]
  0x00000209503aca20 JavaThread "Stdin handler" [_thread_blocked, id=8992, stack(0x000000ad8f100000,0x000000ad8f200000)]
  0x00000209503aed90 JavaThread "Daemon client event forwarder" [_thread_blocked, id=2660, stack(0x000000ad8f200000,0x000000ad8f300000)]
  0x00000209503ae880 JavaThread "Cache worker for journal cache (C:\Users\SSAFY\.gradle\caches\journal-1)" [_thread_blocked, id=16672, stack(0x000000ad8f300000,0x000000ad8f400000)]
  0x00000209503ad950 JavaThread "File lock request listener" [_thread_in_native, id=6848, stack(0x000000ad8f400000,0x000000ad8f500000)]
  0x00000209503ade60 JavaThread "Cache worker for file hash cache (C:\Users\SSAFY\.gradle\caches\8.14\fileHashes)" [_thread_blocked, id=7856, stack(0x000000ad8f500000,0x000000ad8f600000)]

Other Threads:
  0x0000020935333b00 VMThread "VM Thread" [stack: 0x000000ad8d400000,0x000000ad8d500000] [id=8472]
  0x0000020919fa98f0 WatcherThread [stack: 0x000000ad8e000000,0x000000ad8e100000] [id=7304]
  0x0000020919fd6210 GCTaskThread "GC Thread#0" [stack: 0x000000ad8cf00000,0x000000ad8d000000] [id=8060]
  0x0000020935c706b0 GCTaskThread "GC Thread#1" [stack: 0x000000ad8e300000,0x000000ad8e400000] [id=1816]
  0x0000020935a44df0 GCTaskThread "GC Thread#2" [stack: 0x000000ad8e400000,0x000000ad8e500000] [id=17760]
  0x000002094f1915a0 GCTaskThread "GC Thread#3" [stack: 0x000000ad8e500000,0x000000ad8e600000] [id=10296]
  0x000002094f191860 GCTaskThread "GC Thread#4" [stack: 0x000000ad8e600000,0x000000ad8e700000] [id=6460]
  0x000002094f191b20 GCTaskThread "GC Thread#5" [stack: 0x000000ad8e700000,0x000000ad8e800000] [id=1140]
  0x0000020935e0a9c0 GCTaskThread "GC Thread#6" [stack: 0x000000ad8e800000,0x000000ad8e900000] [id=9508]
  0x0000020935e0b200 GCTaskThread "GC Thread#7" [stack: 0x000000ad8e900000,0x000000ad8ea00000] [id=1616]
  0x0000020919fdb070 ConcurrentGCThread "G1 Main Marker" [stack: 0x000000ad8d000000,0x000000ad8d100000] [id=13424]
  0x0000020919fdc670 ConcurrentGCThread "G1 Conc#0" [stack: 0x000000ad8d100000,0x000000ad8d200000] [id=8296]
  0x00000209351f4610 ConcurrentGCThread "G1 Refine#0" [stack: 0x000000ad8d200000,0x000000ad8d300000] [id=8316]
  0x00000209351f4df0 ConcurrentGCThread "G1 Service" [stack: 0x000000ad8d300000,0x000000ad8d400000] [id=16596]

Threads with active compile tasks:
C2 CompilerThread0     3985 2334   !   4       java.lang.ClassLoader::loadClass (121 bytes)
C2 CompilerThread1     3985 2403   !   4       java.net.URLClassLoader::findClass (47 bytes)

VM state: not at safepoint (normal execution)

VM Mutex/Monitor currently owned by a thread: None

Heap address: 0x00000000e0000000, size: 512 MB, Compressed Oops mode: 32-bit

CDS archive(s) mapped at: [0x0000020936000000-0x0000020936bb0000-0x0000020936bb0000), size 12255232, SharedBaseAddress: 0x0000020936000000, ArchiveRelocationMode: 1.
Compressed class space mapped at: 0x0000020937000000-0x000002094b000000, reserved size: 335544320
Narrow klass base: 0x0000020936000000, Narrow klass shift: 0, Narrow klass range: 0x100000000

GC Precious Log:
 CPUs: 8 total, 8 available
 Memory: 32702M
 Large Page Support: Disabled
 NUMA Support: Disabled
 Compressed Oops: Enabled (32-bit)
 Heap Region Size: 1M
 Heap Min Capacity: 256M
 Heap Initial Capacity: 256M
 Heap Max Capacity: 512M
 Pre-touch: Disabled
 Parallel Workers: 8
 Concurrent Workers: 2
 Concurrent Refinement Workers: 8
 Periodic GC: Disabled

Heap:
 garbage-first heap   total 262144K, used 86849K [0x00000000e0000000, 0x0000000100000000)
  region size 1024K, 74 young (75776K), 7 survivors (7168K)
 Metaspace       used 18227K, committed 18496K, reserved 393216K
  class space    used 2625K, committed 2752K, reserved 327680K

Heap Regions: E=young(eden), S=young(survivor), O=old, HS=humongous(starts), HC=humongous(continues), CS=collection set, F=free, OA=open archive, CA=closed archive, TAMS=top-at-mark-start (previous, next)
|   0|0x00000000e0000000, 0x00000000e0100000, 0x00000000e0100000|100%| O|  |TAMS 0x00000000e0000000, 0x00000000e0000000| Untracked 
|   1|0x00000000e0100000, 0x00000000e0200000, 0x00000000e0200000|100%| O|  |TAMS 0x00000000e0100000, 0x00000000e0100000| Untracked 
|   2|0x00000000e0200000, 0x00000000e0300000, 0x00000000e0300000|100%| O|  |TAMS 0x00000000e0200000, 0x00000000e0200000| Untracked 
|   3|0x00000000e0300000, 0x00000000e0400000, 0x00000000e0400000|100%|HS|  |TAMS 0x00000000e0300000, 0x00000000e0300000| Complete 
|   4|0x00000000e0400000, 0x00000000e0500000, 0x00000000e0500000|100%|HC|  |TAMS 0x00000000e0400000, 0x00000000e0400000| Complete 
|   5|0x00000000e0500000, 0x00000000e0600000, 0x00000000e0600000|100%|HC|  |TAMS 0x00000000e0500000, 0x00000000e0500000| Complete 
|   6|0x00000000e0600000, 0x00000000e0700000, 0x00000000e0700000|100%| O|  |TAMS 0x00000000e0600000, 0x00000000e0600000| Untracked 
|   7|0x00000000e0700000, 0x00000000e0800000, 0x00000000e0800000|100%| O|  |TAMS 0x00000000e0700000, 0x00000000e0700000| Untracked 
|   8|0x00000000e0800000, 0x00000000e0900000, 0x00000000e0900000|100%| O|  |TAMS 0x00000000e0800000, 0x00000000e0800000| Untracked 
|   9|0x00000000e0900000, 0x00000000e0a00000, 0x00000000e0a00000|100%|HS|  |TAMS 0x00000000e0900000, 0x00000000e0900000| Complete 
|  10|0x00000000e0a00000, 0x00000000e0a00000, 0x00000000e0b00000|  0%| F|  |TAMS 0x00000000e0a00000, 0x00000000e0a00000| Untracked 
|  11|0x00000000e0b00000, 0x00000000e0c00000, 0x00000000e0c00000|100%| O|  |TAMS 0x00000000e0b00000, 0x00000000e0b00000| Untracked 
|  12|0x00000000e0c00000, 0x00000000e0cd0600, 0x00000000e0d00000| 81%| O|  |TAMS 0x00000000e0c00000, 0x00000000e0c00000| Untracked 
|  13|0x00000000e0d00000, 0x00000000e0d00000, 0x00000000e0e00000|  0%| F|  |TAMS 0x00000000e0d00000, 0x00000000e0d00000| Untracked 
|  14|0x00000000e0e00000, 0x00000000e0e00000, 0x00000000e0f00000|  0%| F|  |TAMS 0x00000000e0e00000, 0x00000000e0e00000| Untracked 
|  15|0x00000000e0f00000, 0x00000000e0f00000, 0x00000000e1000000|  0%| F|  |TAMS 0x00000000e0f00000, 0x00000000e0f00000| Untracked 
|  16|0x00000000e1000000, 0x00000000e1000000, 0x00000000e1100000|  0%| F|  |TAMS 0x00000000e1000000, 0x00000000e1000000| Untracked 
|  17|0x00000000e1100000, 0x00000000e1100000, 0x00000000e1200000|  0%| F|  |TAMS 0x00000000e1100000, 0x00000000e1100000| Untracked 
|  18|0x00000000e1200000, 0x00000000e1200000, 0x00000000e1300000|  0%| F|  |TAMS 0x00000000e1200000, 0x00000000e1200000| Untracked 
|  19|0x00000000e1300000, 0x00000000e1300000, 0x00000000e1400000|  0%| F|  |TAMS 0x00000000e1300000, 0x00000000e1300000| Untracked 
|  20|0x00000000e1400000, 0x00000000e1400000, 0x00000000e1500000|  0%| F|  |TAMS 0x00000000e1400000, 0x00000000e1400000| Untracked 
|  21|0x00000000e1500000, 0x00000000e1500000, 0x00000000e1600000|  0%| F|  |TAMS 0x00000000e1500000, 0x00000000e1500000| Untracked 
|  22|0x00000000e1600000, 0x00000000e1600000, 0x00000000e1700000|  0%| F|  |TAMS 0x00000000e1600000, 0x00000000e1600000| Untracked 
|  23|0x00000000e1700000, 0x00000000e1700000, 0x00000000e1800000|  0%| F|  |TAMS 0x00000000e1700000, 0x00000000e1700000| Untracked 
|  24|0x00000000e1800000, 0x00000000e1800000, 0x00000000e1900000|  0%| F|  |TAMS 0x00000000e1800000, 0x00000000e1800000| Untracked 
|  25|0x00000000e1900000, 0x00000000e1900000, 0x00000000e1a00000|  0%| F|  |TAMS 0x00000000e1900000, 0x00000000e1900000| Untracked 
|  26|0x00000000e1a00000, 0x00000000e1a00000, 0x00000000e1b00000|  0%| F|  |TAMS 0x00000000e1a00000, 0x00000000e1a00000| Untracked 
|  27|0x00000000e1b00000, 0x00000000e1b00000, 0x00000000e1c00000|  0%| F|  |TAMS 0x00000000e1b00000, 0x00000000e1b00000| Untracked 
|  28|0x00000000e1c00000, 0x00000000e1c00000, 0x00000000e1d00000|  0%| F|  |TAMS 0x00000000e1c00000, 0x00000000e1c00000| Untracked 
|  29|0x00000000e1d00000, 0x00000000e1d00000, 0x00000000e1e00000|  0%| F|  |TAMS 0x00000000e1d00000, 0x00000000e1d00000| Untracked 
|  30|0x00000000e1e00000, 0x00000000e1e00000, 0x00000000e1f00000|  0%| F|  |TAMS 0x00000000e1e00000, 0x00000000e1e00000| Untracked 
|  31|0x00000000e1f00000, 0x00000000e1f00000, 0x00000000e2000000|  0%| F|  |TAMS 0x00000000e1f00000, 0x00000000e1f00000| Untracked 
|  32|0x00000000e2000000, 0x00000000e2000000, 0x00000000e2100000|  0%| F|  |TAMS 0x00000000e2000000, 0x00000000e2000000| Untracked 
|  33|0x00000000e2100000, 0x00000000e2100000, 0x00000000e2200000|  0%| F|  |TAMS 0x00000000e2100000, 0x00000000e2100000| Untracked 
|  34|0x00000000e2200000, 0x00000000e2200000, 0x00000000e2300000|  0%| F|  |TAMS 0x00000000e2200000, 0x00000000e2200000| Untracked 
|  35|0x00000000e2300000, 0x00000000e2300000, 0x00000000e2400000|  0%| F|  |TAMS 0x00000000e2300000, 0x00000000e2300000| Untracked 
|  36|0x00000000e2400000, 0x00000000e2400000, 0x00000000e2500000|  0%| F|  |TAMS 0x00000000e2400000, 0x00000000e2400000| Untracked 
|  37|0x00000000e2500000, 0x00000000e2500000, 0x00000000e2600000|  0%| F|  |TAMS 0x00000000e2500000, 0x00000000e2500000| Untracked 
|  38|0x00000000e2600000, 0x00000000e2600000, 0x00000000e2700000|  0%| F|  |TAMS 0x00000000e2600000, 0x00000000e2600000| Untracked 
|  39|0x00000000e2700000, 0x00000000e2700000, 0x00000000e2800000|  0%| F|  |TAMS 0x00000000e2700000, 0x00000000e2700000| Untracked 
|  40|0x00000000e2800000, 0x00000000e2800000, 0x00000000e2900000|  0%| F|  |TAMS 0x00000000e2800000, 0x00000000e2800000| Untracked 
|  41|0x00000000e2900000, 0x00000000e2900000, 0x00000000e2a00000|  0%| F|  |TAMS 0x00000000e2900000, 0x00000000e2900000| Untracked 
|  42|0x00000000e2a00000, 0x00000000e2a00000, 0x00000000e2b00000|  0%| F|  |TAMS 0x00000000e2a00000, 0x00000000e2a00000| Untracked 
|  43|0x00000000e2b00000, 0x00000000e2b00000, 0x00000000e2c00000|  0%| F|  |TAMS 0x00000000e2b00000, 0x00000000e2b00000| Untracked 
|  44|0x00000000e2c00000, 0x00000000e2c00000, 0x00000000e2d00000|  0%| F|  |TAMS 0x00000000e2c00000, 0x00000000e2c00000| Untracked 
|  45|0x00000000e2d00000, 0x00000000e2d00000, 0x00000000e2e00000|  0%| F|  |TAMS 0x00000000e2d00000, 0x00000000e2d00000| Untracked 
|  46|0x00000000e2e00000, 0x00000000e2e00000, 0x00000000e2f00000|  0%| F|  |TAMS 0x00000000e2e00000, 0x00000000e2e00000| Untracked 
|  47|0x00000000e2f00000, 0x00000000e2f00000, 0x00000000e3000000|  0%| F|  |TAMS 0x00000000e2f00000, 0x00000000e2f00000| Untracked 
|  48|0x00000000e3000000, 0x00000000e3000000, 0x00000000e3100000|  0%| F|  |TAMS 0x00000000e3000000, 0x00000000e3000000| Untracked 
|  49|0x00000000e3100000, 0x00000000e3100000, 0x00000000e3200000|  0%| F|  |TAMS 0x00000000e3100000, 0x00000000e3100000| Untracked 
|  50|0x00000000e3200000, 0x00000000e3200000, 0x00000000e3300000|  0%| F|  |TAMS 0x00000000e3200000, 0x00000000e3200000| Untracked 
|  51|0x00000000e3300000, 0x00000000e3300000, 0x00000000e3400000|  0%| F|  |TAMS 0x00000000e3300000, 0x00000000e3300000| Untracked 
|  52|0x00000000e3400000, 0x00000000e3400000, 0x00000000e3500000|  0%| F|  |TAMS 0x00000000e3400000, 0x00000000e3400000| Untracked 
|  53|0x00000000e3500000, 0x00000000e3500000, 0x00000000e3600000|  0%| F|  |TAMS 0x00000000e3500000, 0x00000000e3500000| Untracked 
|  54|0x00000000e3600000, 0x00000000e3600000, 0x00000000e3700000|  0%| F|  |TAMS 0x00000000e3600000, 0x00000000e3600000| Untracked 
|  55|0x00000000e3700000, 0x00000000e3700000, 0x00000000e3800000|  0%| F|  |TAMS 0x00000000e3700000, 0x00000000e3700000| Untracked 
|  56|0x00000000e3800000, 0x00000000e3800000, 0x00000000e3900000|  0%| F|  |TAMS 0x00000000e3800000, 0x00000000e3800000| Untracked 
|  57|0x00000000e3900000, 0x00000000e3900000, 0x00000000e3a00000|  0%| F|  |TAMS 0x00000000e3900000, 0x00000000e3900000| Untracked 
|  58|0x00000000e3a00000, 0x00000000e3a00000, 0x00000000e3b00000|  0%| F|  |TAMS 0x00000000e3a00000, 0x00000000e3a00000| Untracked 
|  59|0x00000000e3b00000, 0x00000000e3b00000, 0x00000000e3c00000|  0%| F|  |TAMS 0x00000000e3b00000, 0x00000000e3b00000| Untracked 
|  60|0x00000000e3c00000, 0x00000000e3c00000, 0x00000000e3d00000|  0%| F|  |TAMS 0x00000000e3c00000, 0x00000000e3c00000| Untracked 
|  61|0x00000000e3d00000, 0x00000000e3d00000, 0x00000000e3e00000|  0%| F|  |TAMS 0x00000000e3d00000, 0x00000000e3d00000| Untracked 
|  62|0x00000000e3e00000, 0x00000000e3e00000, 0x00000000e3f00000|  0%| F|  |TAMS 0x00000000e3e00000, 0x00000000e3e00000| Untracked 
|  63|0x00000000e3f00000, 0x00000000e3f00000, 0x00000000e4000000|  0%| F|  |TAMS 0x00000000e3f00000, 0x00000000e3f00000| Untracked 
|  64|0x00000000e4000000, 0x00000000e4000000, 0x00000000e4100000|  0%| F|  |TAMS 0x00000000e4000000, 0x00000000e4000000| Untracked 
|  65|0x00000000e4100000, 0x00000000e4100000, 0x00000000e4200000|  0%| F|  |TAMS 0x00000000e4100000, 0x00000000e4100000| Untracked 
|  66|0x00000000e4200000, 0x00000000e4200000, 0x00000000e4300000|  0%| F|  |TAMS 0x00000000e4200000, 0x00000000e4200000| Untracked 
|  67|0x00000000e4300000, 0x00000000e4300000, 0x00000000e4400000|  0%| F|  |TAMS 0x00000000e4300000, 0x00000000e4300000| Untracked 
|  68|0x00000000e4400000, 0x00000000e4400000, 0x00000000e4500000|  0%| F|  |TAMS 0x00000000e4400000, 0x00000000e4400000| Untracked 
|  69|0x00000000e4500000, 0x00000000e4500000, 0x00000000e4600000|  0%| F|  |TAMS 0x00000000e4500000, 0x00000000e4500000| Untracked 
|  70|0x00000000e4600000, 0x00000000e4600000, 0x00000000e4700000|  0%| F|  |TAMS 0x00000000e4600000, 0x00000000e4600000| Untracked 
|  71|0x00000000e4700000, 0x00000000e4700000, 0x00000000e4800000|  0%| F|  |TAMS 0x00000000e4700000, 0x00000000e4700000| Untracked 
|  72|0x00000000e4800000, 0x00000000e4800000, 0x00000000e4900000|  0%| F|  |TAMS 0x00000000e4800000, 0x00000000e4800000| Untracked 
|  73|0x00000000e4900000, 0x00000000e4900000, 0x00000000e4a00000|  0%| F|  |TAMS 0x00000000e4900000, 0x00000000e4900000| Untracked 
|  74|0x00000000e4a00000, 0x00000000e4a00000, 0x00000000e4b00000|  0%| F|  |TAMS 0x00000000e4a00000, 0x00000000e4a00000| Untracked 
|  75|0x00000000e4b00000, 0x00000000e4b00000, 0x00000000e4c00000|  0%| F|  |TAMS 0x00000000e4b00000, 0x00000000e4b00000| Untracked 
|  76|0x00000000e4c00000, 0x00000000e4c00000, 0x00000000e4d00000|  0%| F|  |TAMS 0x00000000e4c00000, 0x00000000e4c00000| Untracked 
|  77|0x00000000e4d00000, 0x00000000e4d00000, 0x00000000e4e00000|  0%| F|  |TAMS 0x00000000e4d00000, 0x00000000e4d00000| Untracked 
|  78|0x00000000e4e00000, 0x00000000e4e00000, 0x00000000e4f00000|  0%| F|  |TAMS 0x00000000e4e00000, 0x00000000e4e00000| Untracked 
|  79|0x00000000e4f00000, 0x00000000e4f00000, 0x00000000e5000000|  0%| F|  |TAMS 0x00000000e4f00000, 0x00000000e4f00000| Untracked 
|  80|0x00000000e5000000, 0x00000000e5000000, 0x00000000e5100000|  0%| F|  |TAMS 0x00000000e5000000, 0x00000000e5000000| Untracked 
|  81|0x00000000e5100000, 0x00000000e5100000, 0x00000000e5200000|  0%| F|  |TAMS 0x00000000e5100000, 0x00000000e5100000| Untracked 
|  82|0x00000000e5200000, 0x00000000e5200000, 0x00000000e5300000|  0%| F|  |TAMS 0x00000000e5200000, 0x00000000e5200000| Untracked 
|  83|0x00000000e5300000, 0x00000000e5300000, 0x00000000e5400000|  0%| F|  |TAMS 0x00000000e5300000, 0x00000000e5300000| Untracked 
|  84|0x00000000e5400000, 0x00000000e5400000, 0x00000000e5500000|  0%| F|  |TAMS 0x00000000e5400000, 0x00000000e5400000| Untracked 
|  85|0x00000000e5500000, 0x00000000e5500000, 0x00000000e5600000|  0%| F|  |TAMS 0x00000000e5500000, 0x00000000e5500000| Untracked 
|  86|0x00000000e5600000, 0x00000000e5600000, 0x00000000e5700000|  0%| F|  |TAMS 0x00000000e5600000, 0x00000000e5600000| Untracked 
|  87|0x00000000e5700000, 0x00000000e5700000, 0x00000000e5800000|  0%| F|  |TAMS 0x00000000e5700000, 0x00000000e5700000| Untracked 
|  88|0x00000000e5800000, 0x00000000e5800000, 0x00000000e5900000|  0%| F|  |TAMS 0x00000000e5800000, 0x00000000e5800000| Untracked 
|  89|0x00000000e5900000, 0x00000000e5900000, 0x00000000e5a00000|  0%| F|  |TAMS 0x00000000e5900000, 0x00000000e5900000| Untracked 
|  90|0x00000000e5a00000, 0x00000000e5a00000, 0x00000000e5b00000|  0%| F|  |TAMS 0x00000000e5a00000, 0x00000000e5a00000| Untracked 
|  91|0x00000000e5b00000, 0x00000000e5b00000, 0x00000000e5c00000|  0%| F|  |TAMS 0x00000000e5b00000, 0x00000000e5b00000| Untracked 
|  92|0x00000000e5c00000, 0x00000000e5c00000, 0x00000000e5d00000|  0%| F|  |TAMS 0x00000000e5c00000, 0x00000000e5c00000| Untracked 
|  93|0x00000000e5d00000, 0x00000000e5d00000, 0x00000000e5e00000|  0%| F|  |TAMS 0x00000000e5d00000, 0x00000000e5d00000| Untracked 
|  94|0x00000000e5e00000, 0x00000000e5e00000, 0x00000000e5f00000|  0%| F|  |TAMS 0x00000000e5e00000, 0x00000000e5e00000| Untracked 
|  95|0x00000000e5f00000, 0x00000000e5f00000, 0x00000000e6000000|  0%| F|  |TAMS 0x00000000e5f00000, 0x00000000e5f00000| Untracked 
|  96|0x00000000e6000000, 0x00000000e6000000, 0x00000000e6100000|  0%| F|  |TAMS 0x00000000e6000000, 0x00000000e6000000| Untracked 
|  97|0x00000000e6100000, 0x00000000e6100000, 0x00000000e6200000|  0%| F|  |TAMS 0x00000000e6100000, 0x00000000e6100000| Untracked 
|  98|0x00000000e6200000, 0x00000000e6200000, 0x00000000e6300000|  0%| F|  |TAMS 0x00000000e6200000, 0x00000000e6200000| Untracked 
|  99|0x00000000e6300000, 0x00000000e6300000, 0x00000000e6400000|  0%| F|  |TAMS 0x00000000e6300000, 0x00000000e6300000| Untracked 
| 100|0x00000000e6400000, 0x00000000e6400000, 0x00000000e6500000|  0%| F|  |TAMS 0x00000000e6400000, 0x00000000e6400000| Untracked 
| 101|0x00000000e6500000, 0x00000000e6500000, 0x00000000e6600000|  0%| F|  |TAMS 0x00000000e6500000, 0x00000000e6500000| Untracked 
| 102|0x00000000e6600000, 0x00000000e6600000, 0x00000000e6700000|  0%| F|  |TAMS 0x00000000e6600000, 0x00000000e6600000| Untracked 
| 103|0x00000000e6700000, 0x00000000e6700000, 0x00000000e6800000|  0%| F|  |TAMS 0x00000000e6700000, 0x00000000e6700000| Untracked 
| 104|0x00000000e6800000, 0x00000000e6800000, 0x00000000e6900000|  0%| F|  |TAMS 0x00000000e6800000, 0x00000000e6800000| Untracked 
| 105|0x00000000e6900000, 0x00000000e6900000, 0x00000000e6a00000|  0%| F|  |TAMS 0x00000000e6900000, 0x00000000e6900000| Untracked 
| 106|0x00000000e6a00000, 0x00000000e6a00000, 0x00000000e6b00000|  0%| F|  |TAMS 0x00000000e6a00000, 0x00000000e6a00000| Untracked 
| 107|0x00000000e6b00000, 0x00000000e6b00000, 0x00000000e6c00000|  0%| F|  |TAMS 0x00000000e6b00000, 0x00000000e6b00000| Untracked 
| 108|0x00000000e6c00000, 0x00000000e6c00000, 0x00000000e6d00000|  0%| F|  |TAMS 0x00000000e6c00000, 0x00000000e6c00000| Untracked 
| 109|0x00000000e6d00000, 0x00000000e6d00000, 0x00000000e6e00000|  0%| F|  |TAMS 0x00000000e6d00000, 0x00000000e6d00000| Untracked 
| 110|0x00000000e6e00000, 0x00000000e6e00000, 0x00000000e6f00000|  0%| F|  |TAMS 0x00000000e6e00000, 0x00000000e6e00000| Untracked 
| 111|0x00000000e6f00000, 0x00000000e6f00000, 0x00000000e7000000|  0%| F|  |TAMS 0x00000000e6f00000, 0x00000000e6f00000| Untracked 
| 112|0x00000000e7000000, 0x00000000e7000000, 0x00000000e7100000|  0%| F|  |TAMS 0x00000000e7000000, 0x00000000e7000000| Untracked 
| 113|0x00000000e7100000, 0x00000000e7100000, 0x00000000e7200000|  0%| F|  |TAMS 0x00000000e7100000, 0x00000000e7100000| Untracked 
| 114|0x00000000e7200000, 0x00000000e7200000, 0x00000000e7300000|  0%| F|  |TAMS 0x00000000e7200000, 0x00000000e7200000| Untracked 
| 115|0x00000000e7300000, 0x00000000e7300000, 0x00000000e7400000|  0%| F|  |TAMS 0x00000000e7300000, 0x00000000e7300000| Untracked 
| 116|0x00000000e7400000, 0x00000000e7400000, 0x00000000e7500000|  0%| F|  |TAMS 0x00000000e7400000, 0x00000000e7400000| Untracked 
| 117|0x00000000e7500000, 0x00000000e7500000, 0x00000000e7600000|  0%| F|  |TAMS 0x00000000e7500000, 0x00000000e7500000| Untracked 
| 118|0x00000000e7600000, 0x00000000e7600000, 0x00000000e7700000|  0%| F|  |TAMS 0x00000000e7600000, 0x00000000e7600000| Untracked 
| 119|0x00000000e7700000, 0x00000000e7700000, 0x00000000e7800000|  0%| F|  |TAMS 0x00000000e7700000, 0x00000000e7700000| Untracked 
| 120|0x00000000e7800000, 0x00000000e7800000, 0x00000000e7900000|  0%| F|  |TAMS 0x00000000e7800000, 0x00000000e7800000| Untracked 
| 121|0x00000000e7900000, 0x00000000e7900000, 0x00000000e7a00000|  0%| F|  |TAMS 0x00000000e7900000, 0x00000000e7900000| Untracked 
| 122|0x00000000e7a00000, 0x00000000e7a00000, 0x00000000e7b00000|  0%| F|  |TAMS 0x00000000e7a00000, 0x00000000e7a00000| Untracked 
| 123|0x00000000e7b00000, 0x00000000e7b00000, 0x00000000e7c00000|  0%| F|  |TAMS 0x00000000e7b00000, 0x00000000e7b00000| Untracked 
| 124|0x00000000e7c00000, 0x00000000e7c00000, 0x00000000e7d00000|  0%| F|  |TAMS 0x00000000e7c00000, 0x00000000e7c00000| Untracked 
| 125|0x00000000e7d00000, 0x00000000e7d00000, 0x00000000e7e00000|  0%| F|  |TAMS 0x00000000e7d00000, 0x00000000e7d00000| Untracked 
| 126|0x00000000e7e00000, 0x00000000e7e00000, 0x00000000e7f00000|  0%| F|  |TAMS 0x00000000e7e00000, 0x00000000e7e00000| Untracked 
| 127|0x00000000e7f00000, 0x00000000e7f00000, 0x00000000e8000000|  0%| F|  |TAMS 0x00000000e7f00000, 0x00000000e7f00000| Untracked 
| 128|0x00000000e8000000, 0x00000000e8000000, 0x00000000e8100000|  0%| F|  |TAMS 0x00000000e8000000, 0x00000000e8000000| Untracked 
| 129|0x00000000e8100000, 0x00000000e8100000, 0x00000000e8200000|  0%| F|  |TAMS 0x00000000e8100000, 0x00000000e8100000| Untracked 
| 130|0x00000000e8200000, 0x00000000e8200000, 0x00000000e8300000|  0%| F|  |TAMS 0x00000000e8200000, 0x00000000e8200000| Untracked 
| 131|0x00000000e8300000, 0x00000000e8300000, 0x00000000e8400000|  0%| F|  |TAMS 0x00000000e8300000, 0x00000000e8300000| Untracked 
| 132|0x00000000e8400000, 0x00000000e8400000, 0x00000000e8500000|  0%| F|  |TAMS 0x00000000e8400000, 0x00000000e8400000| Untracked 
| 133|0x00000000e8500000, 0x00000000e8500000, 0x00000000e8600000|  0%| F|  |TAMS 0x00000000e8500000, 0x00000000e8500000| Untracked 
| 134|0x00000000e8600000, 0x00000000e8600000, 0x00000000e8700000|  0%| F|  |TAMS 0x00000000e8600000, 0x00000000e8600000| Untracked 
| 135|0x00000000e8700000, 0x00000000e8700000, 0x00000000e8800000|  0%| F|  |TAMS 0x00000000e8700000, 0x00000000e8700000| Untracked 
| 136|0x00000000e8800000, 0x00000000e8800000, 0x00000000e8900000|  0%| F|  |TAMS 0x00000000e8800000, 0x00000000e8800000| Untracked 
| 137|0x00000000e8900000, 0x00000000e8900000, 0x00000000e8a00000|  0%| F|  |TAMS 0x00000000e8900000, 0x00000000e8900000| Untracked 
| 138|0x00000000e8a00000, 0x00000000e8a00000, 0x00000000e8b00000|  0%| F|  |TAMS 0x00000000e8a00000, 0x00000000e8a00000| Untracked 
| 139|0x00000000e8b00000, 0x00000000e8b00000, 0x00000000e8c00000|  0%| F|  |TAMS 0x00000000e8b00000, 0x00000000e8b00000| Untracked 
| 140|0x00000000e8c00000, 0x00000000e8c00000, 0x00000000e8d00000|  0%| F|  |TAMS 0x00000000e8c00000, 0x00000000e8c00000| Untracked 
| 141|0x00000000e8d00000, 0x00000000e8d00000, 0x00000000e8e00000|  0%| F|  |TAMS 0x00000000e8d00000, 0x00000000e8d00000| Untracked 
| 142|0x00000000e8e00000, 0x00000000e8e00000, 0x00000000e8f00000|  0%| F|  |TAMS 0x00000000e8e00000, 0x00000000e8e00000| Untracked 
| 143|0x00000000e8f00000, 0x00000000e8f00000, 0x00000000e9000000|  0%| F|  |TAMS 0x00000000e8f00000, 0x00000000e8f00000| Untracked 
| 144|0x00000000e9000000, 0x00000000e9000000, 0x00000000e9100000|  0%| F|  |TAMS 0x00000000e9000000, 0x00000000e9000000| Untracked 
| 145|0x00000000e9100000, 0x00000000e9100000, 0x00000000e9200000|  0%| F|  |TAMS 0x00000000e9100000, 0x00000000e9100000| Untracked 
| 146|0x00000000e9200000, 0x00000000e9200000, 0x00000000e9300000|  0%| F|  |TAMS 0x00000000e9200000, 0x00000000e9200000| Untracked 
| 147|0x00000000e9300000, 0x00000000e9300000, 0x00000000e9400000|  0%| F|  |TAMS 0x00000000e9300000, 0x00000000e9300000| Untracked 
| 148|0x00000000e9400000, 0x00000000e9400000, 0x00000000e9500000|  0%| F|  |TAMS 0x00000000e9400000, 0x00000000e9400000| Untracked 
| 149|0x00000000e9500000, 0x00000000e9500000, 0x00000000e9600000|  0%| F|  |TAMS 0x00000000e9500000, 0x00000000e9500000| Untracked 
| 150|0x00000000e9600000, 0x00000000e9600000, 0x00000000e9700000|  0%| F|  |TAMS 0x00000000e9600000, 0x00000000e9600000| Untracked 
| 151|0x00000000e9700000, 0x00000000e9700000, 0x00000000e9800000|  0%| F|  |TAMS 0x00000000e9700000, 0x00000000e9700000| Untracked 
| 152|0x00000000e9800000, 0x00000000e9800000, 0x00000000e9900000|  0%| F|  |TAMS 0x00000000e9800000, 0x00000000e9800000| Untracked 
| 153|0x00000000e9900000, 0x00000000e9900000, 0x00000000e9a00000|  0%| F|  |TAMS 0x00000000e9900000, 0x00000000e9900000| Untracked 
| 154|0x00000000e9a00000, 0x00000000e9a00000, 0x00000000e9b00000|  0%| F|  |TAMS 0x00000000e9a00000, 0x00000000e9a00000| Untracked 
| 155|0x00000000e9b00000, 0x00000000e9b00000, 0x00000000e9c00000|  0%| F|  |TAMS 0x00000000e9b00000, 0x00000000e9b00000| Untracked 
| 156|0x00000000e9c00000, 0x00000000e9c00000, 0x00000000e9d00000|  0%| F|  |TAMS 0x00000000e9c00000, 0x00000000e9c00000| Untracked 
| 157|0x00000000e9d00000, 0x00000000e9d00000, 0x00000000e9e00000|  0%| F|  |TAMS 0x00000000e9d00000, 0x00000000e9d00000| Untracked 
| 158|0x00000000e9e00000, 0x00000000e9e00000, 0x00000000e9f00000|  0%| F|  |TAMS 0x00000000e9e00000, 0x00000000e9e00000| Untracked 
| 159|0x00000000e9f00000, 0x00000000e9f00000, 0x00000000ea000000|  0%| F|  |TAMS 0x00000000e9f00000, 0x00000000e9f00000| Untracked 
| 160|0x00000000ea000000, 0x00000000ea000000, 0x00000000ea100000|  0%| F|  |TAMS 0x00000000ea000000, 0x00000000ea000000| Untracked 
| 161|0x00000000ea100000, 0x00000000ea100000, 0x00000000ea200000|  0%| F|  |TAMS 0x00000000ea100000, 0x00000000ea100000| Untracked 
| 162|0x00000000ea200000, 0x00000000ea200000, 0x00000000ea300000|  0%| F|  |TAMS 0x00000000ea200000, 0x00000000ea200000| Untracked 
| 163|0x00000000ea300000, 0x00000000ea300000, 0x00000000ea400000|  0%| F|  |TAMS 0x00000000ea300000, 0x00000000ea300000| Untracked 
| 164|0x00000000ea400000, 0x00000000ea400000, 0x00000000ea500000|  0%| F|  |TAMS 0x00000000ea400000, 0x00000000ea400000| Untracked 
| 165|0x00000000ea500000, 0x00000000ea500000, 0x00000000ea600000|  0%| F|  |TAMS 0x00000000ea500000, 0x00000000ea500000| Untracked 
| 166|0x00000000ea600000, 0x00000000ea600000, 0x00000000ea700000|  0%| F|  |TAMS 0x00000000ea600000, 0x00000000ea600000| Untracked 
| 167|0x00000000ea700000, 0x00000000ea700000, 0x00000000ea800000|  0%| F|  |TAMS 0x00000000ea700000, 0x00000000ea700000| Untracked 
| 168|0x00000000ea800000, 0x00000000ea800000, 0x00000000ea900000|  0%| F|  |TAMS 0x00000000ea800000, 0x00000000ea800000| Untracked 
| 169|0x00000000ea900000, 0x00000000ea900000, 0x00000000eaa00000|  0%| F|  |TAMS 0x00000000ea900000, 0x00000000ea900000| Untracked 
| 170|0x00000000eaa00000, 0x00000000eaa00000, 0x00000000eab00000|  0%| F|  |TAMS 0x00000000eaa00000, 0x00000000eaa00000| Untracked 
| 171|0x00000000eab00000, 0x00000000eab00000, 0x00000000eac00000|  0%| F|  |TAMS 0x00000000eab00000, 0x00000000eab00000| Untracked 
| 172|0x00000000eac00000, 0x00000000eac00000, 0x00000000ead00000|  0%| F|  |TAMS 0x00000000eac00000, 0x00000000eac00000| Untracked 
| 173|0x00000000ead00000, 0x00000000ead00000, 0x00000000eae00000|  0%| F|  |TAMS 0x00000000ead00000, 0x00000000ead00000| Untracked 
| 174|0x00000000eae00000, 0x00000000eae00000, 0x00000000eaf00000|  0%| F|  |TAMS 0x00000000eae00000, 0x00000000eae00000| Untracked 
| 175|0x00000000eaf00000, 0x00000000eaf00000, 0x00000000eb000000|  0%| F|  |TAMS 0x00000000eaf00000, 0x00000000eaf00000| Untracked 
| 176|0x00000000eb000000, 0x00000000eb000000, 0x00000000eb100000|  0%| F|  |TAMS 0x00000000eb000000, 0x00000000eb000000| Untracked 
| 177|0x00000000eb100000, 0x00000000eb100000, 0x00000000eb200000|  0%| F|  |TAMS 0x00000000eb100000, 0x00000000eb100000| Untracked 
| 178|0x00000000eb200000, 0x00000000eb200000, 0x00000000eb300000|  0%| F|  |TAMS 0x00000000eb200000, 0x00000000eb200000| Untracked 
| 179|0x00000000eb300000, 0x00000000eb300000, 0x00000000eb400000|  0%| F|  |TAMS 0x00000000eb300000, 0x00000000eb300000| Untracked 
| 180|0x00000000eb400000, 0x00000000eb400000, 0x00000000eb500000|  0%| F|  |TAMS 0x00000000eb400000, 0x00000000eb400000| Untracked 
| 181|0x00000000eb500000, 0x00000000eb500000, 0x00000000eb600000|  0%| F|  |TAMS 0x00000000eb500000, 0x00000000eb500000| Untracked 
| 182|0x00000000eb600000, 0x00000000eb680000, 0x00000000eb700000| 50%| E|  |TAMS 0x00000000eb600000, 0x00000000eb600000| Complete 
| 183|0x00000000eb700000, 0x00000000eb800000, 0x00000000eb800000|100%| E|CS|TAMS 0x00000000eb700000, 0x00000000eb700000| Complete 
| 184|0x00000000eb800000, 0x00000000eb900000, 0x00000000eb900000|100%| E|CS|TAMS 0x00000000eb800000, 0x00000000eb800000| Complete 
| 185|0x00000000eb900000, 0x00000000eba00000, 0x00000000eba00000|100%| E|CS|TAMS 0x00000000eb900000, 0x00000000eb900000| Complete 
| 186|0x00000000eba00000, 0x00000000ebb00000, 0x00000000ebb00000|100%| E|CS|TAMS 0x00000000eba00000, 0x00000000eba00000| Complete 
| 187|0x00000000ebb00000, 0x00000000ebc00000, 0x00000000ebc00000|100%| E|CS|TAMS 0x00000000ebb00000, 0x00000000ebb00000| Complete 
| 188|0x00000000ebc00000, 0x00000000ebd00000, 0x00000000ebd00000|100%| E|CS|TAMS 0x00000000ebc00000, 0x00000000ebc00000| Complete 
| 189|0x00000000ebd00000, 0x00000000ebe00000, 0x00000000ebe00000|100%| E|CS|TAMS 0x00000000ebd00000, 0x00000000ebd00000| Complete 
| 190|0x00000000ebe00000, 0x00000000ebf00000, 0x00000000ebf00000|100%| E|CS|TAMS 0x00000000ebe00000, 0x00000000ebe00000| Complete 
| 191|0x00000000ebf00000, 0x00000000ec000000, 0x00000000ec000000|100%| E|CS|TAMS 0x00000000ebf00000, 0x00000000ebf00000| Complete 
| 192|0x00000000ec000000, 0x00000000ec100000, 0x00000000ec100000|100%| E|CS|TAMS 0x00000000ec000000, 0x00000000ec000000| Complete 
| 193|0x00000000ec100000, 0x00000000ec200000, 0x00000000ec200000|100%| E|CS|TAMS 0x00000000ec100000, 0x00000000ec100000| Complete 
| 194|0x00000000ec200000, 0x00000000ec300000, 0x00000000ec300000|100%| E|CS|TAMS 0x00000000ec200000, 0x00000000ec200000| Complete 
| 195|0x00000000ec300000, 0x00000000ec400000, 0x00000000ec400000|100%| S|CS|TAMS 0x00000000ec300000, 0x00000000ec300000| Complete 
| 196|0x00000000ec400000, 0x00000000ec500000, 0x00000000ec500000|100%| S|CS|TAMS 0x00000000ec400000, 0x00000000ec400000| Complete 
| 197|0x00000000ec500000, 0x00000000ec600000, 0x00000000ec600000|100%| S|CS|TAMS 0x00000000ec500000, 0x00000000ec500000| Complete 
| 198|0x00000000ec600000, 0x00000000ec700000, 0x00000000ec700000|100%| S|CS|TAMS 0x00000000ec600000, 0x00000000ec600000| Complete 
| 199|0x00000000ec700000, 0x00000000ec800000, 0x00000000ec800000|100%| S|CS|TAMS 0x00000000ec700000, 0x00000000ec700000| Complete 
| 200|0x00000000ec800000, 0x00000000ec900000, 0x00000000ec900000|100%| S|CS|TAMS 0x00000000ec800000, 0x00000000ec800000| Complete 
| 201|0x00000000ec900000, 0x00000000eca00000, 0x00000000eca00000|100%| S|CS|TAMS 0x00000000ec900000, 0x00000000ec900000| Complete 
| 202|0x00000000eca00000, 0x00000000ecb00000, 0x00000000ecb00000|100%| E|CS|TAMS 0x00000000eca00000, 0x00000000eca00000| Complete 
| 203|0x00000000ecb00000, 0x00000000ecc00000, 0x00000000ecc00000|100%| E|CS|TAMS 0x00000000ecb00000, 0x00000000ecb00000| Complete 
| 204|0x00000000ecc00000, 0x00000000ecd00000, 0x00000000ecd00000|100%| E|CS|TAMS 0x00000000ecc00000, 0x00000000ecc00000| Complete 
| 205|0x00000000ecd00000, 0x00000000ece00000, 0x00000000ece00000|100%| E|CS|TAMS 0x00000000ecd00000, 0x00000000ecd00000| Complete 
| 206|0x00000000ece00000, 0x00000000ecf00000, 0x00000000ecf00000|100%| E|CS|TAMS 0x00000000ece00000, 0x00000000ece00000| Complete 
| 207|0x00000000ecf00000, 0x00000000ed000000, 0x00000000ed000000|100%| E|CS|TAMS 0x00000000ecf00000, 0x00000000ecf00000| Complete 
| 208|0x00000000ed000000, 0x00000000ed100000, 0x00000000ed100000|100%| E|CS|TAMS 0x00000000ed000000, 0x00000000ed000000| Complete 
| 209|0x00000000ed100000, 0x00000000ed200000, 0x00000000ed200000|100%| E|CS|TAMS 0x00000000ed100000, 0x00000000ed100000| Complete 
| 210|0x00000000ed200000, 0x00000000ed300000, 0x00000000ed300000|100%| E|CS|TAMS 0x00000000ed200000, 0x00000000ed200000| Complete 
| 211|0x00000000ed300000, 0x00000000ed400000, 0x00000000ed400000|100%| E|CS|TAMS 0x00000000ed300000, 0x00000000ed300000| Complete 
| 212|0x00000000ed400000, 0x00000000ed500000, 0x00000000ed500000|100%| E|CS|TAMS 0x00000000ed400000, 0x00000000ed400000| Complete 
| 213|0x00000000ed500000, 0x00000000ed600000, 0x00000000ed600000|100%| E|CS|TAMS 0x00000000ed500000, 0x00000000ed500000| Complete 
| 214|0x00000000ed600000, 0x00000000ed700000, 0x00000000ed700000|100%| E|CS|TAMS 0x00000000ed600000, 0x00000000ed600000| Complete 
| 215|0x00000000ed700000, 0x00000000ed800000, 0x00000000ed800000|100%| E|CS|TAMS 0x00000000ed700000, 0x00000000ed700000| Complete 
| 216|0x00000000ed800000, 0x00000000ed900000, 0x00000000ed900000|100%| E|CS|TAMS 0x00000000ed800000, 0x00000000ed800000| Complete 
| 217|0x00000000ed900000, 0x00000000eda00000, 0x00000000eda00000|100%| E|CS|TAMS 0x00000000ed900000, 0x00000000ed900000| Complete 
| 218|0x00000000eda00000, 0x00000000edb00000, 0x00000000edb00000|100%| E|CS|TAMS 0x00000000eda00000, 0x00000000eda00000| Complete 
| 219|0x00000000edb00000, 0x00000000edc00000, 0x00000000edc00000|100%| E|CS|TAMS 0x00000000edb00000, 0x00000000edb00000| Complete 
| 220|0x00000000edc00000, 0x00000000edd00000, 0x00000000edd00000|100%| E|CS|TAMS 0x00000000edc00000, 0x00000000edc00000| Complete 
| 221|0x00000000edd00000, 0x00000000ede00000, 0x00000000ede00000|100%| E|CS|TAMS 0x00000000edd00000, 0x00000000edd00000| Complete 
| 222|0x00000000ede00000, 0x00000000edf00000, 0x00000000edf00000|100%| E|CS|TAMS 0x00000000ede00000, 0x00000000ede00000| Complete 
| 223|0x00000000edf00000, 0x00000000ee000000, 0x00000000ee000000|100%| E|CS|TAMS 0x00000000edf00000, 0x00000000edf00000| Complete 
| 224|0x00000000ee000000, 0x00000000ee100000, 0x00000000ee100000|100%| E|CS|TAMS 0x00000000ee000000, 0x00000000ee000000| Complete 
| 225|0x00000000ee100000, 0x00000000ee200000, 0x00000000ee200000|100%| E|CS|TAMS 0x00000000ee100000, 0x00000000ee100000| Complete 
| 226|0x00000000ee200000, 0x00000000ee300000, 0x00000000ee300000|100%| E|CS|TAMS 0x00000000ee200000, 0x00000000ee200000| Complete 
| 227|0x00000000ee300000, 0x00000000ee400000, 0x00000000ee400000|100%| E|CS|TAMS 0x00000000ee300000, 0x00000000ee300000| Complete 
| 228|0x00000000ee400000, 0x00000000ee500000, 0x00000000ee500000|100%| E|CS|TAMS 0x00000000ee400000, 0x00000000ee400000| Complete 
| 229|0x00000000ee500000, 0x00000000ee600000, 0x00000000ee600000|100%| E|CS|TAMS 0x00000000ee500000, 0x00000000ee500000| Complete 
| 230|0x00000000ee600000, 0x00000000ee700000, 0x00000000ee700000|100%| E|CS|TAMS 0x00000000ee600000, 0x00000000ee600000| Complete 
| 231|0x00000000ee700000, 0x00000000ee800000, 0x00000000ee800000|100%| E|CS|TAMS 0x00000000ee700000, 0x00000000ee700000| Complete 
| 232|0x00000000ee800000, 0x00000000ee900000, 0x00000000ee900000|100%| E|CS|TAMS 0x00000000ee800000, 0x00000000ee800000| Complete 
| 233|0x00000000ee900000, 0x00000000eea00000, 0x00000000eea00000|100%| E|CS|TAMS 0x00000000ee900000, 0x00000000ee900000| Complete 
| 234|0x00000000eea00000, 0x00000000eeb00000, 0x00000000eeb00000|100%| E|CS|TAMS 0x00000000eea00000, 0x00000000eea00000| Complete 
| 235|0x00000000eeb00000, 0x00000000eec00000, 0x00000000eec00000|100%| E|CS|TAMS 0x00000000eeb00000, 0x00000000eeb00000| Complete 
| 236|0x00000000eec00000, 0x00000000eed00000, 0x00000000eed00000|100%| E|CS|TAMS 0x00000000eec00000, 0x00000000eec00000| Complete 
| 237|0x00000000eed00000, 0x00000000eee00000, 0x00000000eee00000|100%| E|CS|TAMS 0x00000000eed00000, 0x00000000eed00000| Complete 
| 238|0x00000000eee00000, 0x00000000eef00000, 0x00000000eef00000|100%| E|CS|TAMS 0x00000000eee00000, 0x00000000eee00000| Complete 
| 239|0x00000000eef00000, 0x00000000ef000000, 0x00000000ef000000|100%| E|CS|TAMS 0x00000000eef00000, 0x00000000eef00000| Complete 
| 240|0x00000000ef000000, 0x00000000ef100000, 0x00000000ef100000|100%| E|CS|TAMS 0x00000000ef000000, 0x00000000ef000000| Complete 
| 241|0x00000000ef100000, 0x00000000ef200000, 0x00000000ef200000|100%| E|CS|TAMS 0x00000000ef100000, 0x00000000ef100000| Complete 
| 242|0x00000000ef200000, 0x00000000ef300000, 0x00000000ef300000|100%| E|CS|TAMS 0x00000000ef200000, 0x00000000ef200000| Complete 
| 243|0x00000000ef300000, 0x00000000ef400000, 0x00000000ef400000|100%| E|CS|TAMS 0x00000000ef300000, 0x00000000ef300000| Complete 
| 244|0x00000000ef400000, 0x00000000ef500000, 0x00000000ef500000|100%| E|CS|TAMS 0x00000000ef400000, 0x00000000ef400000| Complete 
| 245|0x00000000ef500000, 0x00000000ef600000, 0x00000000ef600000|100%| E|CS|TAMS 0x00000000ef500000, 0x00000000ef500000| Complete 
| 246|0x00000000ef600000, 0x00000000ef700000, 0x00000000ef700000|100%| E|CS|TAMS 0x00000000ef600000, 0x00000000ef600000| Complete 
| 247|0x00000000ef700000, 0x00000000ef800000, 0x00000000ef800000|100%| E|CS|TAMS 0x00000000ef700000, 0x00000000ef700000| Complete 
| 248|0x00000000ef800000, 0x00000000ef900000, 0x00000000ef900000|100%| E|CS|TAMS 0x00000000ef800000, 0x00000000ef800000| Complete 
| 249|0x00000000ef900000, 0x00000000efa00000, 0x00000000efa00000|100%| E|CS|TAMS 0x00000000ef900000, 0x00000000ef900000| Complete 
| 250|0x00000000efa00000, 0x00000000efb00000, 0x00000000efb00000|100%| E|CS|TAMS 0x00000000efa00000, 0x00000000efa00000| Complete 
| 251|0x00000000efb00000, 0x00000000efc00000, 0x00000000efc00000|100%| E|CS|TAMS 0x00000000efb00000, 0x00000000efb00000| Complete 
| 252|0x00000000efc00000, 0x00000000efd00000, 0x00000000efd00000|100%| E|CS|TAMS 0x00000000efc00000, 0x00000000efc00000| Complete 
| 253|0x00000000efd00000, 0x00000000efe00000, 0x00000000efe00000|100%| E|CS|TAMS 0x00000000efd00000, 0x00000000efd00000| Complete 
| 254|0x00000000efe00000, 0x00000000eff00000, 0x00000000eff00000|100%| E|CS|TAMS 0x00000000efe00000, 0x00000000efe00000| Complete 
| 255|0x00000000eff00000, 0x00000000f0000000, 0x00000000f0000000|100%| E|CS|TAMS 0x00000000eff00000, 0x00000000eff00000| Complete 

Card table byte_map: [0x00000209316a0000,0x00000209317a0000] _byte_map_base: 0x0000020930fa0000

Marking Bits (Prev, Next): (CMBitMap*) 0x0000020919fd6740, (CMBitMap*) 0x0000020919fd6780
 Prev Bits: [0x00000209318a0000, 0x00000209320a0000)
 Next Bits: [0x00000209320a0000, 0x00000209328a0000)

Polling page: 0x000002091a060000

Metaspace:

Usage:
  Non-class:     15.26 MB used.
      Class:      2.57 MB used.
       Both:     17.83 MB used.

Virtual space:
  Non-class space:       64.00 MB reserved,      15.38 MB ( 24%) committed,  1 nodes.
      Class space:      320.00 MB reserved,       2.69 MB ( <1%) committed,  1 nodes.
             Both:      384.00 MB reserved,      18.06 MB (  5%) committed. 

Chunk freelists:
   Non-Class:  384.00 KB
       Class:  13.28 MB
        Both:  13.66 MB

MaxMetaspaceSize: 384.00 MB
CompressedClassSpaceSize: 320.00 MB
Initial GC threshold: 21.00 MB
Current GC threshold: 21.00 MB
CDS: on
MetaspaceReclaimPolicy: balanced
 - commit_granule_bytes: 65536.
 - commit_granule_words: 8192.
 - virtual_space_node_default_size: 8388608.
 - enlarge_chunks_in_place: 1.
 - new_chunks_are_fully_committed: 0.
 - uncommit_free_chunks: 1.
 - use_allocation_guard: 0.
 - handle_deallocations: 1.


Internal statistics:

num_allocs_failed_limit: 0.
num_arena_births: 194.
num_arena_deaths: 0.
num_vsnodes_births: 2.
num_vsnodes_deaths: 0.
num_space_committed: 289.
num_space_uncommitted: 0.
num_chunks_returned_to_freelist: 0.
num_chunks_taken_from_freelist: 827.
num_chunk_merges: 0.
num_chunk_splits: 542.
num_chunks_enlarged: 402.
num_inconsistent_stats: 0.

CodeHeap 'non-profiled nmethods': size=120000Kb used=1212Kb max_used=1212Kb free=118788Kb
 bounds [0x0000020929610000, 0x0000020929880000, 0x0000020930b40000]
CodeHeap 'profiled nmethods': size=120000Kb used=4967Kb max_used=4967Kb free=115032Kb
 bounds [0x0000020921b40000, 0x0000020922020000, 0x0000020929070000]
CodeHeap 'non-nmethods': size=5760Kb used=1238Kb max_used=1296Kb free=4521Kb
 bounds [0x0000020929070000, 0x00000209292e0000, 0x0000020929610000]
 total_blobs=3005 nmethods=2460 adapters=457
 compilation: enabled
              stopped_count=0, restarted_count=0
 full_count=0

Compilation events (20 events):
Event: 3.581 Thread 0x00000209353f7820 nmethod 2447 0x0000020922009310 code [0x00000209220094a0, 0x00000209220095b8]
Event: 3.592 Thread 0x00000209353f7820 2448       3       java.lang.reflect.Method::getGenericReturnType (20 bytes)
Event: 3.594 Thread 0x00000209353f7820 nmethod 2448 0x0000020922009690 code [0x0000020922009940, 0x000002092200aa58]
Event: 3.594 Thread 0x00000209353f7820 2449       3       org.gradle.internal.service.RelevantMethods$RelevantMethodsBuilder::add (101 bytes)
Event: 3.595 Thread 0x00000209353f7820 nmethod 2449 0x000002092200af90 code [0x000002092200b260, 0x000002092200bfc8]
Event: 3.595 Thread 0x00000209353f7820 2450   !   3       org.gradle.internal.service.MethodHandleBasedServiceMethodFactory::toServiceMethod (51 bytes)
Event: 3.596 Thread 0x00000209353f7820 nmethod 2450 0x000002092200c590 code [0x000002092200c900, 0x000002092200dfd8]
Event: 3.596 Thread 0x00000209353f7820 2451       3       java.lang.reflect.Method::getGenericParameterTypes (5 bytes)
Event: 3.596 Thread 0x00000209353f7820 nmethod 2451 0x000002092200e710 code [0x000002092200e9c0, 0x000002092200fa58]
Event: 3.597 Thread 0x00000209353f7820 2452       3       java.lang.reflect.Method::hasGenericInformation (13 bytes)
Event: 3.597 Thread 0x00000209353f7820 nmethod 2452 0x000002092200ff10 code [0x00000209220100a0, 0x0000020922010218]
Event: 3.597 Thread 0x00000209353f7820 2453       3       org.gradle.internal.service.AbstractServiceMethod::<init> (42 bytes)
Event: 3.597 Thread 0x00000209353f7820 nmethod 2453 0x0000020922010290 code [0x0000020922010600, 0x00000209220121a8]
Event: 3.597 Thread 0x00000209353f7820 2456       3       org.gradle.internal.service.DefaultServiceRegistry$SingletonService::getAll (38 bytes)
Event: 3.598 Thread 0x00000209353f7820 nmethod 2456 0x0000020922012990 code [0x0000020922012b80, 0x0000020922012f98]
Event: 3.598 Thread 0x00000209353f7820 2455       3       org.gradle.util.internal.CollectionUtils::collect (53 bytes)
Event: 3.598 Thread 0x00000209353f7820 nmethod 2455 0x0000020922013110 code [0x0000020922013340, 0x0000020922013b88]
Event: 3.598 Thread 0x00000209353f7820 2454   !   3       jdk.proxy1.$Proxy2::annotationType (29 bytes)
Event: 3.598 Thread 0x00000209353f7820 nmethod 2454 0x0000020922013d90 code [0x0000020922013f60, 0x0000020922014358]
Event: 3.637 Thread 0x00000209353f7820 2458       1       java.util.concurrent.atomic.AtomicInteger::get (5 bytes)

GC Heap History (6 events):
Event: 0.313 GC heap before
{Heap before GC invocations=0 (full 0):
 garbage-first heap   total 262144K, used 22528K [0x00000000e0000000, 0x0000000100000000)
  region size 1024K, 23 young (23552K), 0 survivors (0K)
 Metaspace       used 1125K, committed 1280K, reserved 393216K
  class space    used 77K, committed 128K, reserved 327680K
}
Event: 0.315 GC heap after
{Heap after GC invocations=1 (full 0):
 garbage-first heap   total 262144K, used 5333K [0x00000000e0000000, 0x0000000100000000)
  region size 1024K, 3 young (3072K), 3 survivors (3072K)
 Metaspace       used 1125K, committed 1280K, reserved 393216K
  class space    used 77K, committed 128K, reserved 327680K
}
Event: 0.889 GC heap before
{Heap before GC invocations=1 (full 0):
 garbage-first heap   total 262144K, used 38101K [0x00000000e0000000, 0x0000000100000000)
  region size 1024K, 33 young (33792K), 3 survivors (3072K)
 Metaspace       used 4391K, committed 4544K, reserved 393216K
  class space    used 550K, committed 640K, reserved 327680K
}
Event: 0.893 GC heap after
{Heap after GC invocations=2 (full 0):
 garbage-first heap   total 262144K, used 12061K [0x00000000e0000000, 0x0000000100000000)
  region size 1024K, 4 young (4096K), 4 survivors (4096K)
 Metaspace       used 4391K, committed 4544K, reserved 393216K
  class space    used 550K, committed 640K, reserved 327680K
}
Event: 2.849 GC heap before
{Heap before GC invocations=2 (full 0):
 garbage-first heap   total 262144K, used 65309K [0x00000000e0000000, 0x0000000100000000)
  region size 1024K, 54 young (55296K), 4 survivors (4096K)
 Metaspace       used 7900K, committed 8192K, reserved 393216K
  class space    used 1069K, committed 1216K, reserved 327680K
}
Event: 2.854 GC heap after
{Heap after GC invocations=3 (full 0):
 garbage-first heap   total 262144K, used 19265K [0x00000000e0000000, 0x0000000100000000)
  region size 1024K, 7 young (7168K), 7 survivors (7168K)
 Metaspace       used 7900K, committed 8192K, reserved 393216K
  class space    used 1069K, committed 1216K, reserved 327680K
}

Dll operation events (15 events):
Event: 0.007 Loaded shared library C:\Users\SSAFY\.jdks\corretto-17.0.15\bin\java.dll
Event: 0.018 Loaded shared library C:\Users\SSAFY\.jdks\corretto-17.0.15\bin\jsvml.dll
Event: 0.054 Loaded shared library C:\Users\SSAFY\.jdks\corretto-17.0.15\bin\zip.dll
Event: 0.056 Loaded shared library C:\Users\SSAFY\.jdks\corretto-17.0.15\bin\instrument.dll
Event: 0.058 Loaded shared library C:\Users\SSAFY\.jdks\corretto-17.0.15\bin\net.dll
Event: 0.059 Loaded shared library C:\Users\SSAFY\.jdks\corretto-17.0.15\bin\nio.dll
Event: 0.061 Loaded shared library C:\Users\SSAFY\.jdks\corretto-17.0.15\bin\zip.dll
Event: 0.241 Loaded shared library C:\Users\SSAFY\.jdks\corretto-17.0.15\bin\jimage.dll
Event: 0.350 Loaded shared library C:\Users\SSAFY\.jdks\corretto-17.0.15\bin\verify.dll
Event: 0.415 Loaded shared library C:\Users\SSAFY\.gradle\native\1def1411415f61bf3af743bc5b6707747c0891f09f0c88961ee8f79bc544acac\windows-amd64\native-platform.dll
Event: 0.430 Loaded shared library C:\Users\SSAFY\.gradle\native\0.2.7\x86_64-windows-gnu\gradle-fileevents.dll
Event: 2.699 Loaded shared library C:\Users\SSAFY\.jdks\corretto-17.0.15\bin\management.dll
Event: 2.701 Loaded shared library C:\Users\SSAFY\.jdks\corretto-17.0.15\bin\management_ext.dll
Event: 2.818 Loaded shared library C:\Users\SSAFY\.jdks\corretto-17.0.15\bin\extnet.dll
Event: 2.973 Loaded shared library C:\Users\SSAFY\.jdks\corretto-17.0.15\bin\sunmscapi.dll

Deoptimization events (20 events):
Event: 3.354 Thread 0x00000209503ae370 DEOPT PACKING pc=0x000002092962e990 sp=0x000000ad8effb0a0
Event: 3.354 Thread 0x00000209503ae370 DEOPT UNPACKING pc=0x00000209290c69a3 sp=0x000000ad8effb058 mode 2
Event: 3.355 Thread 0x00000209503ae370 Uncommon trap: trap_request=0xffffff45 fr.pc=0x000002092969f66c relative=0x000000000000062c
Event: 3.355 Thread 0x00000209503ae370 Uncommon trap: reason=unstable_if action=reinterpret pc=0x000002092969f66c method=java.io.File.getName()Ljava/lang/String; @ 16 c2
Event: 3.355 Thread 0x00000209503ae370 DEOPT PACKING pc=0x000002092969f66c sp=0x000000ad8effb060
Event: 3.355 Thread 0x00000209503ae370 DEOPT UNPACKING pc=0x00000209290c69a3 sp=0x000000ad8effb030 mode 2
Event: 3.387 Thread 0x00000209503ae370 Uncommon trap: trap_request=0xffffff45 fr.pc=0x00000209296b1b84 relative=0x00000000000000e4
Event: 3.387 Thread 0x00000209503ae370 Uncommon trap: reason=unstable_if action=reinterpret pc=0x00000209296b1b84 method=java.util.HashMap.hash(Ljava/lang/Object;)I @ 1 c2
Event: 3.387 Thread 0x00000209503ae370 DEOPT PACKING pc=0x00000209296b1b84 sp=0x000000ad8effc080
Event: 3.387 Thread 0x00000209503ae370 DEOPT UNPACKING pc=0x00000209290c69a3 sp=0x000000ad8effbfc0 mode 2
Event: 3.439 Thread 0x00000209503ae370 Uncommon trap: trap_request=0xffffff45 fr.pc=0x000002092965cea8 relative=0x0000000000000208
Event: 3.440 Thread 0x00000209503ae370 Uncommon trap: reason=unstable_if action=reinterpret pc=0x000002092965cea8 method=java.lang.String.lastIndexOf(II)I @ 4 c2
Event: 3.440 Thread 0x00000209503ae370 DEOPT PACKING pc=0x000002092965cea8 sp=0x000000ad8effd860
Event: 3.440 Thread 0x00000209503ae370 DEOPT UNPACKING pc=0x00000209290c69a3 sp=0x000000ad8effd790 mode 2
Event: 3.440 Thread 0x00000209503ae370 Uncommon trap: trap_request=0xffffff45 fr.pc=0x00000209296ea9a0 relative=0x0000000000000380
Event: 3.440 Thread 0x00000209503ae370 Uncommon trap: reason=unstable_if action=reinterpret pc=0x00000209296ea9a0 method=java.lang.StringUTF16.compress([CII)[B @ 13 c2
Event: 3.440 Thread 0x00000209503ae370 DEOPT PACKING pc=0x00000209296ea9a0 sp=0x000000ad8effd5e0
Event: 3.440 Thread 0x00000209503ae370 DEOPT UNPACKING pc=0x00000209290c69a3 sp=0x000000ad8effd4a8 mode 2
Event: 3.553 Thread 0x00000209503ae370 DEOPT PACKING pc=0x0000020921f14772 sp=0x000000ad8effc260
Event: 3.553 Thread 0x00000209503ae370 DEOPT UNPACKING pc=0x00000209290c7143 sp=0x000000ad8effb6d0 mode 0

Classes loaded (20 events):
Event: 3.377 Loading class java/util/stream/ReduceOps$1 done
Event: 3.377 Loading class java/util/stream/ReduceOps$1ReducingSink
Event: 3.377 Loading class java/util/stream/ReduceOps$1ReducingSink done
Event: 3.473 Loading class java/util/function/LongFunction
Event: 3.474 Loading class java/util/function/LongFunction done
Event: 3.496 Loading class java/security/InvalidKeyException
Event: 3.496 Loading class java/security/KeyException
Event: 3.496 Loading class java/security/KeyException done
Event: 3.496 Loading class java/security/InvalidKeyException done
Event: 3.534 Loading class java/io/ObjectOutputStream
Event: 3.534 Loading class java/io/ObjectOutput
Event: 3.535 Loading class java/io/ObjectOutput done
Event: 3.535 Loading class java/io/ObjectStreamConstants
Event: 3.535 Loading class java/io/ObjectStreamConstants done
Event: 3.535 Loading class java/io/ObjectOutputStream done
Event: 3.535 Loading class java/io/ObjectInputStream
Event: 3.535 Loading class java/io/ObjectInput
Event: 3.535 Loading class java/io/ObjectInput done
Event: 3.535 Loading class java/io/ObjectInputStream done
Event: 3.733 Loading class java/lang/management/MemoryType

Classes unloaded (0 events):
No events

Classes redefined (0 events):
No events

Internal exceptions (20 events):
Event: 2.953 Thread 0x0000020919fa8b60 Exception <a 'java/lang/NoSuchMethodError'{0x00000000efb7d9c8}: 'java.lang.Object java.lang.invoke.DirectMethodHandle$Holder.newInvokeSpecial(java.lang.Object, java.lang.Object, java.lang.Object, java.lang.Object, java.lang.Object)'> (0x00000000efb7d9c8) 
thrown [s\src\hotspot\share\interpreter\linkResolver.cpp, line 759]
Event: 3.029 Thread 0x000002094fcf0050 Exception <a 'java/lang/NoSuchMethodError'{0x00000000ef877b68}: 'void java.lang.invoke.DirectMethodHandle$Holder.invokeSpecial(java.lang.Object, java.lang.Object, java.lang.Object)'> (0x00000000ef877b68) 
thrown [s\src\hotspot\share\interpreter\linkResolver.cpp, line 759]
Event: 3.084 Thread 0x00000209503ae370 Exception <a 'java/lang/NoSuchMethodError'{0x00000000ef118e10}: 'long java.lang.invoke.DirectMethodHandle$Holder.invokeInterface(java.lang.Object, java.lang.Object)'> (0x00000000ef118e10) 
thrown [s\src\hotspot\share\interpreter\linkResolver.cpp, line 759]
Event: 3.137 Thread 0x00000209503ae370 Exception <a 'java/lang/NoSuchMethodError'{0x00000000eed6b8f8}: 'void java.lang.invoke.DirectMethodHandle$Holder.invokeStatic(java.lang.Object, java.lang.Object)'> (0x00000000eed6b8f8) 
thrown [s\src\hotspot\share\interpreter\linkResolver.cpp, line 759]
Event: 3.162 Thread 0x00000209503ae370 Exception <a 'java/lang/NoSuchMethodError'{0x00000000eebf7490}: 'int java.lang.invoke.DirectMethodHandle$Holder.invokeVirtual(java.lang.Object, java.lang.Object, java.lang.Object)'> (0x00000000eebf7490) 
thrown [s\src\hotspot\share\interpreter\linkResolver.cpp, line 759]
Event: 3.187 Thread 0x00000209503ae370 Exception <a 'java/lang/NoSuchMethodError'{0x00000000ee89c3c8}: 'java.lang.Object java.lang.invoke.DirectMethodHandle$Holder.newInvokeSpecial(java.lang.Object, java.lang.Object, java.lang.Object, java.lang.Object, java.lang.Object, java.lang.Object)'> (0x00000000ee89c3c8) 
thrown [s\src\hotspot\share\interpreter\linkResolver.cpp, line 759]
Event: 3.222 Thread 0x00000209503ae370 Exception <a 'java/lang/NoSuchMethodError'{0x00000000ee59cb18}: 'void java.lang.invoke.DelegatingMethodHandle$Holder.reinvoke_L(java.lang.Object, java.lang.Object, java.lang.Object, java.lang.Object, java.lang.Object, java.lang.Object, java.lang.Object, java.lang.Object, java.lang.Object, java.lang.Object)'> (0x00000000ee59cb18) 
thrown [s\src\hotspot\share\interpreter\linkResolver.cpp, line 759]
Event: 3.223 Thread 0x00000209503ae370 Exception <a 'java/lang/NoSuchMethodError'{0x00000000ee5a50c8}: 'java.lang.Object java.lang.invoke.DirectMethodHandle$Holder.invokeSpecial(java.lang.Object, java.lang.Object, java.lang.Object, java.lang.Object, java.lang.Object, java.lang.Object, java.lang.Object, java.lang.Object, java.lang.Object, java.lang.Object)'> (0x00000000ee5a50c8) 
thrown [s\src\hotspot\share\interpreter\linkResolver.cpp, line 759]
Event: 3.223 Thread 0x00000209503ae370 Exception <a 'java/lang/NoSuchMethodError'{0x00000000ee5a9998}: 'java.lang.Object java.lang.invoke.Invokers$Holder.invoker(java.lang.Object, java.lang.Object, java.lang.Object, java.lang.Object, java.lang.Object, java.lang.Object, java.lang.Object, java.lang.Object, java.lang.Object, java.lang.Object)'> (0x00000000ee5a9998) 
thrown [s\src\hotspot\share\interpreter\linkResolver.cpp, line 759]
Event: 3.224 Thread 0x00000209503ae370 Exception <a 'java/lang/NoSuchMethodError'{0x00000000ee5af5a0}: 'java.lang.Object java.lang.invoke.DirectMethodHandle$Holder.invokeSpecial(java.lang.Object, java.lang.Object, java.lang.Object, java.lang.Object, java.lang.Object, java.lang.Object, java.lang.Object, java.lang.Object, java.lang.Object, java.lang.Object, java.lang.Object)'> (0x00000000ee5af5a0) 
thrown [s\src\hotspot\share\interpreter\linkResolver.cpp, line 759]
Event: 3.313 Thread 0x00000209503ae370 Exception <a 'java/lang/NoSuchMethodError'{0x00000000eddca730}: 'java.lang.Object java.lang.invoke.DirectMethodHandle$Holder.newInvokeSpecial(java.lang.Object, java.lang.Object, int)'> (0x00000000eddca730) 
thrown [s\src\hotspot\share\interpreter\linkResolver.cpp, line 759]
Event: 3.361 Thread 0x00000209503ae370 Exception <a 'java/lang/NoSuchMethodError'{0x00000000ed70d860}: 'void java.lang.invoke.DirectMethodHandle$Holder.invokeStatic(java.lang.Object, java.lang.Object, java.lang.Object, java.lang.Object)'> (0x00000000ed70d860) 
thrown [s\src\hotspot\share\interpreter\linkResolver.cpp, line 759]
Event: 3.361 Thread 0x00000209503ae370 Exception <a 'java/lang/NoSuchMethodError'{0x00000000ed711d00}: 'void java.lang.invoke.DirectMethodHandle$Holder.invokeStaticInit(java.lang.Object, java.lang.Object, java.lang.Object, java.lang.Object)'> (0x00000000ed711d00) 
thrown [s\src\hotspot\share\interpreter\linkResolver.cpp, line 759]
Event: 3.366 Thread 0x00000209503ae370 Exception <a 'java/lang/NoSuchMethodError'{0x00000000ed76f410}: 'java.lang.Object java.lang.invoke.DirectMethodHandle$Holder.invokeInterface(java.lang.Object, java.lang.Object, java.lang.Object)'> (0x00000000ed76f410) 
thrown [s\src\hotspot\share\interpreter\linkResolver.cpp, line 759]
Event: 3.376 Thread 0x00000209503ae370 Exception <a 'java/lang/NoSuchMethodError'{0x00000000ed653b50}: 'int java.lang.invoke.DirectMethodHandle$Holder.invokeSpecialIFC(java.lang.Object, java.lang.Object, java.lang.Object, java.lang.Object)'> (0x00000000ed653b50) 
thrown [s\src\hotspot\share\interpreter\linkResolver.cpp, line 759]
Event: 3.376 Thread 0x00000209503ae370 Exception <a 'java/lang/IncompatibleClassChangeError'{0x00000000ed662938}: Found class java.lang.Object, but interface was expected> (0x00000000ed662938) 
thrown [s\src\hotspot\share\interpreter\linkResolver.cpp, line 826]
Event: 3.387 Thread 0x00000209503ae370 Implicit null exception at 0x00000209296b1ae0 to 0x00000209296b1b7a
Event: 3.395 Thread 0x00000209503ae370 Exception <a 'java/lang/NoSuchMethodError'{0x00000000ed464da8}: 'int java.lang.invoke.DirectMethodHandle$Holder.invokeStatic(java.lang.Object, java.lang.Object, java.lang.Object, java.lang.Object)'> (0x00000000ed464da8) 
thrown [s\src\hotspot\share\interpreter\linkResolver.cpp, line 759]
Event: 3.396 Thread 0x00000209503ae370 Exception <a 'java/lang/NoSuchMethodError'{0x00000000ed468c78}: 'java.lang.Object java.lang.invoke.Invokers$Holder.invokeExact_MT(java.lang.Object, java.lang.Object, java.lang.Object, java.lang.Object, java.lang.Object, java.lang.Object)'> (0x00000000ed468c78) 
thrown [s\src\hotspot\share\interpreter\linkResolver.cpp, line 759]
Event: 3.554 Thread 0x00000209503ae370 Exception <a 'java/lang/NoSuchMethodError'{0x00000000ebec15e0}: 'int java.lang.invoke.DirectMethodHandle$Holder.invokeStaticInit(java.lang.Object, java.lang.Object, java.lang.Object)'> (0x00000000ebec15e0) 
thrown [s\src\hotspot\share\interpreter\linkResolver.cpp, line 759]

VM Operations (20 events):
Event: 2.711 Executing VM operation: HandshakeAllThreads
Event: 2.711 Executing VM operation: HandshakeAllThreads done
Event: 2.731 Executing VM operation: HandshakeAllThreads
Event: 2.731 Executing VM operation: HandshakeAllThreads done
Event: 2.842 Executing VM operation: HandshakeAllThreads
Event: 2.842 Executing VM operation: HandshakeAllThreads done
Event: 2.849 Executing VM operation: G1CollectForAllocation
Event: 2.854 Executing VM operation: G1CollectForAllocation done
Event: 2.863 Executing VM operation: HandshakeAllThreads
Event: 2.863 Executing VM operation: HandshakeAllThreads done
Event: 2.900 Executing VM operation: HandshakeAllThreads
Event: 2.900 Executing VM operation: HandshakeAllThreads done
Event: 2.979 Executing VM operation: HandshakeAllThreads
Event: 2.979 Executing VM operation: HandshakeAllThreads done
Event: 3.429 Executing VM operation: HandshakeAllThreads
Event: 3.429 Executing VM operation: HandshakeAllThreads done
Event: 3.429 Executing VM operation: HandshakeAllThreads
Event: 3.429 Executing VM operation: HandshakeAllThreads done
Event: 3.452 Executing VM operation: ICBufferFull
Event: 3.452 Executing VM operation: ICBufferFull done

Memory protections (0 events):
No events

Nmethod flushes (0 events):
No events

Events (20 events):
Event: 0.040 Thread 0x0000020919fa8b60 Thread added: 0x0000020935552db0
Event: 0.066 Thread 0x0000020919fa8b60 Thread added: 0x00000209356102e0
Event: 0.225 Thread 0x00000209353f7820 Thread added: 0x00000209356f9940
Event: 0.239 Thread 0x00000209353f7820 Thread added: 0x00000209356fa0b0
Event: 0.817 Thread 0x00000209356fa0b0 Thread exited: 0x00000209356fa0b0
Event: 1.017 Thread 0x00000209356f9940 Thread exited: 0x00000209356f9940
Event: 2.707 Thread 0x00000209353f7820 Thread added: 0x00000209501fc4c0
Event: 2.720 Thread 0x0000020919fa8b60 Thread added: 0x0000020935989f70
Event: 2.912 Thread 0x0000020919fa8b60 Thread added: 0x00000209503e9b20
Event: 2.956 Thread 0x0000020919fa8b60 Thread added: 0x000002094f9ac550
Event: 2.996 Thread 0x00000209503e9b20 Thread added: 0x000002094fcf0050
Event: 2.998 Thread 0x000002094fcf0050 Thread added: 0x000002095045ab10
Event: 3.025 Thread 0x000002094fcf0050 Thread added: 0x00000209503acf30
Event: 3.030 Thread 0x000002094fcf0050 Thread added: 0x00000209503ae370
Event: 3.040 Thread 0x00000209503ae370 Thread added: 0x00000209503ad440
Event: 3.042 Thread 0x00000209503ae370 Thread added: 0x00000209503aca20
Event: 3.044 Thread 0x00000209503ae370 Thread added: 0x00000209503aed90
Event: 3.312 Thread 0x00000209503ae370 Thread added: 0x00000209503ae880
Event: 3.316 Thread 0x00000209503ae370 Thread added: 0x00000209503ad950
Event: 3.337 Thread 0x00000209503ae370 Thread added: 0x00000209503ade60


Dynamic libraries:
0x00007ff732b60000 - 0x00007ff732b6e000 	C:\Users\SSAFY\.jdks\corretto-17.0.15\bin\java.exe
0x00007ffb0c420000 - 0x00007ffb0c680000 	C:\WINDOWS\SYSTEM32\ntdll.dll
0x00007ffb0abd0000 - 0x00007ffb0ac97000 	C:\WINDOWS\System32\KERNEL32.DLL
0x00007ffb09d00000 - 0x00007ffb0a0ca000 	C:\WINDOWS\System32\KERNELBASE.dll
0x00007ffb09a30000 - 0x00007ffb09b7b000 	C:\WINDOWS\System32\ucrtbase.dll
0x00007ffafdae0000 - 0x00007ffafdaf7000 	C:\Users\SSAFY\.jdks\corretto-17.0.15\bin\jli.dll
0x00007ffb0a9f0000 - 0x00007ffb0abbc000 	C:\WINDOWS\System32\USER32.dll
0x00007ffb09cd0000 - 0x00007ffb09cf7000 	C:\WINDOWS\System32\win32u.dll
0x00007ffaf3a40000 - 0x00007ffaf3a5b000 	C:\Users\SSAFY\.jdks\corretto-17.0.15\bin\VCRUNTIME140.dll
0x00007ffb0c1d0000 - 0x00007ffb0c1fa000 	C:\WINDOWS\System32\GDI32.dll
0x00007ffaf5410000 - 0x00007ffaf56a7000 	C:\WINDOWS\WinSxS\amd64_microsoft.windows.common-controls_6595b64144ccf1df_6.0.26100.3624_none_3e086962e3345f24\COMCTL32.dll
0x00007ffb09780000 - 0x00007ffb098b1000 	C:\WINDOWS\System32\gdi32full.dll
0x00007ffb0ad40000 - 0x00007ffb0ade9000 	C:\WINDOWS\System32\msvcrt.dll
0x00007ffb0a170000 - 0x00007ffb0a213000 	C:\WINDOWS\System32\msvcp_win.dll
0x00007ffb0c200000 - 0x00007ffb0c22f000 	C:\WINDOWS\System32\IMM32.DLL
0x00007ffb04440000 - 0x00007ffb0444c000 	C:\Users\SSAFY\.jdks\corretto-17.0.15\bin\vcruntime140_1.dll
0x00007ffaa6900000 - 0x00007ffaa698d000 	C:\Users\SSAFY\.jdks\corretto-17.0.15\bin\msvcp140.dll
0x00007ffa959d0000 - 0x00007ffa9663c000 	C:\Users\SSAFY\.jdks\corretto-17.0.15\bin\server\jvm.dll
0x00007ffb0bf30000 - 0x00007ffb0bfe2000 	C:\WINDOWS\System32\ADVAPI32.dll
0x00007ffb0b0e0000 - 0x00007ffb0b186000 	C:\WINDOWS\System32\sechost.dll
0x00007ffb0c240000 - 0x00007ffb0c356000 	C:\WINDOWS\System32\RPCRT4.dll
0x00007ffb0aca0000 - 0x00007ffb0ad14000 	C:\WINDOWS\System32\WS2_32.dll
0x00007ffb08e30000 - 0x00007ffb08e8e000 	C:\WINDOWS\SYSTEM32\POWRPROF.dll
0x00007ffb02c60000 - 0x00007ffb02c6b000 	C:\WINDOWS\SYSTEM32\VERSION.dll
0x00007ffb02600000 - 0x00007ffb02636000 	C:\WINDOWS\SYSTEM32\WINMM.dll
0x00007ffb08e10000 - 0x00007ffb08e24000 	C:\WINDOWS\SYSTEM32\UMPDC.dll
0x00007ffb083d0000 - 0x00007ffb083ea000 	C:\WINDOWS\SYSTEM32\kernel.appcore.dll
0x00007ffafda40000 - 0x00007ffafda4a000 	C:\Users\SSAFY\.jdks\corretto-17.0.15\bin\jimage.dll
0x00007ffaf9ad0000 - 0x00007ffaf9d11000 	C:\WINDOWS\SYSTEM32\DBGHELP.DLL
0x00007ffb0ba30000 - 0x00007ffb0bdb2000 	C:\WINDOWS\System32\combase.dll
0x00007ffb0b000000 - 0x00007ffb0b0d6000 	C:\WINDOWS\System32\OLEAUT32.dll
0x00007ffaf7b90000 - 0x00007ffaf7bc9000 	C:\WINDOWS\SYSTEM32\dbgcore.DLL
0x00007ffb0a0d0000 - 0x00007ffb0a169000 	C:\WINDOWS\System32\bcryptPrimitives.dll
0x00007ffaf9f40000 - 0x00007ffaf9f4e000 	C:\Users\SSAFY\.jdks\corretto-17.0.15\bin\instrument.dll
0x00007ffae5a10000 - 0x00007ffae5a35000 	C:\Users\SSAFY\.jdks\corretto-17.0.15\bin\java.dll
0x00007ffa9e720000 - 0x00007ffa9e7f7000 	C:\Users\SSAFY\.jdks\corretto-17.0.15\bin\jsvml.dll
0x00007ffb0a2b0000 - 0x00007ffb0a9d9000 	C:\WINDOWS\System32\SHELL32.dll
0x00007ffb098c0000 - 0x00007ffb09a28000 	C:\WINDOWS\System32\wintypes.dll
0x00007ffb07280000 - 0x00007ffb07ad2000 	C:\WINDOWS\SYSTEM32\windows.storage.dll
0x00007ffb0be40000 - 0x00007ffb0bf2d000 	C:\WINDOWS\System32\SHCORE.dll
0x00007ffb0b9c0000 - 0x00007ffb0ba24000 	C:\WINDOWS\System32\shlwapi.dll
0x00007ffb09510000 - 0x00007ffb0953f000 	C:\WINDOWS\SYSTEM32\profapi.dll
0x00007ffae21c0000 - 0x00007ffae21d8000 	C:\Users\SSAFY\.jdks\corretto-17.0.15\bin\zip.dll
0x00007ffadde20000 - 0x00007ffadde39000 	C:\Users\SSAFY\.jdks\corretto-17.0.15\bin\net.dll
0x00007ffb03620000 - 0x00007ffb0373d000 	C:\WINDOWS\SYSTEM32\WINHTTP.dll
0x00007ffb088d0000 - 0x00007ffb0893a000 	C:\WINDOWS\system32\mswsock.dll
0x00007ffad70a0000 - 0x00007ffad70b6000 	C:\Users\SSAFY\.jdks\corretto-17.0.15\bin\nio.dll
0x00007ffaf7640000 - 0x00007ffaf7650000 	C:\Users\SSAFY\.jdks\corretto-17.0.15\bin\verify.dll
0x00007ffad7050000 - 0x00007ffad7077000 	C:\Users\SSAFY\.gradle\native\1def1411415f61bf3af743bc5b6707747c0891f09f0c88961ee8f79bc544acac\windows-amd64\native-platform.dll
0x00007ffaa75d0000 - 0x00007ffaa7648000 	C:\Users\SSAFY\.gradle\native\0.2.7\x86_64-windows-gnu\gradle-fileevents.dll
0x00007ffaf6ea0000 - 0x00007ffaf6ea9000 	C:\Users\SSAFY\.jdks\corretto-17.0.15\bin\management.dll
0x00007ffaf39e0000 - 0x00007ffaf39eb000 	C:\Users\SSAFY\.jdks\corretto-17.0.15\bin\management_ext.dll
0x00007ffb0abc0000 - 0x00007ffb0abc8000 	C:\WINDOWS\System32\PSAPI.DLL
0x00007ffb07de0000 - 0x00007ffb07e13000 	C:\WINDOWS\SYSTEM32\IPHLPAPI.DLL
0x00007ffb0b6e0000 - 0x00007ffb0b6ea000 	C:\WINDOWS\System32\NSI.dll
0x00007ffb035f0000 - 0x00007ffb0360f000 	C:\WINDOWS\SYSTEM32\dhcpcsvc6.DLL
0x00007ffb035c0000 - 0x00007ffb035e5000 	C:\WINDOWS\SYSTEM32\dhcpcsvc.DLL
0x00007ffb07e70000 - 0x00007ffb07f95000 	C:\WINDOWS\SYSTEM32\DNSAPI.dll
0x00007ffaf14b0000 - 0x00007ffaf14b9000 	C:\Users\SSAFY\.jdks\corretto-17.0.15\bin\extnet.dll
0x00007ffb08c80000 - 0x00007ffb08c9c000 	C:\WINDOWS\SYSTEM32\CRYPTSP.dll
0x00007ffb08330000 - 0x00007ffb0836a000 	C:\WINDOWS\system32\rsaenh.dll
0x00007ffb08970000 - 0x00007ffb0899b000 	C:\WINDOWS\SYSTEM32\USERENV.dll
0x00007ffb094e0000 - 0x00007ffb09506000 	C:\WINDOWS\SYSTEM32\bcrypt.dll
0x00007ffb08c60000 - 0x00007ffb08c6c000 	C:\WINDOWS\SYSTEM32\CRYPTBASE.dll
0x00007ffaec350000 - 0x00007ffaec35e000 	C:\Users\SSAFY\.jdks\corretto-17.0.15\bin\sunmscapi.dll
0x00007ffb09600000 - 0x00007ffb09777000 	C:\WINDOWS\System32\CRYPT32.dll
0x00007ffb08ef0000 - 0x00007ffb08f20000 	C:\WINDOWS\SYSTEM32\ncrypt.dll
0x00007ffb08ea0000 - 0x00007ffb08edf000 	C:\WINDOWS\SYSTEM32\NTASN1.dll
0x00007ffaf77c0000 - 0x00007ffaf77c8000 	C:\WINDOWS\system32\wshunix.dll

dbghelp: loaded successfully - version: 4.0.5 - missing functions: none
symbol engine: initialized successfully - sym options: 0x614 - pdb path: .;C:\Users\SSAFY\.jdks\corretto-17.0.15\bin;C:\WINDOWS\SYSTEM32;C:\WINDOWS\WinSxS\amd64_microsoft.windows.common-controls_6595b64144ccf1df_6.0.26100.3624_none_3e086962e3345f24;C:\Users\SSAFY\.jdks\corretto-17.0.15\bin\server;C:\Users\SSAFY\.gradle\native\1def1411415f61bf3af743bc5b6707747c0891f09f0c88961ee8f79bc544acac\windows-amd64;C:\Users\SSAFY\.gradle\native\0.2.7\x86_64-windows-gnu

VM Arguments:
jvm_args: --add-opens=java.base/java.lang=ALL-UNNAMED --add-opens=java.base/java.lang.invoke=ALL-UNNAMED --add-opens=java.base/java.util=ALL-UNNAMED --add-opens=java.prefs/java.util.prefs=ALL-UNNAMED --add-exports=jdk.compiler/com.sun.tools.javac.api=ALL-UNNAMED --add-exports=jdk.compiler/com.sun.tools.javac.util=ALL-UNNAMED --add-opens=java.base/java.util=ALL-UNNAMED --add-opens=java.prefs/java.util.prefs=ALL-UNNAMED --add-opens=java.base/java.nio.charset=ALL-UNNAMED --add-opens=java.base/java.net=ALL-UNNAMED --add-opens=java.base/java.util.concurrent.atomic=ALL-UNNAMED --add-opens=java.xml/javax.xml.namespace=ALL-UNNAMED -XX:MaxMetaspaceSize=384m -XX:+HeapDumpOnOutOfMemoryError -Xms256m -Xmx512m -Dfile.encoding=x-windows-949 -Duser.country=KR -Duser.language=ko -Duser.variant -javaagent:C:\gradle-8.14-all\gradle-8.14\lib\agents\gradle-instrumentation-agent-8.14.jar 
java_command: org.gradle.launcher.daemon.bootstrap.GradleDaemon 8.14
java_class_path (initial): C:\gradle-8.14-all\gradle-8.14\lib\gradle-daemon-main-8.14.jar
Launcher Type: SUN_STANDARD

[Global flags]
     intx CICompilerCount                          = 4                                         {product} {ergonomic}
   size_t CompressedClassSpaceSize                 = 335544320                                 {product} {ergonomic}
     uint ConcGCThreads                            = 2                                         {product} {ergonomic}
     uint G1ConcRefinementThreads                  = 8                                         {product} {ergonomic}
   size_t G1HeapRegionSize                         = 1048576                                   {product} {ergonomic}
    uintx GCDrainStackTargetSize                   = 64                                        {product} {ergonomic}
     bool HeapDumpOnOutOfMemoryError               = true                                   {manageable} {command line}
   size_t InitialHeapSize                          = 268435456                                 {product} {command line}
   size_t MarkStackSize                            = 4194304                                   {product} {ergonomic}
   size_t MaxHeapSize                              = 536870912                                 {product} {command line}
   size_t MaxMetaspaceSize                         = 402653184                                 {product} {command line}
   size_t MaxNewSize                               = 321912832                                 {product} {ergonomic}
   size_t MinHeapDeltaBytes                        = 1048576                                   {product} {ergonomic}
   size_t MinHeapSize                              = 268435456                                 {product} {command line}
    uintx NonNMethodCodeHeapSize                   = 5839372                                {pd product} {ergonomic}
    uintx NonProfiledCodeHeapSize                  = 122909434                              {pd product} {ergonomic}
    uintx ProfiledCodeHeapSize                     = 122909434                              {pd product} {ergonomic}
    uintx ReservedCodeCacheSize                    = 251658240                              {pd product} {ergonomic}
     bool SegmentedCodeCache                       = true                                      {product} {ergonomic}
   size_t SoftMaxHeapSize                          = 536870912                              {manageable} {ergonomic}
     bool UseCompressedClassPointers               = true                           {product lp64_product} {ergonomic}
     bool UseCompressedOops                        = true                           {product lp64_product} {ergonomic}
     bool UseG1GC                                  = true                                      {product} {ergonomic}
     bool UseLargePagesIndividualAllocation        = false                                  {pd product} {ergonomic}

Logging:
Log output configuration:
 #0: stdout all=warning uptime,level,tags
 #1: stderr all=off uptime,level,tags

Environment Variables:
JAVA_HOME=C:\Users\SSAFY\.jdks\corretto-17.0.15
PATH=C:\Program Files\Git\mingw64\bin;C:\Program Files\Git\usr\bin;C:\Users\SSAFY\bin;C:\Python313\Scripts;C:\Python313;C:\WINDOWS\system32;C:\WINDOWS;C:\WINDOWS\System32\Wbem;C:\WINDOWS\System32\WindowsPowerShell\v1.0;C:\WINDOWS\System32\OpenSSH;C:\Program Files (x86)\NVIDIA Corporation\PhysX\Common;C:\Program Files\NVIDIA Corporation\NVIDIA NvDLISR;C:\Program Files\Microsoft SQL Server\130\Tools\Binn;C:\Program Files\Git\cmd;C:\Program Files\Bandizip;C:\Users\SSAFY\.jdks\corretto-17.0.15\bin;C:\Program Files\nodejs;C:\ProgramData\chocolatey\bin;C:\gradle-8.14-all\gradle-8.14\bin;C:\Program Files\MySQL\MySQL Shell 8.0\bin;C:\Users\SSAFY\AppData\Local\Microsoft\WindowsApps;C:\Users\SSAFY\AppData\Local\Programs\Microsoft VS Code\bin;C:\Program Files\JetBrains\IntelliJ IDEA Community Edition 2024.3.2.2\bin;C:\Program Files\JetBrains\IntelliJ IDEA 2024.3.5\bin;C:\Users\SSAFY\AppData\Roaming\npm
USERNAME=SSAFY
TERM=xterm-256color
OS=Windows_NT
PROCESSOR_IDENTIFIER=Intel64 Family 6 Model 158 Stepping 13, GenuineIntel
TMP=C:\Users\SSAFY\AppData\Local\Temp
TEMP=C:\Users\SSAFY\AppData\Local\Temp



Periodic native trim disabled


---------------  S Y S T E M  ---------------

OS:
 Windows 11 , 64 bit Build 26100 (10.0.26100.3775)
OS uptime: 23 days 22:47 hours
Hyper-V role detected

CPU: total 8 (initial active 8) (8 cores per cpu, 1 threads per core) family 6 model 158 stepping 13 microcode 0xde, cx8, cmov, fxsr, mmx, 3dnowpref, sse, sse2, sse3, ssse3, sse4.1, sse4.2, popcnt, lzcnt, tsc, tscinvbit, avx, avx2, aes, erms, clmul, bmi1, bmi2, adx, fma, vzeroupper, clflush, clflushopt, hv
Processor Information for all 8 processors :
  Max Mhz: 3000, Current Mhz: 3000, Mhz Limit: 3000

Memory: 4k page, system-wide physical 32702M (9817M free)
TotalPageFile size 63128M (AvailPageFile size 79M)
current process WorkingSet (physical memory assigned to process): 225M, peak: 225M
current process commit charge ("private bytes"): 444M, peak: 445M

vm_info: OpenJDK 64-Bit Server VM (17.0.15+6-LTS) for windows-amd64 JRE (17.0.15+6-LTS), built on Apr  9 2025 23:33:55 by "Administrator" with MS VC++ 16.10 / 16.11 (VS2019)

END.
