#
# There is insufficient memory for the Java Runtime Environment to continue.
# Native memory allocation (malloc) failed to allocate 1612176 bytes. Error detail: Chunk::new
# Possible reasons:
#   The system is out of physical RAM or swap space
#   This process is running with CompressedOops enabled, and the Java Heap may be blocking the growth of the native heap
# Possible solutions:
#   Reduce memory load on the system
#   Increase physical memory or swap space
#   Check if swap backing store is full
#   Decrease Java heap size (-Xmx/-Xms)
#   Decrease number of Java threads
#   Decrease Java thread stack sizes (-Xss)
#   Set larger code cache with -XX:ReservedCodeCacheSize=
#   JVM is running with Unscaled Compressed Oops mode in which the Java heap is
#     placed in the first 4GB address space. The Java Heap base address is the
#     maximum limit for the native heap growth. Please use -XX:HeapBaseMinAddress
#     to set the Java Heap base and to place the Java Heap above 4GB virtual address.
# This output file may be truncated or incomplete.
#
#  Out of Memory Error (arena.cpp:191), pid=564, tid=13216
#
# JRE version: OpenJDK Runtime Environment Corretto-17.0.15.6.1 (17.0.15+6) (build 17.0.15+6-LTS)
# Java VM: OpenJDK 64-Bit Server VM Corretto-17.0.15.6.1 (17.0.15+6-LTS, mixed mode, sharing, tiered, compressed oops, compressed class ptrs, g1 gc, windows-amd64)
# No core dump will be written. Minidumps are not enabled by default on client versions of Windows
#

---------------  S U M M A R Y ------------

Command Line: --add-opens=java.base/java.lang=ALL-UNNAMED --add-opens=java.base/java.lang.invoke=ALL-UNNAMED --add-opens=java.base/java.util=ALL-UNNAMED --add-opens=java.prefs/java.util.prefs=ALL-UNNAMED --add-exports=jdk.compiler/com.sun.tools.javac.api=ALL-UNNAMED --add-exports=jdk.compiler/com.sun.tools.javac.util=ALL-UNNAMED --add-opens=java.base/java.util=ALL-UNNAMED --add-opens=java.prefs/java.util.prefs=ALL-UNNAMED --add-opens=java.base/java.nio.charset=ALL-UNNAMED --add-opens=java.base/java.net=ALL-UNNAMED --add-opens=java.base/java.util.concurrent.atomic=ALL-UNNAMED --add-opens=java.xml/javax.xml.namespace=ALL-UNNAMED -XX:MaxMetaspaceSize=384m -XX:+HeapDumpOnOutOfMemoryError -Xms256m -Xmx512m -Dfile.encoding=UTF-8 -Duser.country=KR -Duser.language=ko -Duser.variant -javaagent:C:\Users\SSAFY\.gradle\wrapper\dists\gradle-8.14-bin\38aieal9i53h9rfe7vjup95b9\gradle-8.14\lib\agents\gradle-instrumentation-agent-8.14.jar org.gradle.launcher.daemon.bootstrap.GradleDaemon 8.14

Host: Intel(R) Core(TM) i7-9700 CPU @ 3.00GHz, 8 cores, 31G,  Windows 11 , 64 bit Build 26100 (10.0.26100.3775)
Time: Mon May 19 10:36:38 2025  Windows 11 , 64 bit Build 26100 (10.0.26100.3775) elapsed time: 15.217021 seconds (0d 0h 0m 15s)

---------------  T H R E A D  ---------------

Current thread (0x000002615c5dda90):  JavaThread "C2 CompilerThread1" daemon [_thread_in_native, id=13216, stack(0x00000073aba00000,0x00000073abb00000)]


Current CompileTask:
C2:  15217 7595       4       org.gradle.internal.classpath.types.ExternalPluginsInstrumentationTypeRegistry::computeAndCacheInstrumentedSuperTypes (39 bytes)

Stack: [0x00000073aba00000,0x00000073abb00000]
Native frames: (J=compiled Java code, j=interpreted, Vv=VM code, C=native code)
V  [jvm.dll+0x681149]
V  [jvm.dll+0x838b5a]
V  [jvm.dll+0x83a61e]
V  [jvm.dll+0x83ac83]
V  [jvm.dll+0x24837f]
V  [jvm.dll+0xaca54]
V  [jvm.dll+0xad09c]
V  [jvm.dll+0x367a37]
V  [jvm.dll+0x331dda]
V  [jvm.dll+0x33127a]
V  [jvm.dll+0x21a8c1]
V  [jvm.dll+0x219d01]
V  [jvm.dll+0x1a59fd]
V  [jvm.dll+0x229a5d]
V  [jvm.dll+0x227bec]
V  [jvm.dll+0x7eda37]
V  [jvm.dll+0x7e7f8c]
V  [jvm.dll+0x680017]
C  [ucrtbase.dll+0x37b0]
C  [KERNEL32.DLL+0x2e8d7]
C  [ntdll.dll+0xb14fc]


---------------  P R O C E S S  ---------------

Threads class SMR info:
_java_thread_list=0x000002615b9eb6e0, length=57, elements={
0x0000026124668390, 0x0000026141186ae0, 0x00000261411875b0, 0x000002614119e1e0,
0x000002614119eab0, 0x00000261412444a0, 0x0000026141244d70, 0x0000026141245970,
0x0000026141246330, 0x0000026141252150, 0x00000261411717f0, 0x00000261413c1930,
0x000002615c1b5f60, 0x000002615bc1e0b0, 0x000002615b583ee0, 0x000002615c37e610,
0x000002615c364cf0, 0x000002615c58dfa0, 0x000002615c590820, 0x000002615c58f3e0,
0x000002615c58da90, 0x000002615c58fe00, 0x000002615c58d070, 0x000002615c58e4b0,
0x000002615c58e9c0, 0x000002615c590310, 0x000002615c58d580, 0x000002615c58eed0,
0x000002615c9b4780, 0x000002615c9b51a0, 0x000002615c9b5bc0, 0x000002615c9b4270,
0x000002615c9b6af0, 0x000002615c9b65e0, 0x000002615c9b3340, 0x000002615c9b60d0,
0x000002615c9b7000, 0x000002615c5dda90, 0x000002615d3d55f0, 0x000002615c9b7f30,
0x000002615c9b8440, 0x000002615c9ba2a0, 0x000002615c9b9880, 0x000002615c9b7a20,
0x000002615c9b9d90, 0x000002615c9ba7b0, 0x000002615e4b8810, 0x000002615e4b78e0,
0x000002615e4b8300, 0x000002615e4b5a80, 0x000002615e4b6ec0, 0x000002615e4b5060,
0x000002615e4b8d20, 0x000002615e4b5f90, 0x000002615e4b64a0, 0x000002615e4b7df0,
0x000002615e4b5570
}

Java Threads: ( => current thread )
  0x0000026124668390 JavaThread "main" [_thread_blocked, id=10560, stack(0x00000073a8600000,0x00000073a8700000)]
  0x0000026141186ae0 JavaThread "Reference Handler" daemon [_thread_blocked, id=10768, stack(0x00000073a8d00000,0x00000073a8e00000)]
  0x00000261411875b0 JavaThread "Finalizer" daemon [_thread_blocked, id=15532, stack(0x00000073a8e00000,0x00000073a8f00000)]
  0x000002614119e1e0 JavaThread "Signal Dispatcher" daemon [_thread_blocked, id=7992, stack(0x00000073a8f00000,0x00000073a9000000)]
  0x000002614119eab0 JavaThread "Attach Listener" daemon [_thread_blocked, id=2184, stack(0x00000073a9000000,0x00000073a9100000)]
  0x00000261412444a0 JavaThread "Service Thread" daemon [_thread_blocked, id=11004, stack(0x00000073a9100000,0x00000073a9200000)]
  0x0000026141244d70 JavaThread "Monitor Deflation Thread" daemon [_thread_blocked, id=856, stack(0x00000073a9200000,0x00000073a9300000)]
  0x0000026141245970 JavaThread "C2 CompilerThread0" daemon [_thread_blocked, id=17328, stack(0x00000073a9300000,0x00000073a9400000)]
  0x0000026141246330 JavaThread "C1 CompilerThread0" daemon [_thread_blocked, id=12600, stack(0x00000073a9400000,0x00000073a9500000)]
  0x0000026141252150 JavaThread "Sweeper thread" daemon [_thread_blocked, id=11700, stack(0x00000073a9500000,0x00000073a9600000)]
  0x00000261411717f0 JavaThread "Common-Cleaner" daemon [_thread_blocked, id=16416, stack(0x00000073a9600000,0x00000073a9700000)]
  0x00000261413c1930 JavaThread "Notification Thread" daemon [_thread_blocked, id=13436, stack(0x00000073a9700000,0x00000073a9800000)]
  0x000002615c1b5f60 JavaThread "Daemon health stats" [_thread_blocked, id=11916, stack(0x00000073aa000000,0x00000073aa100000)]
  0x000002615bc1e0b0 JavaThread "Incoming local TCP Connector on port 55081" [_thread_in_native, id=5400, stack(0x00000073aa100000,0x00000073aa200000)]
  0x000002615b583ee0 JavaThread "Daemon periodic checks" [_thread_blocked, id=8212, stack(0x00000073aa200000,0x00000073aa300000)]
  0x000002615c37e610 JavaThread "Daemon" [_thread_blocked, id=9988, stack(0x00000073aa300000,0x00000073aa400000)]
  0x000002615c364cf0 JavaThread "Handler for socket connection from /127.0.0.1:55081 to /127.0.0.1:55082" [_thread_in_native, id=4560, stack(0x00000073aa400000,0x00000073aa500000)]
  0x000002615c58dfa0 JavaThread "Cancel handler" [_thread_blocked, id=6112, stack(0x00000073aa500000,0x00000073aa600000)]
  0x000002615c590820 JavaThread "Daemon worker" [_thread_blocked, id=2900, stack(0x00000073aa600000,0x00000073aa700000)]
  0x000002615c58f3e0 JavaThread "Asynchronous log dispatcher for DefaultDaemonConnection: socket connection from /127.0.0.1:55081 to /127.0.0.1:55082" [_thread_blocked, id=17320, stack(0x00000073aa700000,0x00000073aa800000)]
  0x000002615c58da90 JavaThread "Stdin handler" [_thread_blocked, id=5700, stack(0x00000073aa800000,0x00000073aa900000)]
  0x000002615c58fe00 JavaThread "Daemon client event forwarder" [_thread_blocked, id=3976, stack(0x00000073aa900000,0x00000073aaa00000)]
  0x000002615c58d070 JavaThread "Cache worker for journal cache (C:\Users\SSAFY\.gradle\caches\journal-1)" [_thread_blocked, id=16200, stack(0x00000073aaa00000,0x00000073aab00000)]
  0x000002615c58e4b0 JavaThread "File lock request listener" [_thread_in_native, id=9804, stack(0x00000073aab00000,0x00000073aac00000)]
  0x000002615c58e9c0 JavaThread "Cache worker for file hash cache (C:\Users\SSAFY\.gradle\caches\8.14\fileHashes)" [_thread_blocked, id=13916, stack(0x00000073aac00000,0x00000073aad00000)]
  0x000002615c590310 JavaThread "Cache worker for file hash cache (C:\Users\SSAFY\Desktop\새 폴더\firstMiniProject\.gradle\8.14\fileHashes)" [_thread_blocked, id=2296, stack(0x00000073aad00000,0x00000073aae00000)]
  0x000002615c58d580 JavaThread "Cache worker for Build Output Cleanup Cache (C:\Users\SSAFY\Desktop\새 폴더\firstMiniProject\.gradle\buildOutputCleanup)" [_thread_blocked, id=10140, stack(0x00000073aae00000,0x00000073aaf00000)]
  0x000002615c58eed0 JavaThread "File watcher server" daemon [_thread_in_native, id=8704, stack(0x00000073ab200000,0x00000073ab300000)]
  0x000002615c9b4780 JavaThread "File watcher consumer" daemon [_thread_blocked, id=9508, stack(0x00000073ab300000,0x00000073ab400000)]
  0x000002615c9b51a0 JavaThread "jar transforms" [_thread_blocked, id=7748, stack(0x00000073a9900000,0x00000073a9a00000)]
  0x000002615c9b5bc0 JavaThread "jar transforms Thread 2" [_thread_blocked, id=9188, stack(0x00000073a9a00000,0x00000073a9b00000)]
  0x000002615c9b4270 JavaThread "jar transforms Thread 3" [_thread_blocked, id=1840, stack(0x00000073ab400000,0x00000073ab500000)]
  0x000002615c9b6af0 JavaThread "jar transforms Thread 4" [_thread_blocked, id=1876, stack(0x00000073ab500000,0x00000073ab600000)]
  0x000002615c9b65e0 JavaThread "jar transforms Thread 5" [_thread_blocked, id=2388, stack(0x00000073ab600000,0x00000073ab700000)]
  0x000002615c9b3340 JavaThread "jar transforms Thread 6" [_thread_blocked, id=6452, stack(0x00000073ab700000,0x00000073ab800000)]
  0x000002615c9b60d0 JavaThread "jar transforms Thread 7" [_thread_blocked, id=2620, stack(0x00000073ab800000,0x00000073ab900000)]
  0x000002615c9b7000 JavaThread "jar transforms Thread 8" [_thread_blocked, id=3856, stack(0x00000073ab900000,0x00000073aba00000)]
=>0x000002615c5dda90 JavaThread "C2 CompilerThread1" daemon [_thread_in_native, id=13216, stack(0x00000073aba00000,0x00000073abb00000)]
  0x000002615d3d55f0 JavaThread "C2 CompilerThread2" daemon [_thread_blocked, id=9320, stack(0x00000073abb00000,0x00000073abc00000)]
  0x000002615c9b7f30 JavaThread "Cache worker for checksums cache (C:\Users\SSAFY\Desktop\새 폴더\firstMiniProject\.gradle\8.14\checksums)" [_thread_blocked, id=17652, stack(0x00000073abc00000,0x00000073abd00000)]
  0x000002615c9b8440 JavaThread "Cache worker for file content cache (C:\Users\SSAFY\.gradle\caches\8.14\fileContent)" [_thread_blocked, id=16344, stack(0x00000073abd00000,0x00000073abe00000)]
  0x000002615c9ba2a0 JavaThread "Cache worker for cache directory md-supplier (C:\Users\SSAFY\.gradle\caches\8.14\md-supplier)" [_thread_blocked, id=16000, stack(0x00000073abe00000,0x00000073abf00000)]
  0x000002615c9b9880 JavaThread "Cache worker for cache directory md-rule (C:\Users\SSAFY\.gradle\caches\8.14\md-rule)" [_thread_blocked, id=1640, stack(0x00000073abf00000,0x00000073ac000000)]
  0x000002615c9b7a20 JavaThread "Unconstrained build operations" [_thread_blocked, id=11012, stack(0x00000073ac000000,0x00000073ac100000)]
  0x000002615c9b9d90 JavaThread "Unconstrained build operations Thread 2" [_thread_blocked, id=7532, stack(0x00000073ac100000,0x00000073ac200000)]
  0x000002615c9ba7b0 JavaThread "Unconstrained build operations Thread 3" [_thread_blocked, id=1208, stack(0x00000073ac200000,0x00000073ac300000)]
  0x000002615e4b8810 JavaThread "Unconstrained build operations Thread 4" [_thread_blocked, id=3616, stack(0x00000073ac300000,0x00000073ac400000)]
  0x000002615e4b78e0 JavaThread "Unconstrained build operations Thread 5" [_thread_blocked, id=16132, stack(0x00000073ac400000,0x00000073ac500000)]
  0x000002615e4b8300 JavaThread "Unconstrained build operations Thread 6" [_thread_blocked, id=6944, stack(0x00000073ac500000,0x00000073ac600000)]
  0x000002615e4b5a80 JavaThread "Unconstrained build operations Thread 7" [_thread_blocked, id=8128, stack(0x00000073ac600000,0x00000073ac700000)]
  0x000002615e4b6ec0 JavaThread "Unconstrained build operations Thread 8" [_thread_blocked, id=10544, stack(0x00000073ac900000,0x00000073aca00000)]
  0x000002615e4b5060 JavaThread "Unconstrained build operations Thread 9" [_thread_blocked, id=5672, stack(0x00000073aca00000,0x00000073acb00000)]
  0x000002615e4b8d20 JavaThread "Unconstrained build operations Thread 10" [_thread_blocked, id=8796, stack(0x00000073acb00000,0x00000073acc00000)]
  0x000002615e4b5f90 JavaThread "Unconstrained build operations Thread 11" [_thread_blocked, id=2032, stack(0x00000073acc00000,0x00000073acd00000)]
  0x000002615e4b64a0 JavaThread "Unconstrained build operations Thread 12" [_thread_blocked, id=16784, stack(0x00000073acd00000,0x00000073ace00000)]
  0x000002615e4b7df0 JavaThread "Unconstrained build operations Thread 13" [_thread_blocked, id=4368, stack(0x00000073ace00000,0x00000073acf00000)]
  0x000002615e4b5570 JavaThread "Unconstrained build operations Thread 14" [_thread_blocked, id=11104, stack(0x00000073acf00000,0x00000073ad000000)]

Other Threads:
  0x0000026141181af0 VMThread "VM Thread" [stack: 0x00000073a8c00000,0x00000073a8d00000] [id=9784]
  0x0000026124669120 WatcherThread [stack: 0x00000073a9800000,0x00000073a9900000] [id=1316]
  0x0000026124695b10 GCTaskThread "GC Thread#0" [stack: 0x00000073a8700000,0x00000073a8800000] [id=11564]
  0x00000261417d5520 GCTaskThread "GC Thread#1" [stack: 0x00000073a9b00000,0x00000073a9c00000] [id=6080]
  0x0000026141548300 GCTaskThread "GC Thread#2" [stack: 0x00000073a9c00000,0x00000073a9d00000] [id=17628]
  0x00000261417bae40 GCTaskThread "GC Thread#3" [stack: 0x00000073a9d00000,0x00000073a9e00000] [id=16064]
  0x00000261417bb100 GCTaskThread "GC Thread#4" [stack: 0x00000073a9e00000,0x00000073a9f00000] [id=15984]
  0x0000026141b55990 GCTaskThread "GC Thread#5" [stack: 0x00000073a9f00000,0x00000073aa000000] [id=3652]
  0x000002615b89fa40 GCTaskThread "GC Thread#6" [stack: 0x00000073aaf00000,0x00000073ab000000] [id=6504]
  0x000002615b8a0280 GCTaskThread "GC Thread#7" [stack: 0x00000073ab000000,0x00000073ab100000] [id=6772]
  0x000002612469c980 ConcurrentGCThread "G1 Main Marker" [stack: 0x00000073a8800000,0x00000073a8900000] [id=13052]
  0x000002612469df80 ConcurrentGCThread "G1 Conc#0" [stack: 0x00000073a8900000,0x00000073a8a00000] [id=15952]
  0x000002615b8a15c0 ConcurrentGCThread "G1 Conc#1" [stack: 0x00000073ab100000,0x00000073ab200000] [id=13288]
  0x000002612471d120 ConcurrentGCThread "G1 Refine#0" [stack: 0x00000073a8a00000,0x00000073a8b00000] [id=4488]
  0x000002615da857f0 ConcurrentGCThread "G1 Refine#1" [stack: 0x00000073ac700000,0x00000073ac800000] [id=8244]
  0x000002615e6b6df0 ConcurrentGCThread "G1 Refine#2" [stack: 0x00000073ac800000,0x00000073ac900000] [id=18076]
  0x000002615f095cb0 ConcurrentGCThread "G1 Refine#3" [stack: 0x00000073ad000000,0x00000073ad100000] [id=5172]
  0x0000026160058f30 ConcurrentGCThread "G1 Refine#4" [stack: 0x00000073ad100000,0x00000073ad200000] [id=9824]
  0x000002615d5c0c80 ConcurrentGCThread "G1 Refine#5" [stack: 0x00000073ad200000,0x00000073ad300000] [id=15440]
  0x000002615d9f1c30 ConcurrentGCThread "G1 Refine#6" [stack: 0x00000073ad300000,0x00000073ad400000] [id=7672]
  0x000002612471e910 ConcurrentGCThread "G1 Service" [stack: 0x00000073a8b00000,0x00000073a8c00000] [id=8272]

Threads with active compile tasks:
C2 CompilerThread0    15240 7782       4       org.gradle.internal.classpath.types.ExternalPluginsInstrumentationTypeRegistry::computeSuperTypesWithRecursiveCaching (80 bytes)
C1 CompilerThread0    15240 7921       2       org.gradle.internal.snapshot.DirectorySnapshot::lambda$relocateDirectAccess$2 (50 bytes)
C2 CompilerThread1    15240 7595       4       org.gradle.internal.classpath.types.ExternalPluginsInstrumentationTypeRegistry::computeAndCacheInstrumentedSuperTypes (39 bytes)
C2 CompilerThread2    15240 7765       4       org.objectweb.asm.ClassReader::readCode (5117 bytes)

VM state: at safepoint (normal execution)

VM Mutex/Monitor currently owned by a thread:  ([mutex/lock_event])
[0x0000026124665470] Threads_lock - owner thread: 0x0000026141181af0
[0x0000026124664f60] Heap_lock - owner thread: 0x000002612469c980

Heap address: 0x00000000e0000000, size: 512 MB, Compressed Oops mode: 32-bit

CDS archive(s) mapped at: [0x0000026142000000-0x0000026142bb0000-0x0000026142bb0000), size 12255232, SharedBaseAddress: 0x0000026142000000, ArchiveRelocationMode: 1.
Compressed class space mapped at: 0x0000026143000000-0x0000026157000000, reserved size: 335544320
Narrow klass base: 0x0000026142000000, Narrow klass shift: 0, Narrow klass range: 0x100000000

GC Precious Log:
 CPUs: 8 total, 8 available
 Memory: 32702M
 Large Page Support: Disabled
 NUMA Support: Disabled
 Compressed Oops: Enabled (32-bit)
 Heap Region Size: 1M
 Heap Min Capacity: 256M
 Heap Initial Capacity: 256M
 Heap Max Capacity: 512M
 Pre-touch: Disabled
 Parallel Workers: 8
 Concurrent Workers: 2
 Concurrent Refinement Workers: 8
 Periodic GC: Disabled

Heap:
 garbage-first heap   total 319488K, used 196058K [0x00000000e0000000, 0x0000000100000000)
  region size 1024K, 32 young (32768K), 8 survivors (8192K)
 Metaspace       used 50343K, committed 51008K, reserved 393216K
  class space    used 7105K, committed 7424K, reserved 327680K

Heap Regions: E=young(eden), S=young(survivor), O=old, HS=humongous(starts), HC=humongous(continues), CS=collection set, F=free, OA=open archive, CA=closed archive, TAMS=top-at-mark-start (previous, next)
|   0|0x00000000e0000000, 0x00000000e0100000, 0x00000000e0100000|100%|HS|  |TAMS 0x00000000e0100000, 0x00000000e0000000| Complete 
|   1|0x00000000e0100000, 0x00000000e0200000, 0x00000000e0200000|100%|HC|  |TAMS 0x00000000e0200000, 0x00000000e0100000| Complete 
|   2|0x00000000e0200000, 0x00000000e0300000, 0x00000000e0300000|100%|HC|  |TAMS 0x00000000e0300000, 0x00000000e0200000| Complete 
|   3|0x00000000e0300000, 0x00000000e0400000, 0x00000000e0400000|100%| O|  |TAMS 0x00000000e0400000, 0x00000000e0300000| Untracked 
|   4|0x00000000e0400000, 0x00000000e0500000, 0x00000000e0500000|100%| O|  |TAMS 0x00000000e0500000, 0x00000000e0400000| Untracked 
|   5|0x00000000e0500000, 0x00000000e0600000, 0x00000000e0600000|100%| O|  |TAMS 0x00000000e0600000, 0x00000000e0500000| Untracked 
|   6|0x00000000e0600000, 0x00000000e0700000, 0x00000000e0700000|100%|HS|  |TAMS 0x00000000e0700000, 0x00000000e0600000| Complete 
|   7|0x00000000e0700000, 0x00000000e0800000, 0x00000000e0800000|100%|HS|  |TAMS 0x00000000e0800000, 0x00000000e0700000| Complete 
|   8|0x00000000e0800000, 0x00000000e0900000, 0x00000000e0900000|100%| O|  |TAMS 0x00000000e0900000, 0x00000000e0800000| Untracked 
|   9|0x00000000e0900000, 0x00000000e0a00000, 0x00000000e0a00000|100%| O|  |TAMS 0x00000000e0a00000, 0x00000000e0900000| Untracked 
|  10|0x00000000e0a00000, 0x00000000e0b00000, 0x00000000e0b00000|100%| O|  |TAMS 0x00000000e0b00000, 0x00000000e0a00000| Untracked 
|  11|0x00000000e0b00000, 0x00000000e0c00000, 0x00000000e0c00000|100%| O|  |TAMS 0x00000000e0c00000, 0x00000000e0b00000| Untracked 
|  12|0x00000000e0c00000, 0x00000000e0d00000, 0x00000000e0d00000|100%| O|  |TAMS 0x00000000e0d00000, 0x00000000e0c00000| Untracked 
|  13|0x00000000e0d00000, 0x00000000e0e00000, 0x00000000e0e00000|100%|HS|  |TAMS 0x00000000e0e00000, 0x00000000e0d00000| Complete 
|  14|0x00000000e0e00000, 0x00000000e0f00000, 0x00000000e0f00000|100%|HC|  |TAMS 0x00000000e0f00000, 0x00000000e0e00000| Complete 
|  15|0x00000000e0f00000, 0x00000000e1000000, 0x00000000e1000000|100%|HC|  |TAMS 0x00000000e1000000, 0x00000000e0f00000| Complete 
|  16|0x00000000e1000000, 0x00000000e1100000, 0x00000000e1100000|100%|HC|  |TAMS 0x00000000e1100000, 0x00000000e1000000| Complete 
|  17|0x00000000e1100000, 0x00000000e1200000, 0x00000000e1200000|100%|HC|  |TAMS 0x00000000e1200000, 0x00000000e1100000| Complete 
|  18|0x00000000e1200000, 0x00000000e1300000, 0x00000000e1300000|100%|HC|  |TAMS 0x00000000e1300000, 0x00000000e1200000| Complete 
|  19|0x00000000e1300000, 0x00000000e1400000, 0x00000000e1400000|100%|HS|  |TAMS 0x00000000e1400000, 0x00000000e1300000| Complete 
|  20|0x00000000e1400000, 0x00000000e1500000, 0x00000000e1500000|100%|HC|  |TAMS 0x00000000e1500000, 0x00000000e1400000| Complete 
|  21|0x00000000e1500000, 0x00000000e1600000, 0x00000000e1600000|100%|HC|  |TAMS 0x00000000e1600000, 0x00000000e1500000| Complete 
|  22|0x00000000e1600000, 0x00000000e1700000, 0x00000000e1700000|100%|HS|  |TAMS 0x00000000e1700000, 0x00000000e1600000| Complete 
|  23|0x00000000e1700000, 0x00000000e1800000, 0x00000000e1800000|100%|HC|  |TAMS 0x00000000e1800000, 0x00000000e1700000| Complete 
|  24|0x00000000e1800000, 0x00000000e1900000, 0x00000000e1900000|100%| O|  |TAMS 0x00000000e1900000, 0x00000000e1800000| Updating 
|  25|0x00000000e1900000, 0x00000000e1a00000, 0x00000000e1a00000|100%| O|  |TAMS 0x00000000e1a00000, 0x00000000e1900000| Untracked 
|  26|0x00000000e1a00000, 0x00000000e1b00000, 0x00000000e1b00000|100%| O|  |TAMS 0x00000000e1b00000, 0x00000000e1a00000| Untracked 
|  27|0x00000000e1b00000, 0x00000000e1c00000, 0x00000000e1c00000|100%| O|  |TAMS 0x00000000e1c00000, 0x00000000e1b00000| Untracked 
|  28|0x00000000e1c00000, 0x00000000e1d00000, 0x00000000e1d00000|100%| O|  |TAMS 0x00000000e1d00000, 0x00000000e1c00000| Updating 
|  29|0x00000000e1d00000, 0x00000000e1e00000, 0x00000000e1e00000|100%| O|  |TAMS 0x00000000e1e00000, 0x00000000e1d00000| Untracked 
|  30|0x00000000e1e00000, 0x00000000e1f00000, 0x00000000e1f00000|100%| O|  |TAMS 0x00000000e1f00000, 0x00000000e1e00000| Untracked 
|  31|0x00000000e1f00000, 0x00000000e2000000, 0x00000000e2000000|100%| O|  |TAMS 0x00000000e2000000, 0x00000000e1f00000| Untracked 
|  32|0x00000000e2000000, 0x00000000e2100000, 0x00000000e2100000|100%| O|  |TAMS 0x00000000e2100000, 0x00000000e2000000| Updating 
|  33|0x00000000e2100000, 0x00000000e2200000, 0x00000000e2200000|100%| O|  |TAMS 0x00000000e2200000, 0x00000000e2100000| Untracked 
|  34|0x00000000e2200000, 0x00000000e2300000, 0x00000000e2300000|100%| O|  |TAMS 0x00000000e2300000, 0x00000000e2200000| Untracked 
|  35|0x00000000e2300000, 0x00000000e2400000, 0x00000000e2400000|100%| O|  |TAMS 0x00000000e2400000, 0x00000000e2300000| Untracked 
|  36|0x00000000e2400000, 0x00000000e2500000, 0x00000000e2500000|100%| O|  |TAMS 0x00000000e2500000, 0x00000000e2400000| Untracked 
|  37|0x00000000e2500000, 0x00000000e2600000, 0x00000000e2600000|100%| O|  |TAMS 0x00000000e2600000, 0x00000000e2500000| Untracked 
|  38|0x00000000e2600000, 0x00000000e2700000, 0x00000000e2700000|100%| O|  |TAMS 0x00000000e2700000, 0x00000000e2600000| Untracked 
|  39|0x00000000e2700000, 0x00000000e2800000, 0x00000000e2800000|100%| O|  |TAMS 0x00000000e2800000, 0x00000000e2700000| Untracked 
|  40|0x00000000e2800000, 0x00000000e2900000, 0x00000000e2900000|100%| O|  |TAMS 0x00000000e2900000, 0x00000000e2800000| Updating 
|  41|0x00000000e2900000, 0x00000000e2a00000, 0x00000000e2a00000|100%| O|  |TAMS 0x00000000e2a00000, 0x00000000e2900000| Updating 
|  42|0x00000000e2a00000, 0x00000000e2b00000, 0x00000000e2b00000|100%| O|  |TAMS 0x00000000e2b00000, 0x00000000e2a00000| Untracked 
|  43|0x00000000e2b00000, 0x00000000e2c00000, 0x00000000e2c00000|100%| O|  |TAMS 0x00000000e2c00000, 0x00000000e2b00000| Untracked 
|  44|0x00000000e2c00000, 0x00000000e2d00000, 0x00000000e2d00000|100%|HS|  |TAMS 0x00000000e2c00000, 0x00000000e2c00000| Complete 
|  45|0x00000000e2d00000, 0x00000000e2e00000, 0x00000000e2e00000|100%| O|  |TAMS 0x00000000e2e00000, 0x00000000e2d00000| Updating 
|  46|0x00000000e2e00000, 0x00000000e2f00000, 0x00000000e2f00000|100%| O|  |TAMS 0x00000000e2f00000, 0x00000000e2e00000| Untracked 
|  47|0x00000000e2f00000, 0x00000000e3000000, 0x00000000e3000000|100%| O|  |TAMS 0x00000000e3000000, 0x00000000e2f00000| Untracked 
|  48|0x00000000e3000000, 0x00000000e3100000, 0x00000000e3100000|100%| O|  |TAMS 0x00000000e3100000, 0x00000000e3000000| Untracked 
|  49|0x00000000e3100000, 0x00000000e3200000, 0x00000000e3200000|100%| O|  |TAMS 0x00000000e3200000, 0x00000000e3100000| Untracked 
|  50|0x00000000e3200000, 0x00000000e3300000, 0x00000000e3300000|100%| O|  |TAMS 0x00000000e3300000, 0x00000000e3200000| Untracked 
|  51|0x00000000e3300000, 0x00000000e3400000, 0x00000000e3400000|100%| O|  |TAMS 0x00000000e3400000, 0x00000000e3300000| Untracked 
|  52|0x00000000e3400000, 0x00000000e3500000, 0x00000000e3500000|100%| O|  |TAMS 0x00000000e3500000, 0x00000000e3400000| Updating 
|  53|0x00000000e3500000, 0x00000000e3600000, 0x00000000e3600000|100%| O|  |TAMS 0x00000000e3600000, 0x00000000e3500000| Untracked 
|  54|0x00000000e3600000, 0x00000000e3700000, 0x00000000e3700000|100%| O|  |TAMS 0x00000000e3700000, 0x00000000e3600000| Untracked 
|  55|0x00000000e3700000, 0x00000000e3800000, 0x00000000e3800000|100%| O|  |TAMS 0x00000000e3800000, 0x00000000e3700000| Untracked 
|  56|0x00000000e3800000, 0x00000000e3900000, 0x00000000e3900000|100%| O|  |TAMS 0x00000000e3900000, 0x00000000e3800000| Untracked 
|  57|0x00000000e3900000, 0x00000000e3a00000, 0x00000000e3a00000|100%| O|  |TAMS 0x00000000e3a00000, 0x00000000e3900000| Updating 
|  58|0x00000000e3a00000, 0x00000000e3b00000, 0x00000000e3b00000|100%| O|  |TAMS 0x00000000e3b00000, 0x00000000e3a00000| Updating 
|  59|0x00000000e3b00000, 0x00000000e3c00000, 0x00000000e3c00000|100%| O|  |TAMS 0x00000000e3c00000, 0x00000000e3b00000| Updating 
|  60|0x00000000e3c00000, 0x00000000e3d00000, 0x00000000e3d00000|100%| O|  |TAMS 0x00000000e3d00000, 0x00000000e3c00000| Updating 
|  61|0x00000000e3d00000, 0x00000000e3e00000, 0x00000000e3e00000|100%| O|  |TAMS 0x00000000e3e00000, 0x00000000e3d00000| Untracked 
|  62|0x00000000e3e00000, 0x00000000e3f00000, 0x00000000e3f00000|100%| O|  |TAMS 0x00000000e3f00000, 0x00000000e3e00000| Untracked 
|  63|0x00000000e3f00000, 0x00000000e4000000, 0x00000000e4000000|100%| O|  |TAMS 0x00000000e4000000, 0x00000000e3f00000| Untracked 
|  64|0x00000000e4000000, 0x00000000e4100000, 0x00000000e4100000|100%| O|  |TAMS 0x00000000e4100000, 0x00000000e4000000| Updating 
|  65|0x00000000e4100000, 0x00000000e4200000, 0x00000000e4200000|100%| O|  |TAMS 0x00000000e4200000, 0x00000000e4100000| Updating 
|  66|0x00000000e4200000, 0x00000000e4300000, 0x00000000e4300000|100%| O|  |TAMS 0x00000000e4300000, 0x00000000e4200000| Untracked 
|  67|0x00000000e4300000, 0x00000000e4400000, 0x00000000e4400000|100%| O|  |TAMS 0x00000000e4400000, 0x00000000e4300000| Untracked 
|  68|0x00000000e4400000, 0x00000000e4500000, 0x00000000e4500000|100%| O|  |TAMS 0x00000000e4500000, 0x00000000e4400000| Untracked 
|  69|0x00000000e4500000, 0x00000000e4600000, 0x00000000e4600000|100%| O|  |TAMS 0x00000000e4600000, 0x00000000e4500000| Updating 
|  70|0x00000000e4600000, 0x00000000e4700000, 0x00000000e4700000|100%| O|  |TAMS 0x00000000e4700000, 0x00000000e4600000| Updating 
|  71|0x00000000e4700000, 0x00000000e4800000, 0x00000000e4800000|100%| O|  |TAMS 0x00000000e4800000, 0x00000000e4700000| Updating 
|  72|0x00000000e4800000, 0x00000000e4900000, 0x00000000e4900000|100%| O|  |TAMS 0x00000000e4900000, 0x00000000e4800000| Updating 
|  73|0x00000000e4900000, 0x00000000e4a00000, 0x00000000e4a00000|100%| O|  |TAMS 0x00000000e4a00000, 0x00000000e4900000| Updating 
|  74|0x00000000e4a00000, 0x00000000e4b00000, 0x00000000e4b00000|100%| O|  |TAMS 0x00000000e4b00000, 0x00000000e4a00000| Updating 
|  75|0x00000000e4b00000, 0x00000000e4c00000, 0x00000000e4c00000|100%| O|  |TAMS 0x00000000e4c00000, 0x00000000e4b00000| Untracked 
|  76|0x00000000e4c00000, 0x00000000e4d00000, 0x00000000e4d00000|100%|HS|  |TAMS 0x00000000e4c00000, 0x00000000e4c00000| Complete 
|  77|0x00000000e4d00000, 0x00000000e4e00000, 0x00000000e4e00000|100%|HC|  |TAMS 0x00000000e4d00000, 0x00000000e4d00000| Complete 
|  78|0x00000000e4e00000, 0x00000000e4e00000, 0x00000000e4f00000|  0%| F|  |TAMS 0x00000000e4e00000, 0x00000000e4e00000| Untracked 
|  79|0x00000000e4f00000, 0x00000000e5000000, 0x00000000e5000000|100%| O|  |TAMS 0x00000000e5000000, 0x00000000e4f00000| Updating 
|  80|0x00000000e5000000, 0x00000000e5000000, 0x00000000e5100000|  0%| F|  |TAMS 0x00000000e5000000, 0x00000000e5000000| Untracked 
|  81|0x00000000e5100000, 0x00000000e5100000, 0x00000000e5200000|  0%| F|  |TAMS 0x00000000e5100000, 0x00000000e5100000| Untracked 
|  82|0x00000000e5200000, 0x00000000e5300000, 0x00000000e5300000|100%| O|  |TAMS 0x00000000e5300000, 0x00000000e5200000| Updating 
|  83|0x00000000e5300000, 0x00000000e5300000, 0x00000000e5400000|  0%| F|  |TAMS 0x00000000e5300000, 0x00000000e5300000| Untracked 
|  84|0x00000000e5400000, 0x00000000e5400000, 0x00000000e5500000|  0%| F|  |TAMS 0x00000000e5400000, 0x00000000e5400000| Untracked 
|  85|0x00000000e5500000, 0x00000000e5500000, 0x00000000e5600000|  0%| F|  |TAMS 0x00000000e5500000, 0x00000000e5500000| Untracked 
|  86|0x00000000e5600000, 0x00000000e5700000, 0x00000000e5700000|100%| O|  |TAMS 0x00000000e5700000, 0x00000000e5600000| Updating 
|  87|0x00000000e5700000, 0x00000000e5700000, 0x00000000e5800000|  0%| F|  |TAMS 0x00000000e5700000, 0x00000000e5700000| Untracked 
|  88|0x00000000e5800000, 0x00000000e5900000, 0x00000000e5900000|100%| O|  |TAMS 0x00000000e5900000, 0x00000000e5800000| Updating 
|  89|0x00000000e5900000, 0x00000000e5a00000, 0x00000000e5a00000|100%| O|  |TAMS 0x00000000e5a00000, 0x00000000e5900000| Updating 
|  90|0x00000000e5a00000, 0x00000000e5b00000, 0x00000000e5b00000|100%| O|  |TAMS 0x00000000e5b00000, 0x00000000e5a00000| Updating 
|  91|0x00000000e5b00000, 0x00000000e5c00000, 0x00000000e5c00000|100%| O|  |TAMS 0x00000000e5c00000, 0x00000000e5b00000| Updating 
|  92|0x00000000e5c00000, 0x00000000e5d00000, 0x00000000e5d00000|100%| O|  |TAMS 0x00000000e5d00000, 0x00000000e5c00000| Updating 
|  93|0x00000000e5d00000, 0x00000000e5e00000, 0x00000000e5e00000|100%| O|  |TAMS 0x00000000e5e00000, 0x00000000e5d00000| Updating 
|  94|0x00000000e5e00000, 0x00000000e5e00000, 0x00000000e5f00000|  0%| F|  |TAMS 0x00000000e5e00000, 0x00000000e5e00000| Untracked 
|  95|0x00000000e5f00000, 0x00000000e5f00000, 0x00000000e6000000|  0%| F|  |TAMS 0x00000000e5f00000, 0x00000000e5f00000| Untracked 
|  96|0x00000000e6000000, 0x00000000e6100000, 0x00000000e6100000|100%| O|  |TAMS 0x00000000e6100000, 0x00000000e6000000| Updating 
|  97|0x00000000e6100000, 0x00000000e6100000, 0x00000000e6200000|  0%| F|  |TAMS 0x00000000e6100000, 0x00000000e6100000| Untracked 
|  98|0x00000000e6200000, 0x00000000e6200000, 0x00000000e6300000|  0%| F|  |TAMS 0x00000000e6200000, 0x00000000e6200000| Untracked 
|  99|0x00000000e6300000, 0x00000000e6300000, 0x00000000e6400000|  0%| F|  |TAMS 0x00000000e6300000, 0x00000000e6300000| Untracked 
| 100|0x00000000e6400000, 0x00000000e6400000, 0x00000000e6500000|  0%| F|  |TAMS 0x00000000e6400000, 0x00000000e6400000| Untracked 
| 101|0x00000000e6500000, 0x00000000e6600000, 0x00000000e6600000|100%| O|  |TAMS 0x00000000e6600000, 0x00000000e6500000| Untracked 
| 102|0x00000000e6600000, 0x00000000e6700000, 0x00000000e6700000|100%| O|  |TAMS 0x00000000e6700000, 0x00000000e6600000| Untracked 
| 103|0x00000000e6700000, 0x00000000e6800000, 0x00000000e6800000|100%| O|  |TAMS 0x00000000e6800000, 0x00000000e6700000| Untracked 
| 104|0x00000000e6800000, 0x00000000e6900000, 0x00000000e6900000|100%| O|  |TAMS 0x00000000e6900000, 0x00000000e6800000| Untracked 
| 105|0x00000000e6900000, 0x00000000e6a00000, 0x00000000e6a00000|100%| O|  |TAMS 0x00000000e6a00000, 0x00000000e6900000| Untracked 
| 106|0x00000000e6a00000, 0x00000000e6b00000, 0x00000000e6b00000|100%| O|  |TAMS 0x00000000e6b00000, 0x00000000e6a00000| Updating 
| 107|0x00000000e6b00000, 0x00000000e6c00000, 0x00000000e6c00000|100%| O|  |TAMS 0x00000000e6c00000, 0x00000000e6b00000| Updating 
| 108|0x00000000e6c00000, 0x00000000e6d00000, 0x00000000e6d00000|100%| O|  |TAMS 0x00000000e6d00000, 0x00000000e6c00000| Updating 
| 109|0x00000000e6d00000, 0x00000000e6e00000, 0x00000000e6e00000|100%| O|  |TAMS 0x00000000e6e00000, 0x00000000e6d00000| Updating 
| 110|0x00000000e6e00000, 0x00000000e6f00000, 0x00000000e6f00000|100%| O|  |TAMS 0x00000000e6f00000, 0x00000000e6e00000| Updating 
| 111|0x00000000e6f00000, 0x00000000e7000000, 0x00000000e7000000|100%| O|  |TAMS 0x00000000e7000000, 0x00000000e6f00000| Updating 
| 112|0x00000000e7000000, 0x00000000e7100000, 0x00000000e7100000|100%| O|  |TAMS 0x00000000e7100000, 0x00000000e7000000| Updating 
| 113|0x00000000e7100000, 0x00000000e7200000, 0x00000000e7200000|100%| O|  |TAMS 0x00000000e7200000, 0x00000000e7100000| Updating 
| 114|0x00000000e7200000, 0x00000000e7300000, 0x00000000e7300000|100%| O|  |TAMS 0x00000000e7300000, 0x00000000e7200000| Updating 
| 115|0x00000000e7300000, 0x00000000e7300000, 0x00000000e7400000|  0%| F|  |TAMS 0x00000000e7300000, 0x00000000e7300000| Untracked 
| 116|0x00000000e7400000, 0x00000000e7400000, 0x00000000e7500000|  0%| F|  |TAMS 0x00000000e7400000, 0x00000000e7400000| Untracked 
| 117|0x00000000e7500000, 0x00000000e7500000, 0x00000000e7600000|  0%| F|  |TAMS 0x00000000e7500000, 0x00000000e7500000| Untracked 
| 118|0x00000000e7600000, 0x00000000e7700000, 0x00000000e7700000|100%| O|  |TAMS 0x00000000e7700000, 0x00000000e7600000| Updating 
| 119|0x00000000e7700000, 0x00000000e7700000, 0x00000000e7800000|  0%| F|  |TAMS 0x00000000e7700000, 0x00000000e7700000| Untracked 
| 120|0x00000000e7800000, 0x00000000e7900000, 0x00000000e7900000|100%| O|  |TAMS 0x00000000e7900000, 0x00000000e7800000| Updating 
| 121|0x00000000e7900000, 0x00000000e7a00000, 0x00000000e7a00000|100%| O|  |TAMS 0x00000000e7a00000, 0x00000000e7900000| Updating 
| 122|0x00000000e7a00000, 0x00000000e7b00000, 0x00000000e7b00000|100%| O|  |TAMS 0x00000000e7b00000, 0x00000000e7a00000| Updating 
| 123|0x00000000e7b00000, 0x00000000e7c00000, 0x00000000e7c00000|100%| O|  |TAMS 0x00000000e7c00000, 0x00000000e7b00000| Updating 
| 124|0x00000000e7c00000, 0x00000000e7d00000, 0x00000000e7d00000|100%| O|  |TAMS 0x00000000e7d00000, 0x00000000e7c00000| Updating 
| 125|0x00000000e7d00000, 0x00000000e7e00000, 0x00000000e7e00000|100%| O|  |TAMS 0x00000000e7e00000, 0x00000000e7d00000| Updating 
| 126|0x00000000e7e00000, 0x00000000e7f00000, 0x00000000e7f00000|100%| O|  |TAMS 0x00000000e7f00000, 0x00000000e7e00000| Updating 
| 127|0x00000000e7f00000, 0x00000000e8000000, 0x00000000e8000000|100%| O|  |TAMS 0x00000000e8000000, 0x00000000e7f00000| Updating 
| 128|0x00000000e8000000, 0x00000000e8100000, 0x00000000e8100000|100%| O|  |TAMS 0x00000000e8100000, 0x00000000e8000000| Updating 
| 129|0x00000000e8100000, 0x00000000e8200000, 0x00000000e8200000|100%| O|  |TAMS 0x00000000e8200000, 0x00000000e8100000| Updating 
| 130|0x00000000e8200000, 0x00000000e8300000, 0x00000000e8300000|100%| O|  |TAMS 0x00000000e8300000, 0x00000000e8200000| Updating 
| 131|0x00000000e8300000, 0x00000000e8400000, 0x00000000e8400000|100%| O|  |TAMS 0x00000000e8400000, 0x00000000e8300000| Updating 
| 132|0x00000000e8400000, 0x00000000e8500000, 0x00000000e8500000|100%| O|  |TAMS 0x00000000e8500000, 0x00000000e8400000| Untracked 
| 133|0x00000000e8500000, 0x00000000e8500000, 0x00000000e8600000|  0%| F|  |TAMS 0x00000000e8500000, 0x00000000e8500000| Untracked 
| 134|0x00000000e8600000, 0x00000000e8700000, 0x00000000e8700000|100%| O|  |TAMS 0x00000000e8700000, 0x00000000e8600000| Updating 
| 135|0x00000000e8700000, 0x00000000e8700000, 0x00000000e8800000|  0%| F|  |TAMS 0x00000000e8700000, 0x00000000e8700000| Untracked 
| 136|0x00000000e8800000, 0x00000000e8900000, 0x00000000e8900000|100%| O|  |TAMS 0x00000000e8900000, 0x00000000e8800000| Untracked 
| 137|0x00000000e8900000, 0x00000000e8a00000, 0x00000000e8a00000|100%| O|  |TAMS 0x00000000e8a00000, 0x00000000e8900000| Updating 
| 138|0x00000000e8a00000, 0x00000000e8b00000, 0x00000000e8b00000|100%| O|  |TAMS 0x00000000e8b00000, 0x00000000e8a00000| Updating 
| 139|0x00000000e8b00000, 0x00000000e8c00000, 0x00000000e8c00000|100%| O|  |TAMS 0x00000000e8c00000, 0x00000000e8b00000| Updating 
| 140|0x00000000e8c00000, 0x00000000e8c00000, 0x00000000e8d00000|  0%| F|  |TAMS 0x00000000e8c00000, 0x00000000e8c00000| Untracked 
| 141|0x00000000e8d00000, 0x00000000e8e00000, 0x00000000e8e00000|100%| O|  |TAMS 0x00000000e8e00000, 0x00000000e8d00000| Updating 
| 142|0x00000000e8e00000, 0x00000000e8e00000, 0x00000000e8f00000|  0%| F|  |TAMS 0x00000000e8e00000, 0x00000000e8e00000| Untracked 
| 143|0x00000000e8f00000, 0x00000000e9000000, 0x00000000e9000000|100%| O|  |TAMS 0x00000000e9000000, 0x00000000e8f00000| Updating 
| 144|0x00000000e9000000, 0x00000000e9000000, 0x00000000e9100000|  0%| F|  |TAMS 0x00000000e9000000, 0x00000000e9000000| Untracked 
| 145|0x00000000e9100000, 0x00000000e9100000, 0x00000000e9200000|  0%| F|  |TAMS 0x00000000e9100000, 0x00000000e9100000| Untracked 
| 146|0x00000000e9200000, 0x00000000e9300000, 0x00000000e9300000|100%| O|  |TAMS 0x00000000e9300000, 0x00000000e9200000| Updating 
| 147|0x00000000e9300000, 0x00000000e9400000, 0x00000000e9400000|100%| O|  |TAMS 0x00000000e9400000, 0x00000000e9300000| Updating 
| 148|0x00000000e9400000, 0x00000000e9500000, 0x00000000e9500000|100%| O|  |TAMS 0x00000000e9500000, 0x00000000e9400000| Updating 
| 149|0x00000000e9500000, 0x00000000e9600000, 0x00000000e9600000|100%| O|  |TAMS 0x00000000e9600000, 0x00000000e9500000| Untracked 
| 150|0x00000000e9600000, 0x00000000e9600000, 0x00000000e9700000|  0%| F|  |TAMS 0x00000000e9600000, 0x00000000e9600000| Untracked 
| 151|0x00000000e9700000, 0x00000000e9700000, 0x00000000e9800000|  0%| F|  |TAMS 0x00000000e9700000, 0x00000000e9700000| Untracked 
| 152|0x00000000e9800000, 0x00000000e9900000, 0x00000000e9900000|100%| O|  |TAMS 0x00000000e9900000, 0x00000000e9800000| Updating 
| 153|0x00000000e9900000, 0x00000000e9a00000, 0x00000000e9a00000|100%| O|  |TAMS 0x00000000e9a00000, 0x00000000e9900000| Updating 
| 154|0x00000000e9a00000, 0x00000000e9b00000, 0x00000000e9b00000|100%| O|  |TAMS 0x00000000e9b00000, 0x00000000e9a00000| Updating 
| 155|0x00000000e9b00000, 0x00000000e9c00000, 0x00000000e9c00000|100%| O|  |TAMS 0x00000000e9c00000, 0x00000000e9b00000| Updating 
| 156|0x00000000e9c00000, 0x00000000e9c00000, 0x00000000e9d00000|  0%| F|  |TAMS 0x00000000e9c00000, 0x00000000e9c00000| Untracked 
| 157|0x00000000e9d00000, 0x00000000e9d00000, 0x00000000e9e00000|  0%| F|  |TAMS 0x00000000e9d00000, 0x00000000e9d00000| Untracked 
| 158|0x00000000e9e00000, 0x00000000e9f00000, 0x00000000e9f00000|100%| O|  |TAMS 0x00000000e9f00000, 0x00000000e9e00000| Updating 
| 159|0x00000000e9f00000, 0x00000000ea000000, 0x00000000ea000000|100%| O|  |TAMS 0x00000000ea000000, 0x00000000e9f00000| Updating 
| 160|0x00000000ea000000, 0x00000000ea100000, 0x00000000ea100000|100%| O|  |TAMS 0x00000000ea100000, 0x00000000ea000000| Updating 
| 161|0x00000000ea100000, 0x00000000ea200000, 0x00000000ea200000|100%| O|  |TAMS 0x00000000ea200000, 0x00000000ea100000| Updating 
| 162|0x00000000ea200000, 0x00000000ea300000, 0x00000000ea300000|100%| O|  |TAMS 0x00000000ea300000, 0x00000000ea200000| Updating 
| 163|0x00000000ea300000, 0x00000000ea400000, 0x00000000ea400000|100%| O|  |TAMS 0x00000000ea400000, 0x00000000ea300000| Updating 
| 164|0x00000000ea400000, 0x00000000ea500000, 0x00000000ea500000|100%| O|  |TAMS 0x00000000ea500000, 0x00000000ea400000| Updating 
| 165|0x00000000ea500000, 0x00000000ea600000, 0x00000000ea600000|100%| O|  |TAMS 0x00000000ea600000, 0x00000000ea500000| Updating 
| 166|0x00000000ea600000, 0x00000000ea700000, 0x00000000ea700000|100%| O|  |TAMS 0x00000000ea700000, 0x00000000ea600000| Updating 
| 167|0x00000000ea700000, 0x00000000ea800000, 0x00000000ea800000|100%| O|  |TAMS 0x00000000ea800000, 0x00000000ea700000| Updating 
| 168|0x00000000ea800000, 0x00000000ea900000, 0x00000000ea900000|100%| O|  |TAMS 0x00000000ea900000, 0x00000000ea800000| Updating 
| 169|0x00000000ea900000, 0x00000000eaa00000, 0x00000000eaa00000|100%| O|  |TAMS 0x00000000eaa00000, 0x00000000ea900000| Updating 
| 170|0x00000000eaa00000, 0x00000000eab00000, 0x00000000eab00000|100%| O|  |TAMS 0x00000000eab00000, 0x00000000eaa00000| Updating 
| 171|0x00000000eab00000, 0x00000000eac00000, 0x00000000eac00000|100%| O|  |TAMS 0x00000000eac00000, 0x00000000eab00000| Updating 
| 172|0x00000000eac00000, 0x00000000ead00000, 0x00000000ead00000|100%| O|  |TAMS 0x00000000ead00000, 0x00000000eac00000| Updating 
| 173|0x00000000ead00000, 0x00000000eae00000, 0x00000000eae00000|100%| O|  |TAMS 0x00000000eae00000, 0x00000000ead00000| Untracked 
| 174|0x00000000eae00000, 0x00000000eaf00000, 0x00000000eaf00000|100%| O|  |TAMS 0x00000000eaf00000, 0x00000000eae00000| Untracked 
| 175|0x00000000eaf00000, 0x00000000eb000000, 0x00000000eb000000|100%| O|  |TAMS 0x00000000eb000000, 0x00000000eaf00000| Untracked 
| 176|0x00000000eb000000, 0x00000000eb100000, 0x00000000eb100000|100%| O|  |TAMS 0x00000000eb100000, 0x00000000eb000000| Updating 
| 177|0x00000000eb100000, 0x00000000eb200000, 0x00000000eb200000|100%| O|  |TAMS 0x00000000eb200000, 0x00000000eb100000| Updating 
| 178|0x00000000eb200000, 0x00000000eb300000, 0x00000000eb300000|100%| O|  |TAMS 0x00000000eb300000, 0x00000000eb200000| Updating 
| 179|0x00000000eb300000, 0x00000000eb400000, 0x00000000eb400000|100%| O|  |TAMS 0x00000000eb400000, 0x00000000eb300000| Untracked 
| 180|0x00000000eb400000, 0x00000000eb500000, 0x00000000eb500000|100%| O|  |TAMS 0x00000000eb500000, 0x00000000eb400000| Updating 
| 181|0x00000000eb500000, 0x00000000eb600000, 0x00000000eb600000|100%| O|  |TAMS 0x00000000eb600000, 0x00000000eb500000| Updating 
| 182|0x00000000eb600000, 0x00000000eb700000, 0x00000000eb700000|100%| O|  |TAMS 0x00000000eb700000, 0x00000000eb600000| Untracked 
| 183|0x00000000eb700000, 0x00000000eb800000, 0x00000000eb800000|100%| O|  |TAMS 0x00000000eb800000, 0x00000000eb700000| Untracked 
| 184|0x00000000eb800000, 0x00000000eb900000, 0x00000000eb900000|100%| O|  |TAMS 0x00000000eb900000, 0x00000000eb800000| Untracked 
| 185|0x00000000eb900000, 0x00000000eba00000, 0x00000000eba00000|100%| O|  |TAMS 0x00000000eba00000, 0x00000000eb900000| Untracked 
| 186|0x00000000eba00000, 0x00000000ebb00000, 0x00000000ebb00000|100%| O|  |TAMS 0x00000000ebb00000, 0x00000000eba00000| Untracked 
| 187|0x00000000ebb00000, 0x00000000ebb96400, 0x00000000ebc00000| 58%| O|  |TAMS 0x00000000ebb96400, 0x00000000ebb00000| Updating 
| 188|0x00000000ebc00000, 0x00000000ebc00000, 0x00000000ebd00000|  0%| F|  |TAMS 0x00000000ebc00000, 0x00000000ebc00000| Untracked 
| 189|0x00000000ebd00000, 0x00000000ebd00000, 0x00000000ebe00000|  0%| F|  |TAMS 0x00000000ebd00000, 0x00000000ebd00000| Untracked 
| 190|0x00000000ebe00000, 0x00000000ebe00000, 0x00000000ebf00000|  0%| F|  |TAMS 0x00000000ebe00000, 0x00000000ebe00000| Untracked 
| 191|0x00000000ebf00000, 0x00000000ebf00000, 0x00000000ec000000|  0%| F|  |TAMS 0x00000000ebf00000, 0x00000000ebf00000| Untracked 
| 192|0x00000000ec000000, 0x00000000ec000000, 0x00000000ec100000|  0%| F|  |TAMS 0x00000000ec000000, 0x00000000ec000000| Untracked 
| 193|0x00000000ec100000, 0x00000000ec100000, 0x00000000ec200000|  0%| F|  |TAMS 0x00000000ec100000, 0x00000000ec100000| Untracked 
| 194|0x00000000ec200000, 0x00000000ec200000, 0x00000000ec300000|  0%| F|  |TAMS 0x00000000ec200000, 0x00000000ec200000| Untracked 
| 195|0x00000000ec300000, 0x00000000ec300000, 0x00000000ec400000|  0%| F|  |TAMS 0x00000000ec300000, 0x00000000ec300000| Untracked 
| 196|0x00000000ec400000, 0x00000000ec400000, 0x00000000ec500000|  0%| F|  |TAMS 0x00000000ec400000, 0x00000000ec400000| Untracked 
| 197|0x00000000ec500000, 0x00000000ec500000, 0x00000000ec600000|  0%| F|  |TAMS 0x00000000ec500000, 0x00000000ec500000| Untracked 
| 198|0x00000000ec600000, 0x00000000ec600000, 0x00000000ec700000|  0%| F|  |TAMS 0x00000000ec600000, 0x00000000ec600000| Untracked 
| 199|0x00000000ec700000, 0x00000000ec700000, 0x00000000ec800000|  0%| F|  |TAMS 0x00000000ec700000, 0x00000000ec700000| Untracked 
| 200|0x00000000ec800000, 0x00000000ec800000, 0x00000000ec900000|  0%| F|  |TAMS 0x00000000ec800000, 0x00000000ec800000| Untracked 
| 201|0x00000000ec900000, 0x00000000ec900000, 0x00000000eca00000|  0%| F|  |TAMS 0x00000000ec900000, 0x00000000ec900000| Untracked 
| 202|0x00000000eca00000, 0x00000000eca00000, 0x00000000ecb00000|  0%| F|  |TAMS 0x00000000eca00000, 0x00000000eca00000| Untracked 
| 203|0x00000000ecb00000, 0x00000000ecb00000, 0x00000000ecc00000|  0%| F|  |TAMS 0x00000000ecb00000, 0x00000000ecb00000| Untracked 
| 204|0x00000000ecc00000, 0x00000000ecc00000, 0x00000000ecd00000|  0%| F|  |TAMS 0x00000000ecc00000, 0x00000000ecc00000| Untracked 
| 205|0x00000000ecd00000, 0x00000000ecd00000, 0x00000000ece00000|  0%| F|  |TAMS 0x00000000ecd00000, 0x00000000ecd00000| Untracked 
| 206|0x00000000ece00000, 0x00000000ece00000, 0x00000000ecf00000|  0%| F|  |TAMS 0x00000000ece00000, 0x00000000ece00000| Untracked 
| 207|0x00000000ecf00000, 0x00000000ecf00000, 0x00000000ed000000|  0%| F|  |TAMS 0x00000000ecf00000, 0x00000000ecf00000| Untracked 
| 208|0x00000000ed000000, 0x00000000ed000000, 0x00000000ed100000|  0%| F|  |TAMS 0x00000000ed000000, 0x00000000ed000000| Untracked 
| 209|0x00000000ed100000, 0x00000000ed100000, 0x00000000ed200000|  0%| F|  |TAMS 0x00000000ed100000, 0x00000000ed100000| Untracked 
| 210|0x00000000ed200000, 0x00000000ed200000, 0x00000000ed300000|  0%| F|  |TAMS 0x00000000ed200000, 0x00000000ed200000| Untracked 
| 211|0x00000000ed300000, 0x00000000ed300000, 0x00000000ed400000|  0%| F|  |TAMS 0x00000000ed300000, 0x00000000ed300000| Untracked 
| 212|0x00000000ed400000, 0x00000000ed400000, 0x00000000ed500000|  0%| F|  |TAMS 0x00000000ed400000, 0x00000000ed400000| Untracked 
| 213|0x00000000ed500000, 0x00000000ed500000, 0x00000000ed600000|  0%| F|  |TAMS 0x00000000ed500000, 0x00000000ed500000| Untracked 
| 214|0x00000000ed600000, 0x00000000ed600000, 0x00000000ed700000|  0%| F|  |TAMS 0x00000000ed600000, 0x00000000ed600000| Untracked 
| 215|0x00000000ed700000, 0x00000000ed700000, 0x00000000ed800000|  0%| F|  |TAMS 0x00000000ed700000, 0x00000000ed700000| Untracked 
| 216|0x00000000ed800000, 0x00000000ed800000, 0x00000000ed900000|  0%| F|  |TAMS 0x00000000ed800000, 0x00000000ed800000| Untracked 
| 217|0x00000000ed900000, 0x00000000ed900000, 0x00000000eda00000|  0%| F|  |TAMS 0x00000000ed900000, 0x00000000ed900000| Untracked 
| 218|0x00000000eda00000, 0x00000000eda00000, 0x00000000edb00000|  0%| F|  |TAMS 0x00000000eda00000, 0x00000000eda00000| Untracked 
| 219|0x00000000edb00000, 0x00000000edb00000, 0x00000000edc00000|  0%| F|  |TAMS 0x00000000edb00000, 0x00000000edb00000| Untracked 
| 220|0x00000000edc00000, 0x00000000edc00000, 0x00000000edd00000|  0%| F|  |TAMS 0x00000000edc00000, 0x00000000edc00000| Untracked 
| 221|0x00000000edd00000, 0x00000000edd00000, 0x00000000ede00000|  0%| F|  |TAMS 0x00000000edd00000, 0x00000000edd00000| Untracked 
| 222|0x00000000ede00000, 0x00000000ede00000, 0x00000000edf00000|  0%| F|  |TAMS 0x00000000ede00000, 0x00000000ede00000| Untracked 
| 223|0x00000000edf00000, 0x00000000edf00000, 0x00000000ee000000|  0%| F|  |TAMS 0x00000000edf00000, 0x00000000edf00000| Untracked 
| 224|0x00000000ee000000, 0x00000000ee000000, 0x00000000ee100000|  0%| F|  |TAMS 0x00000000ee000000, 0x00000000ee000000| Untracked 
| 225|0x00000000ee100000, 0x00000000ee100000, 0x00000000ee200000|  0%| F|  |TAMS 0x00000000ee100000, 0x00000000ee100000| Untracked 
| 226|0x00000000ee200000, 0x00000000ee200000, 0x00000000ee300000|  0%| F|  |TAMS 0x00000000ee200000, 0x00000000ee200000| Untracked 
| 227|0x00000000ee300000, 0x00000000ee300000, 0x00000000ee400000|  0%| F|  |TAMS 0x00000000ee300000, 0x00000000ee300000| Untracked 
| 228|0x00000000ee400000, 0x00000000ee400000, 0x00000000ee500000|  0%| F|  |TAMS 0x00000000ee400000, 0x00000000ee400000| Untracked 
| 229|0x00000000ee500000, 0x00000000ee500000, 0x00000000ee600000|  0%| F|  |TAMS 0x00000000ee500000, 0x00000000ee500000| Untracked 
| 230|0x00000000ee600000, 0x00000000ee600000, 0x00000000ee700000|  0%| F|  |TAMS 0x00000000ee600000, 0x00000000ee600000| Untracked 
| 231|0x00000000ee700000, 0x00000000ee700000, 0x00000000ee800000|  0%| F|  |TAMS 0x00000000ee700000, 0x00000000ee700000| Untracked 
| 232|0x00000000ee800000, 0x00000000ee800000, 0x00000000ee900000|  0%| F|  |TAMS 0x00000000ee800000, 0x00000000ee800000| Untracked 
| 233|0x00000000ee900000, 0x00000000ee900000, 0x00000000eea00000|  0%| F|  |TAMS 0x00000000ee900000, 0x00000000ee900000| Untracked 
| 234|0x00000000eea00000, 0x00000000eea00000, 0x00000000eeb00000|  0%| F|  |TAMS 0x00000000eea00000, 0x00000000eea00000| Untracked 
| 235|0x00000000eeb00000, 0x00000000eeb00000, 0x00000000eec00000|  0%| F|  |TAMS 0x00000000eeb00000, 0x00000000eeb00000| Untracked 
| 236|0x00000000eec00000, 0x00000000eec00000, 0x00000000eed00000|  0%| F|  |TAMS 0x00000000eec00000, 0x00000000eec00000| Untracked 
| 237|0x00000000eed00000, 0x00000000eed00000, 0x00000000eee00000|  0%| F|  |TAMS 0x00000000eed00000, 0x00000000eed00000| Untracked 
| 238|0x00000000eee00000, 0x00000000eee00000, 0x00000000eef00000|  0%| F|  |TAMS 0x00000000eee00000, 0x00000000eee00000| Untracked 
| 239|0x00000000eef00000, 0x00000000eef00000, 0x00000000ef000000|  0%| F|  |TAMS 0x00000000eef00000, 0x00000000eef00000| Untracked 
| 240|0x00000000ef000000, 0x00000000ef000000, 0x00000000ef100000|  0%| F|  |TAMS 0x00000000ef000000, 0x00000000ef000000| Untracked 
| 241|0x00000000ef100000, 0x00000000ef100000, 0x00000000ef200000|  0%| F|  |TAMS 0x00000000ef100000, 0x00000000ef100000| Untracked 
| 242|0x00000000ef200000, 0x00000000ef200000, 0x00000000ef300000|  0%| F|  |TAMS 0x00000000ef200000, 0x00000000ef200000| Untracked 
| 243|0x00000000ef300000, 0x00000000ef300000, 0x00000000ef400000|  0%| F|  |TAMS 0x00000000ef300000, 0x00000000ef300000| Untracked 
| 244|0x00000000ef400000, 0x00000000ef400000, 0x00000000ef500000|  0%| F|  |TAMS 0x00000000ef400000, 0x00000000ef400000| Untracked 
| 245|0x00000000ef500000, 0x00000000ef500000, 0x00000000ef600000|  0%| F|  |TAMS 0x00000000ef500000, 0x00000000ef500000| Untracked 
| 246|0x00000000ef600000, 0x00000000ef600000, 0x00000000ef700000|  0%| F|  |TAMS 0x00000000ef600000, 0x00000000ef600000| Untracked 
| 247|0x00000000ef700000, 0x00000000ef700000, 0x00000000ef800000|  0%| F|  |TAMS 0x00000000ef700000, 0x00000000ef700000| Untracked 
| 248|0x00000000ef800000, 0x00000000ef800000, 0x00000000ef900000|  0%| F|  |TAMS 0x00000000ef800000, 0x00000000ef800000| Untracked 
| 249|0x00000000ef900000, 0x00000000ef900000, 0x00000000efa00000|  0%| F|  |TAMS 0x00000000ef900000, 0x00000000ef900000| Untracked 
| 250|0x00000000efa00000, 0x00000000efa00000, 0x00000000efb00000|  0%| F|  |TAMS 0x00000000efa00000, 0x00000000efa00000| Untracked 
| 251|0x00000000efb00000, 0x00000000efb00000, 0x00000000efc00000|  0%| F|  |TAMS 0x00000000efb00000, 0x00000000efb00000| Untracked 
| 252|0x00000000efc00000, 0x00000000efc00000, 0x00000000efd00000|  0%| F|  |TAMS 0x00000000efc00000, 0x00000000efc00000| Untracked 
| 253|0x00000000efd00000, 0x00000000efd00000, 0x00000000efe00000|  0%| F|  |TAMS 0x00000000efd00000, 0x00000000efd00000| Untracked 
| 254|0x00000000efe00000, 0x00000000efe00000, 0x00000000eff00000|  0%| F|  |TAMS 0x00000000efe00000, 0x00000000efe00000| Untracked 
| 255|0x00000000eff00000, 0x00000000eff00000, 0x00000000f0000000|  0%| F|  |TAMS 0x00000000eff00000, 0x00000000eff00000| Untracked 
| 256|0x00000000f0000000, 0x00000000f0000000, 0x00000000f0100000|  0%| F|  |TAMS 0x00000000f0000000, 0x00000000f0000000| Untracked 
| 257|0x00000000f0100000, 0x00000000f0100000, 0x00000000f0200000|  0%| F|  |TAMS 0x00000000f0100000, 0x00000000f0100000| Untracked 
| 258|0x00000000f0200000, 0x00000000f0200000, 0x00000000f0300000|  0%| F|  |TAMS 0x00000000f0200000, 0x00000000f0200000| Untracked 
| 259|0x00000000f0300000, 0x00000000f0300000, 0x00000000f0400000|  0%| F|  |TAMS 0x00000000f0300000, 0x00000000f0300000| Untracked 
| 260|0x00000000f0400000, 0x00000000f0400000, 0x00000000f0500000|  0%| F|  |TAMS 0x00000000f0400000, 0x00000000f0400000| Untracked 
| 261|0x00000000f0500000, 0x00000000f0500000, 0x00000000f0600000|  0%| F|  |TAMS 0x00000000f0500000, 0x00000000f0500000| Untracked 
| 262|0x00000000f0600000, 0x00000000f0600000, 0x00000000f0700000|  0%| F|  |TAMS 0x00000000f0600000, 0x00000000f0600000| Untracked 
| 263|0x00000000f0700000, 0x00000000f0700000, 0x00000000f0800000|  0%| F|  |TAMS 0x00000000f0700000, 0x00000000f0700000| Untracked 
| 264|0x00000000f0800000, 0x00000000f0800000, 0x00000000f0900000|  0%| F|  |TAMS 0x00000000f0800000, 0x00000000f0800000| Untracked 
| 265|0x00000000f0900000, 0x00000000f0900000, 0x00000000f0a00000|  0%| F|  |TAMS 0x00000000f0900000, 0x00000000f0900000| Untracked 
| 266|0x00000000f0a00000, 0x00000000f0a00000, 0x00000000f0b00000|  0%| F|  |TAMS 0x00000000f0a00000, 0x00000000f0a00000| Untracked 
| 267|0x00000000f0b00000, 0x00000000f0b00000, 0x00000000f0c00000|  0%| F|  |TAMS 0x00000000f0b00000, 0x00000000f0b00000| Untracked 
| 268|0x00000000f0c00000, 0x00000000f0ce07e0, 0x00000000f0d00000| 87%| S|CS|TAMS 0x00000000f0c00000, 0x00000000f0c00000| Complete 
| 269|0x00000000f0d00000, 0x00000000f0e00000, 0x00000000f0e00000|100%| S|CS|TAMS 0x00000000f0d00000, 0x00000000f0d00000| Complete 
| 270|0x00000000f0e00000, 0x00000000f0f00000, 0x00000000f0f00000|100%| S|CS|TAMS 0x00000000f0e00000, 0x00000000f0e00000| Complete 
| 271|0x00000000f0f00000, 0x00000000f1000000, 0x00000000f1000000|100%| S|CS|TAMS 0x00000000f0f00000, 0x00000000f0f00000| Complete 
| 272|0x00000000f1000000, 0x00000000f1100000, 0x00000000f1100000|100%| S|CS|TAMS 0x00000000f1000000, 0x00000000f1000000| Complete 
| 273|0x00000000f1100000, 0x00000000f1200000, 0x00000000f1200000|100%| S|CS|TAMS 0x00000000f1100000, 0x00000000f1100000| Complete 
| 274|0x00000000f1200000, 0x00000000f1300000, 0x00000000f1300000|100%| S|CS|TAMS 0x00000000f1200000, 0x00000000f1200000| Complete 
| 275|0x00000000f1300000, 0x00000000f1400000, 0x00000000f1400000|100%| S|CS|TAMS 0x00000000f1300000, 0x00000000f1300000| Complete 
| 276|0x00000000f1400000, 0x00000000f1400000, 0x00000000f1500000|  0%| F|  |TAMS 0x00000000f1400000, 0x00000000f1400000| Untracked 
| 277|0x00000000f1500000, 0x00000000f1500000, 0x00000000f1600000|  0%| F|  |TAMS 0x00000000f1500000, 0x00000000f1500000| Untracked 
| 278|0x00000000f1600000, 0x00000000f1600000, 0x00000000f1700000|  0%| F|  |TAMS 0x00000000f1600000, 0x00000000f1600000| Untracked 
| 279|0x00000000f1700000, 0x00000000f1700000, 0x00000000f1800000|  0%| F|  |TAMS 0x00000000f1700000, 0x00000000f1700000| Untracked 
| 280|0x00000000f1800000, 0x00000000f1800000, 0x00000000f1900000|  0%| F|  |TAMS 0x00000000f1800000, 0x00000000f1800000| Untracked 
| 281|0x00000000f1900000, 0x00000000f1900000, 0x00000000f1a00000|  0%| F|  |TAMS 0x00000000f1900000, 0x00000000f1900000| Untracked 
| 282|0x00000000f1a00000, 0x00000000f1a00000, 0x00000000f1b00000|  0%| F|  |TAMS 0x00000000f1a00000, 0x00000000f1a00000| Untracked 
| 283|0x00000000f1b00000, 0x00000000f1b00000, 0x00000000f1c00000|  0%| F|  |TAMS 0x00000000f1b00000, 0x00000000f1b00000| Untracked 
| 284|0x00000000f1c00000, 0x00000000f1c00000, 0x00000000f1d00000|  0%| F|  |TAMS 0x00000000f1c00000, 0x00000000f1c00000| Untracked 
| 285|0x00000000f1d00000, 0x00000000f1d00000, 0x00000000f1e00000|  0%| F|  |TAMS 0x00000000f1d00000, 0x00000000f1d00000| Untracked 
| 286|0x00000000f1e00000, 0x00000000f1e00000, 0x00000000f1f00000|  0%| F|  |TAMS 0x00000000f1e00000, 0x00000000f1e00000| Untracked 
| 287|0x00000000f1f00000, 0x00000000f1f8db68, 0x00000000f2000000| 55%| E|  |TAMS 0x00000000f1f00000, 0x00000000f1f00000| Complete 
| 288|0x00000000f2000000, 0x00000000f2100000, 0x00000000f2100000|100%| E|CS|TAMS 0x00000000f2000000, 0x00000000f2000000| Complete 
| 289|0x00000000f2100000, 0x00000000f2200000, 0x00000000f2200000|100%| E|CS|TAMS 0x00000000f2100000, 0x00000000f2100000| Complete 
| 290|0x00000000f2200000, 0x00000000f2300000, 0x00000000f2300000|100%| E|CS|TAMS 0x00000000f2200000, 0x00000000f2200000| Complete 
| 291|0x00000000f2300000, 0x00000000f2400000, 0x00000000f2400000|100%| E|CS|TAMS 0x00000000f2300000, 0x00000000f2300000| Complete 
| 292|0x00000000f2400000, 0x00000000f2500000, 0x00000000f2500000|100%| E|CS|TAMS 0x00000000f2400000, 0x00000000f2400000| Complete 
| 293|0x00000000f2500000, 0x00000000f2600000, 0x00000000f2600000|100%| E|CS|TAMS 0x00000000f2500000, 0x00000000f2500000| Complete 
| 294|0x00000000f2600000, 0x00000000f2700000, 0x00000000f2700000|100%| E|CS|TAMS 0x00000000f2600000, 0x00000000f2600000| Complete 
| 295|0x00000000f2700000, 0x00000000f2800000, 0x00000000f2800000|100%| E|CS|TAMS 0x00000000f2700000, 0x00000000f2700000| Complete 
| 296|0x00000000f2800000, 0x00000000f2900000, 0x00000000f2900000|100%| E|CS|TAMS 0x00000000f2800000, 0x00000000f2800000| Complete 
| 297|0x00000000f2900000, 0x00000000f2a00000, 0x00000000f2a00000|100%| E|CS|TAMS 0x00000000f2900000, 0x00000000f2900000| Complete 
| 298|0x00000000f2a00000, 0x00000000f2b00000, 0x00000000f2b00000|100%| E|CS|TAMS 0x00000000f2a00000, 0x00000000f2a00000| Complete 
| 299|0x00000000f2b00000, 0x00000000f2c00000, 0x00000000f2c00000|100%| E|CS|TAMS 0x00000000f2b00000, 0x00000000f2b00000| Complete 
| 300|0x00000000f2c00000, 0x00000000f2d00000, 0x00000000f2d00000|100%| E|  |TAMS 0x00000000f2c00000, 0x00000000f2c00000| Complete 
| 301|0x00000000f2d00000, 0x00000000f2e00000, 0x00000000f2e00000|100%| E|CS|TAMS 0x00000000f2d00000, 0x00000000f2d00000| Complete 
| 302|0x00000000f2e00000, 0x00000000f2f00000, 0x00000000f2f00000|100%| E|CS|TAMS 0x00000000f2e00000, 0x00000000f2e00000| Complete 
| 303|0x00000000f2f00000, 0x00000000f3000000, 0x00000000f3000000|100%| E|CS|TAMS 0x00000000f2f00000, 0x00000000f2f00000| Complete 
| 304|0x00000000f3000000, 0x00000000f3100000, 0x00000000f3100000|100%| E|CS|TAMS 0x00000000f3000000, 0x00000000f3000000| Complete 
| 305|0x00000000f3100000, 0x00000000f3200000, 0x00000000f3200000|100%| E|CS|TAMS 0x00000000f3100000, 0x00000000f3100000| Complete 
| 306|0x00000000f3200000, 0x00000000f3300000, 0x00000000f3300000|100%| E|CS|TAMS 0x00000000f3200000, 0x00000000f3200000| Complete 
| 307|0x00000000f3300000, 0x00000000f3400000, 0x00000000f3400000|100%| E|CS|TAMS 0x00000000f3300000, 0x00000000f3300000| Complete 
| 308|0x00000000f3400000, 0x00000000f3500000, 0x00000000f3500000|100%| E|CS|TAMS 0x00000000f3400000, 0x00000000f3400000| Complete 
| 509|0x00000000ffd00000, 0x00000000ffe00000, 0x00000000ffe00000|100%| E|CS|TAMS 0x00000000ffd00000, 0x00000000ffd00000| Complete 
| 510|0x00000000ffe00000, 0x00000000fff00000, 0x00000000fff00000|100%| E|CS|TAMS 0x00000000ffe00000, 0x00000000ffe00000| Complete 
| 511|0x00000000fff00000, 0x0000000100000000, 0x0000000100000000|100%| O|  |TAMS 0x0000000100000000, 0x00000000fff00000| Updating 

Card table byte_map: [0x000002613d4f0000,0x000002613d5f0000] _byte_map_base: 0x000002613cdf0000

Marking Bits (Prev, Next): (CMBitMap*) 0x0000026124696040, (CMBitMap*) 0x0000026124696080
 Prev Bits: [0x000002613d6f0000, 0x000002613def0000)
 Next Bits: [0x000002613def0000, 0x000002613e6f0000)

Polling page: 0x00000261245f0000

Metaspace:

Usage:
  Non-class:     42.22 MB used.
      Class:      6.94 MB used.
       Both:     49.16 MB used.

Virtual space:
  Non-class space:       64.00 MB reserved,      42.56 MB ( 67%) committed,  1 nodes.
      Class space:      320.00 MB reserved,       7.25 MB (  2%) committed,  1 nodes.
             Both:      384.00 MB reserved,      49.81 MB ( 13%) committed. 

Chunk freelists:
   Non-Class:  5.30 MB
       Class:  8.61 MB
        Both:  13.91 MB

MaxMetaspaceSize: 384.00 MB
CompressedClassSpaceSize: 320.00 MB
Initial GC threshold: 21.00 MB
Current GC threshold: 82.62 MB
CDS: on
MetaspaceReclaimPolicy: balanced
 - commit_granule_bytes: 65536.
 - commit_granule_words: 8192.
 - virtual_space_node_default_size: 8388608.
 - enlarge_chunks_in_place: 1.
 - new_chunks_are_fully_committed: 0.
 - uncommit_free_chunks: 1.
 - use_allocation_guard: 0.
 - handle_deallocations: 1.


Internal statistics:

num_allocs_failed_limit: 6.
num_arena_births: 648.
num_arena_deaths: 6.
num_vsnodes_births: 2.
num_vsnodes_deaths: 0.
num_space_committed: 797.
num_space_uncommitted: 0.
num_chunks_returned_to_freelist: 16.
num_chunks_taken_from_freelist: 2713.
num_chunk_merges: 6.
num_chunk_splits: 1757.
num_chunks_enlarged: 1177.
num_inconsistent_stats: 0.

CodeHeap 'non-profiled nmethods': size=120000Kb used=4019Kb max_used=4985Kb free=115980Kb
 bounds [0x0000026135450000, 0x0000026135930000, 0x000002613c980000]
CodeHeap 'profiled nmethods': size=120000Kb used=11691Kb max_used=13336Kb free=108308Kb
 bounds [0x000002612d980000, 0x000002612e690000, 0x0000026134eb0000]
CodeHeap 'non-nmethods': size=5760Kb used=2338Kb max_used=2432Kb free=3421Kb
 bounds [0x0000026134eb0000, 0x0000026135120000, 0x0000026135450000]
 total_blobs=7136 nmethods=6283 adapters=765
 compilation: enabled
              stopped_count=0, restarted_count=0
 full_count=0

Compilation events (20 events):
Event: 14.397 Thread 0x0000026141246330 nmethod 7911 0x000002612dc7b510 code [0x000002612dc7b6c0, 0x000002612dc7ba28]
Event: 14.397 Thread 0x0000026141246330 7912       2       org.gradle.internal.execution.steps.PreviousExecutionContext::<init> (17 bytes)
Event: 14.397 Thread 0x0000026141246330 nmethod 7912 0x000002612df6c810 code [0x000002612df6c9c0, 0x000002612df6ccc8]
Event: 14.398 Thread 0x0000026141246330 7913       2       org.gradle.internal.instantiation.generator.AsmBackedClassGenerator$ObjectCreationDetails::<init> (26 bytes)
Event: 14.398 Thread 0x0000026141246330 nmethod 7913 0x000002612df7f890 code [0x000002612df7fa20, 0x000002612df7fc98]
Event: 14.400 Thread 0x0000026141246330 7914       2       org.gradle.internal.snapshot.VfsRelativePath::getAsString (12 bytes)
Event: 14.400 Thread 0x0000026141246330 nmethod 7914 0x000002612e4dc210 code [0x000002612e4dc3a0, 0x000002612e4dc4e8]
Event: 14.400 Thread 0x0000026141246330 7915       2       org.gradle.cache.internal.InMemoryDecoratedCache::putLater (24 bytes)
Event: 14.400 Thread 0x0000026141246330 nmethod 7915 0x000002612db29e10 code [0x000002612db29fc0, 0x000002612db2a198]
Event: 14.400 Thread 0x0000026141246330 7917       2       org.gradle.cache.internal.btree.StateCheckBlockStore::flush (31 bytes)
Event: 14.400 Thread 0x0000026141246330 nmethod 7917 0x000002612e120f10 code [0x000002612e1210a0, 0x000002612e1211c8]
Event: 14.400 Thread 0x0000026141246330 7916   !   2       org.gradle.cache.internal.AsyncCacheAccessDecoratedCache::putLater (33 bytes)
Event: 14.400 Thread 0x0000026141246330 nmethod 7916 0x000002612e2e0890 code [0x000002612e2e0a60, 0x000002612e2e0e28]
Event: 14.401 Thread 0x0000026141246330 7918       3       sun.nio.ch.Util::getTemporaryDirectBuffer (55 bytes)
Event: 14.401 Thread 0x0000026141246330 nmethod 7918 0x000002612e44db90 code [0x000002612e44de00, 0x000002612e44e848]
Event: 14.401 Thread 0x0000026141246330 7919       3       sun.nio.ch.Util$BufferCache::get (164 bytes)
Event: 14.401 Thread 0x0000026141246330 nmethod 7919 0x000002612e3c8790 code [0x000002612e3c89c0, 0x000002612e3c93b8]
Event: 14.401 Thread 0x0000026141246330 7920       2       org.gradle.internal.snapshot.DirectorySnapshot$$Lambda$639/0x000002614350cc00::apply (16 bytes)
Event: 14.401 Thread 0x0000026141246330 nmethod 7920 0x000002612dff6510 code [0x000002612dff66a0, 0x000002612dff6808]
Event: 14.401 Thread 0x0000026141246330 7921       2       org.gradle.internal.snapshot.DirectorySnapshot::lambda$relocateDirectAccess$2 (50 bytes)

GC Heap History (20 events):
Event: 13.056 GC heap before
{Heap before GC invocations=9 (full 0):
 garbage-first heap   total 262144K, used 203750K [0x00000000e0000000, 0x0000000100000000)
  region size 1024K, 148 young (151552K), 14 survivors (14336K)
 Metaspace       used 48984K, committed 49600K, reserved 393216K
  class space    used 6981K, committed 7232K, reserved 327680K
}
Event: 13.062 GC heap after
{Heap after GC invocations=10 (full 0):
 garbage-first heap   total 262144K, used 73176K [0x00000000e0000000, 0x0000000100000000)
  region size 1024K, 13 young (13312K), 13 survivors (13312K)
 Metaspace       used 48984K, committed 49600K, reserved 393216K
  class space    used 6981K, committed 7232K, reserved 327680K
}
Event: 13.251 GC heap before
{Heap before GC invocations=10 (full 0):
 garbage-first heap   total 262144K, used 208344K [0x00000000e0000000, 0x0000000100000000)
  region size 1024K, 145 young (148480K), 13 survivors (13312K)
 Metaspace       used 48985K, committed 49600K, reserved 393216K
  class space    used 6981K, committed 7232K, reserved 327680K
}
Event: 13.257 GC heap after
{Heap after GC invocations=11 (full 0):
 garbage-first heap   total 262144K, used 79696K [0x00000000e0000000, 0x0000000100000000)
  region size 1024K, 15 young (15360K), 15 survivors (15360K)
 Metaspace       used 48985K, committed 49600K, reserved 393216K
  class space    used 6981K, committed 7232K, reserved 327680K
}
Event: 13.430 GC heap before
{Heap before GC invocations=11 (full 0):
 garbage-first heap   total 262144K, used 208720K [0x00000000e0000000, 0x0000000100000000)
  region size 1024K, 142 young (145408K), 15 survivors (15360K)
 Metaspace       used 49027K, committed 49600K, reserved 393216K
  class space    used 6981K, committed 7232K, reserved 327680K
}
Event: 13.436 GC heap after
{Heap after GC invocations=12 (full 0):
 garbage-first heap   total 262144K, used 84336K [0x00000000e0000000, 0x0000000100000000)
  region size 1024K, 13 young (13312K), 13 survivors (13312K)
 Metaspace       used 49027K, committed 49600K, reserved 393216K
  class space    used 6981K, committed 7232K, reserved 327680K
}
Event: 13.743 GC heap before
{Heap before GC invocations=12 (full 0):
 garbage-first heap   total 262144K, used 214384K [0x00000000e0000000, 0x0000000100000000)
  region size 1024K, 137 young (140288K), 13 survivors (13312K)
 Metaspace       used 49264K, committed 49792K, reserved 393216K
  class space    used 7010K, committed 7232K, reserved 327680K
}
Event: 13.757 GC heap after
{Heap after GC invocations=13 (full 0):
 garbage-first heap   total 265216K, used 118052K [0x00000000e0000000, 0x0000000100000000)
  region size 1024K, 18 young (18432K), 18 survivors (18432K)
 Metaspace       used 49264K, committed 49792K, reserved 393216K
  class space    used 7010K, committed 7232K, reserved 327680K
}
Event: 13.895 GC heap before
{Heap before GC invocations=13 (full 0):
 garbage-first heap   total 265216K, used 192804K [0x00000000e0000000, 0x0000000100000000)
  region size 1024K, 90 young (92160K), 18 survivors (18432K)
 Metaspace       used 49328K, committed 49920K, reserved 393216K
  class space    used 7015K, committed 7232K, reserved 327680K
}
Event: 13.915 GC heap after
{Heap after GC invocations=14 (full 0):
 garbage-first heap   total 265216K, used 152576K [0x00000000e0000000, 0x0000000100000000)
  region size 1024K, 12 young (12288K), 12 survivors (12288K)
 Metaspace       used 49328K, committed 49920K, reserved 393216K
  class space    used 7015K, committed 7232K, reserved 327680K
}
Event: 14.002 GC heap before
{Heap before GC invocations=14 (full 0):
 garbage-first heap   total 265216K, used 196608K [0x00000000e0000000, 0x0000000100000000)
  region size 1024K, 57 young (58368K), 12 survivors (12288K)
 Metaspace       used 49646K, committed 50240K, reserved 393216K
  class space    used 7048K, committed 7296K, reserved 327680K
}
Event: 14.016 GC heap after
{Heap after GC invocations=15 (full 0):
 garbage-first heap   total 265216K, used 171008K [0x00000000e0000000, 0x0000000100000000)
  region size 1024K, 8 young (8192K), 8 survivors (8192K)
 Metaspace       used 49646K, committed 50240K, reserved 393216K
  class space    used 7048K, committed 7296K, reserved 327680K
}
Event: 14.107 GC heap before
{Heap before GC invocations=15 (full 0):
 garbage-first heap   total 319488K, used 201728K [0x00000000e0000000, 0x0000000100000000)
  region size 1024K, 44 young (45056K), 8 survivors (8192K)
 Metaspace       used 50084K, committed 50816K, reserved 393216K
  class space    used 7098K, committed 7424K, reserved 327680K
}
Event: 14.115 GC heap after
{Heap after GC invocations=16 (full 0):
 garbage-first heap   total 319488K, used 177664K [0x00000000e0000000, 0x0000000100000000)
  region size 1024K, 6 young (6144K), 6 survivors (6144K)
 Metaspace       used 50084K, committed 50816K, reserved 393216K
  class space    used 7098K, committed 7424K, reserved 327680K
}
Event: 14.233 GC heap before
{Heap before GC invocations=17 (full 0):
 garbage-first heap   total 319488K, used 237056K [0x00000000e0000000, 0x0000000100000000)
  region size 1024K, 64 young (65536K), 6 survivors (6144K)
 Metaspace       used 50182K, committed 50816K, reserved 393216K
  class space    used 7105K, committed 7424K, reserved 327680K
}
Event: 14.239 GC heap after
{Heap after GC invocations=18 (full 0):
 garbage-first heap   total 319488K, used 186740K [0x00000000e0000000, 0x0000000100000000)
  region size 1024K, 8 young (8192K), 8 survivors (8192K)
 Metaspace       used 50182K, committed 50816K, reserved 393216K
  class space    used 7105K, committed 7424K, reserved 327680K
}
Event: 14.252 GC heap before
{Heap before GC invocations=18 (full 0):
 garbage-first heap   total 319488K, used 193908K [0x00000000e0000000, 0x0000000100000000)
  region size 1024K, 15 young (15360K), 8 survivors (8192K)
 Metaspace       used 50204K, committed 50880K, reserved 393216K
  class space    used 7105K, committed 7424K, reserved 327680K
}
Event: 14.260 GC heap after
{Heap after GC invocations=19 (full 0):
 garbage-first heap   total 319488K, used 171139K [0x00000000e0000000, 0x0000000100000000)
  region size 1024K, 2 young (2048K), 2 survivors (2048K)
 Metaspace       used 50204K, committed 50880K, reserved 393216K
  class space    used 7105K, committed 7424K, reserved 327680K
}
Event: 14.346 GC heap before
{Heap before GC invocations=19 (full 0):
 garbage-first heap   total 319488K, used 203907K [0x00000000e0000000, 0x0000000100000000)
  region size 1024K, 35 young (35840K), 2 survivors (2048K)
 Metaspace       used 50321K, committed 50944K, reserved 393216K
  class space    used 7105K, committed 7424K, reserved 327680K
}
Event: 14.351 GC heap after
{Heap after GC invocations=20 (full 0):
 garbage-first heap   total 319488K, used 177626K [0x00000000e0000000, 0x0000000100000000)
  region size 1024K, 8 young (8192K), 8 survivors (8192K)
 Metaspace       used 50321K, committed 50944K, reserved 393216K
  class space    used 7105K, committed 7424K, reserved 327680K
}

Dll operation events (15 events):
Event: 0.007 Loaded shared library C:\Users\SSAFY\.jdks\corretto-17.0.15\bin\java.dll
Event: 0.018 Loaded shared library C:\Users\SSAFY\.jdks\corretto-17.0.15\bin\jsvml.dll
Event: 0.054 Loaded shared library C:\Users\SSAFY\.jdks\corretto-17.0.15\bin\zip.dll
Event: 0.057 Loaded shared library C:\Users\SSAFY\.jdks\corretto-17.0.15\bin\instrument.dll
Event: 0.060 Loaded shared library C:\Users\SSAFY\.jdks\corretto-17.0.15\bin\net.dll
Event: 0.061 Loaded shared library C:\Users\SSAFY\.jdks\corretto-17.0.15\bin\nio.dll
Event: 0.062 Loaded shared library C:\Users\SSAFY\.jdks\corretto-17.0.15\bin\zip.dll
Event: 0.255 Loaded shared library C:\Users\SSAFY\.jdks\corretto-17.0.15\bin\jimage.dll
Event: 0.428 Loaded shared library C:\Users\SSAFY\.jdks\corretto-17.0.15\bin\verify.dll
Event: 0.512 Loaded shared library C:\Users\SSAFY\.gradle\native\1def1411415f61bf3af743bc5b6707747c0891f09f0c88961ee8f79bc544acac\windows-amd64\native-platform.dll
Event: 0.523 Loaded shared library C:\Users\SSAFY\.gradle\native\0.2.7\x86_64-windows-gnu\gradle-fileevents.dll
Event: 1.274 Loaded shared library C:\Users\SSAFY\.jdks\corretto-17.0.15\bin\management.dll
Event: 1.277 Loaded shared library C:\Users\SSAFY\.jdks\corretto-17.0.15\bin\management_ext.dll
Event: 1.387 Loaded shared library C:\Users\SSAFY\.jdks\corretto-17.0.15\bin\extnet.dll
Event: 1.532 Loaded shared library C:\Users\SSAFY\.jdks\corretto-17.0.15\bin\sunmscapi.dll

Deoptimization events (20 events):
Event: 14.214 Thread 0x000002615e4b8d20 DEOPT PACKING pc=0x000002612e5bc4a1 sp=0x00000073acbf9c60
Event: 14.214 Thread 0x000002615e4b8d20 DEOPT UNPACKING pc=0x0000026134f07143 sp=0x00000073acbf9170 mode 0
Event: 14.281 Thread 0x000002615c58e9c0 DEOPT PACKING pc=0x000002612e4165d9 sp=0x00000073aacfe260
Event: 14.281 Thread 0x000002615c58e9c0 DEOPT UNPACKING pc=0x0000026134f07143 sp=0x00000073aacfd728 mode 0
Event: 14.285 Thread 0x000002615e4b5f90 Uncommon trap: trap_request=0xffffff45 fr.pc=0x00000261358f12cc relative=0x0000000000006b6c
Event: 14.286 Thread 0x000002615e4b5f90 Uncommon trap: reason=unstable_if action=reinterpret pc=0x00000261358f12cc method=org.gradle.internal.serialize.SetSerializer.createCollection(I)Ljava/util/Set; @ 1 c2
Event: 14.286 Thread 0x000002615e4b5f90 DEOPT PACKING pc=0x00000261358f12cc sp=0x00000073accfaa40
Event: 14.286 Thread 0x000002615e4b5f90 DEOPT UNPACKING pc=0x0000026134f069a3 sp=0x00000073accfa9c8 mode 2
Event: 14.309 Thread 0x000002615e4b7df0 Uncommon trap: trap_request=0xffffff45 fr.pc=0x00000261354b412c relative=0x00000000000017ec
Event: 14.309 Thread 0x000002615e4b7df0 Uncommon trap: reason=unstable_if action=reinterpret pc=0x00000261354b412c method=java.util.concurrent.ConcurrentHashMap.putVal(Ljava/lang/Object;Ljava/lang/Object;Z)Ljava/lang/Object; @ 245 c2
Event: 14.309 Thread 0x000002615e4b7df0 DEOPT PACKING pc=0x00000261354b412c sp=0x00000073acefb640
Event: 14.310 Thread 0x000002615e4b7df0 DEOPT UNPACKING pc=0x0000026134f069a3 sp=0x00000073acefb5d8 mode 2
Event: 14.331 Thread 0x000002615c590820 Uncommon trap: trap_request=0xffffff45 fr.pc=0x00000261356b6f74 relative=0x0000000000000c34
Event: 14.331 Thread 0x000002615c590820 Uncommon trap: reason=unstable_if action=reinterpret pc=0x00000261356b6f74 method=org.objectweb.asm.MethodWriter.visitLabel(Lorg/objectweb/asm/Label;)V @ 242 c2
Event: 14.331 Thread 0x000002615c590820 DEOPT PACKING pc=0x00000261356b6f74 sp=0x00000073aa6f30a0
Event: 14.331 Thread 0x000002615c590820 DEOPT UNPACKING pc=0x0000026134f069a3 sp=0x00000073aa6f3088 mode 2
Event: 14.376 Thread 0x000002615e4b5060 Uncommon trap: trap_request=0xffffff45 fr.pc=0x0000026135909b94 relative=0x0000000000001414
Event: 14.376 Thread 0x000002615e4b5060 Uncommon trap: reason=unstable_if action=reinterpret pc=0x0000026135909b94 method=org.objectweb.asm.SymbolTable.addConstantUtf8(Ljava/lang/String;)I @ 40 c2
Event: 14.376 Thread 0x000002615e4b5060 DEOPT PACKING pc=0x0000026135909b94 sp=0x00000073acaf9cf0
Event: 14.376 Thread 0x000002615e4b5060 DEOPT UNPACKING pc=0x0000026134f069a3 sp=0x00000073acaf9cf0 mode 2

Classes loaded (20 events):
Event: 12.694 Loading class java/io/DeleteOnExitHook$1
Event: 12.694 Loading class java/io/DeleteOnExitHook$1 done
Event: 12.745 Loading class sun/reflect/ReflectionFactory
Event: 12.745 Loading class sun/reflect/ReflectionFactory done
Event: 12.745 Loading class sun/reflect/ReflectionFactory$1
Event: 12.745 Loading class sun/reflect/ReflectionFactory$1 done
Event: 12.799 Loading class java/util/zip/ZipInputStream
Event: 12.799 Loading class java/util/zip/ZipInputStream done
Event: 13.987 Loading class java/nio/charset/UnsupportedCharsetException
Event: 13.987 Loading class java/nio/charset/UnsupportedCharsetException done
Event: 13.989 Loading class java/util/Collections$UnmodifiableSortedMap
Event: 13.989 Loading class java/util/Collections$UnmodifiableSortedMap done
Event: 13.991 Loading class java/util/zip/Deflater
Event: 13.991 Loading class java/util/zip/Deflater done
Event: 13.993 Loading class java/util/zip/Deflater$DeflaterZStreamRef
Event: 13.993 Loading class java/util/zip/Deflater$DeflaterZStreamRef done
Event: 14.040 Loading class java/nio/StringCharBuffer
Event: 14.040 Loading class java/nio/StringCharBuffer done
Event: 14.047 Loading class java/security/Key
Event: 14.047 Loading class java/security/Key done

Classes unloaded (10 events):
Event: 14.078 Thread 0x0000026141181af0 Unloading class 0x00000261435dc918 '_BuildScript_$_run_closure1$_closure2'
Event: 14.078 Thread 0x0000026141181af0 Unloading class 0x00000261435dc530 '_BuildScript_$_run_closure1'
Event: 14.078 Thread 0x0000026141181af0 Unloading class 0x00000261435dc000 '_BuildScript_'
Event: 14.078 Thread 0x0000026141181af0 Unloading class 0x00000261435d2530 '_BuildScript_$_run_closure1'
Event: 14.078 Thread 0x0000026141181af0 Unloading class 0x00000261435d2000 '_BuildScript_'
Event: 14.078 Thread 0x0000026141181af0 Unloading class 0x000002614355c918 '_BuildScript_$_run_closure2'
Event: 14.078 Thread 0x0000026141181af0 Unloading class 0x000002614355c530 '_BuildScript_$_run_closure1'
Event: 14.078 Thread 0x0000026141181af0 Unloading class 0x000002614355c000 '_BuildScript_'
Event: 14.078 Thread 0x0000026141181af0 Unloading class 0x0000026143554270 'IdeaPluginConfigurator$_disableSources_closure1'
Event: 14.078 Thread 0x0000026141181af0 Unloading class 0x0000026143554000 'IdeaPluginConfigurator'

Classes redefined (0 events):
No events

Internal exceptions (20 events):
Event: 12.588 Thread 0x000002615c590820 Exception <a 'java/lang/NoSuchMethodError'{0x00000000eb66e388}: 'java.lang.Object java.lang.invoke.DirectMethodHandle$Holder.newInvokeSpecial(java.lang.Object, int, java.lang.Object)'> (0x00000000eb66e388) 
thrown [s\src\hotspot\share\interpreter\linkResolver.cpp, line 759]
Event: 12.678 Thread 0x000002615c590820 Exception <a 'java/lang/NoSuchMethodError'{0x00000000eadfa050}: 'java.lang.Object java.lang.invoke.DirectMethodHandle$Holder.invokeSpecial(java.lang.Object, java.lang.Object, long, java.lang.Object, java.lang.Object)'> (0x00000000eadfa050) 
thrown [s\src\hotspot\share\interpreter\linkResolver.cpp, line 759]
Event: 12.686 Thread 0x000002615c590820 Exception <a 'java/lang/NoSuchMethodError'{0x00000000eace59e0}: 'java.lang.Object java.lang.invoke.DirectMethodHandle$Holder.newInvokeSpecial(java.lang.Object, java.lang.Object, java.lang.Object, int, java.lang.Object)'> (0x00000000eace59e0) 
thrown [s\src\hotspot\share\interpreter\linkResolver.cpp, line 759]
Event: 12.687 Thread 0x000002615c590820 Exception <a 'java/lang/NoSuchMethodError'{0x00000000eacea418}: 'java.lang.Object java.lang.invoke.Invokers$Holder.linkToTargetMethod(java.lang.Object, java.lang.Object, int, java.lang.Object, java.lang.Object)'> (0x00000000eacea418) 
thrown [s\src\hotspot\share\interpreter\linkResolver.cpp, line 759]
Event: 12.727 Thread 0x000002615c590820 Exception <a 'java/lang/NoSuchMethodError'{0x00000000ea898460}: 'int java.lang.invoke.DirectMethodHandle$Holder.invokeInterface(java.lang.Object, java.lang.Object, java.lang.Object, java.lang.Object, java.lang.Object)'> (0x00000000ea898460) 
thrown [s\src\hotspot\share\interpreter\linkResolver.cpp, line 759]
Event: 12.748 Thread 0x000002615c590820 Exception <a 'java/lang/NoSuchMethodError'{0x00000000ea7d8020}: 'java.lang.Object java.lang.invoke.DirectMethodHandle$Holder.newInvokeSpecial(java.lang.Object, java.lang.Object, java.lang.Object, java.lang.Object, int, java.lang.Object)'> (0x00000000ea7d8020) 
thrown [s\src\hotspot\share\interpreter\linkResolver.cpp, line 759]
Event: 12.748 Thread 0x000002615c590820 Exception <a 'java/lang/NoSuchMethodError'{0x00000000ea7e0e20}: 'java.lang.Object java.lang.invoke.Invokers$Holder.linkToTargetMethod(java.lang.Object, java.lang.Object, java.lang.Object, int, java.lang.Object, java.lang.Object)'> (0x00000000ea7e0e20) 
thrown [s\src\hotspot\share\interpreter\linkResolver.cpp, line 759]
Event: 13.160 Thread 0x000002615c9b9d90 Implicit null exception at 0x00000261358172cc to 0x00000261358174b4
Event: 13.229 Thread 0x000002615c9b9d90 Implicit null exception at 0x0000026135817fc0 to 0x000002613581846f
Event: 13.649 Thread 0x000002615c590820 Exception <a 'java/lang/NoSuchMethodError'{0x00000000e9ffbea8}: 'java.lang.Object java.lang.invoke.DirectMethodHandle$Holder.invokeSpecialIFC(java.lang.Object, java.lang.Object, java.lang.Object)'> (0x00000000e9ffbea8) 
thrown [s\src\hotspot\share\interpreter\linkResolver.cpp, line 759]
Event: 13.976 Thread 0x000002615e4b64a0 Exception <a 'sun/nio/fs/WindowsException'{0x00000000ee99e650}> (0x00000000ee99e650) 
thrown [s\src\hotspot\share\prims\jni.cpp, line 516]
Event: 13.976 Thread 0x000002615e4b5570 Exception <a 'sun/nio/fs/WindowsException'{0x00000000ee13c910}> (0x00000000ee13c910) 
thrown [s\src\hotspot\share\prims\jni.cpp, line 516]
Event: 13.977 Thread 0x000002615e4b5f90 Exception <a 'sun/nio/fs/WindowsException'{0x00000000eea78ae0}> (0x00000000eea78ae0) 
thrown [s\src\hotspot\share\prims\jni.cpp, line 516]
Event: 13.986 Thread 0x000002615e4b8d20 Exception <a 'sun/nio/fs/WindowsException'{0x00000000eddac3a8}> (0x00000000eddac3a8) 
thrown [s\src\hotspot\share\prims\jni.cpp, line 516]
Event: 13.986 Thread 0x000002615c590820 Exception <a 'sun/nio/fs/WindowsException'{0x00000000eec1ad78}> (0x00000000eec1ad78) 
thrown [s\src\hotspot\share\prims\jni.cpp, line 516]
Event: 14.000 Thread 0x000002615e4b6ec0 Exception <a 'sun/nio/fs/WindowsException'{0x00000000ed7d2d20}> (0x00000000ed7d2d20) 
thrown [s\src\hotspot\share\prims\jni.cpp, line 516]
Event: 14.144 Thread 0x000002615e4b5f90 Exception <a 'sun/nio/fs/WindowsException'{0x00000000f2d4b548}> (0x00000000f2d4b548) 
thrown [s\src\hotspot\share\prims\jni.cpp, line 516]
Event: 14.207 Thread 0x000002615e4b64a0 Exception <a 'sun/nio/fs/WindowsException'{0x00000000f07fea08}> (0x00000000f07fea08) 
thrown [s\src\hotspot\share\prims\jni.cpp, line 516]
Event: 14.341 Thread 0x000002615e4b5060 Exception <a 'sun/nio/fs/WindowsException'{0x00000000f24bce60}> (0x00000000f24bce60) 
thrown [s\src\hotspot\share\prims\jni.cpp, line 516]
Event: 14.409 Thread 0x000002615e4b5570 Exception <a 'sun/nio/fs/WindowsException'{0x00000000f21137a8}> (0x00000000f21137a8) 
thrown [s\src\hotspot\share\prims\jni.cpp, line 516]

VM Operations (20 events):
Event: 14.115 Executing VM operation: G1CollectForAllocation done
Event: 14.126 Executing VM operation: G1PauseCleanup
Event: 14.127 Executing VM operation: G1PauseCleanup done
Event: 14.228 Executing VM operation: ICBufferFull
Event: 14.229 Executing VM operation: ICBufferFull done
Event: 14.233 Executing VM operation: G1CollectForAllocation
Event: 14.239 Executing VM operation: G1CollectForAllocation done
Event: 14.252 Executing VM operation: G1CollectForAllocation
Event: 14.260 Executing VM operation: G1CollectForAllocation done
Event: 14.260 Executing VM operation: HandshakeAllThreads
Event: 14.267 Executing VM operation: HandshakeAllThreads done
Event: 14.277 Executing VM operation: HandshakeAllThreads
Event: 14.297 Executing VM operation: HandshakeAllThreads done
Event: 14.306 Executing VM operation: HandshakeAllThreads
Event: 14.346 Executing VM operation: HandshakeAllThreads done
Event: 14.346 Executing VM operation: G1TryInitiateConcMark
Event: 14.351 Executing VM operation: G1TryInitiateConcMark done
Event: 14.359 Executing VM operation: G1TryInitiateConcMark
Event: 14.359 Executing VM operation: G1TryInitiateConcMark done
Event: 14.423 Executing VM operation: G1PauseRemark

Memory protections (0 events):
No events

Nmethod flushes (20 events):
Event: 14.358 Thread 0x0000026141252150 flushing  nmethod 0x000002612e519a10
Event: 14.358 Thread 0x0000026141252150 flushing  nmethod 0x000002612e51a010
Event: 14.358 Thread 0x0000026141252150 flushing  nmethod 0x000002612e51a590
Event: 14.358 Thread 0x0000026141252150 flushing osr nmethod 0x000002612e51aa10
Event: 14.358 Thread 0x0000026141252150 flushing  nmethod 0x000002612e51bd90
Event: 14.358 Thread 0x0000026141252150 flushing  nmethod 0x000002612e53d290
Event: 14.358 Thread 0x0000026141252150 flushing  nmethod 0x000002612e53d890
Event: 14.358 Thread 0x0000026141252150 flushing  nmethod 0x000002612e542210
Event: 14.358 Thread 0x0000026141252150 flushing  nmethod 0x000002612e543110
Event: 14.358 Thread 0x0000026141252150 flushing  nmethod 0x000002612e543f10
Event: 14.358 Thread 0x0000026141252150 flushing  nmethod 0x000002612e545e90
Event: 14.358 Thread 0x0000026141252150 flushing  nmethod 0x000002612e546790
Event: 14.358 Thread 0x0000026141252150 flushing  nmethod 0x000002612e546c10
Event: 14.358 Thread 0x0000026141252150 flushing  nmethod 0x000002612e547110
Event: 14.358 Thread 0x0000026141252150 flushing  nmethod 0x000002612e558510
Event: 14.358 Thread 0x0000026141252150 flushing  nmethod 0x000002612e558a90
Event: 14.358 Thread 0x0000026141252150 flushing  nmethod 0x000002612e5bbe10
Event: 14.358 Thread 0x0000026141252150 flushing  nmethod 0x000002612e5bca10
Event: 14.358 Thread 0x0000026141252150 flushing  nmethod 0x000002612e5e0b10
Event: 14.359 Thread 0x0000026141252150 flushing  nmethod 0x000002612e5eb510

Events (20 events):
Event: 10.336 Thread 0x0000026141246330 Thread added: 0x000002615c5dda90
Event: 10.338 Thread 0x0000026141246330 Thread added: 0x000002615d3d55f0
Event: 11.505 Thread 0x000002615c590820 Thread added: 0x000002615c9b7f30
Event: 11.517 Thread 0x000002615c590820 Thread added: 0x000002615c9b8440
Event: 12.283 Thread 0x000002615c590820 Thread added: 0x000002615c9ba2a0
Event: 12.308 Thread 0x000002615c590820 Thread added: 0x000002615c9b9880
Event: 12.767 Thread 0x000002615c590820 Thread added: 0x000002615c9b7a20
Event: 12.768 Thread 0x000002615c590820 Thread added: 0x000002615c9b9d90
Event: 12.769 Thread 0x000002615c590820 Thread added: 0x000002615c9ba7b0
Event: 12.770 Thread 0x000002615c590820 Thread added: 0x000002615e4b8810
Event: 12.771 Thread 0x000002615c590820 Thread added: 0x000002615e4b78e0
Event: 12.771 Thread 0x000002615c590820 Thread added: 0x000002615e4b8300
Event: 12.772 Thread 0x000002615c590820 Thread added: 0x000002615e4b5a80
Event: 13.650 Thread 0x000002615c590820 Thread added: 0x000002615e4b6ec0
Event: 13.650 Thread 0x000002615c590820 Thread added: 0x000002615e4b5060
Event: 13.650 Thread 0x000002615c590820 Thread added: 0x000002615e4b8d20
Event: 13.650 Thread 0x000002615c590820 Thread added: 0x000002615e4b5f90
Event: 13.651 Thread 0x000002615c590820 Thread added: 0x000002615e4b64a0
Event: 13.651 Thread 0x000002615c590820 Thread added: 0x000002615e4b7df0
Event: 13.652 Thread 0x000002615c590820 Thread added: 0x000002615e4b5570


Dynamic libraries:
0x00007ff732b60000 - 0x00007ff732b6e000 	C:\Users\SSAFY\.jdks\corretto-17.0.15\bin\java.exe
0x00007ffb0c420000 - 0x00007ffb0c680000 	C:\WINDOWS\SYSTEM32\ntdll.dll
0x00007ffb0abd0000 - 0x00007ffb0ac97000 	C:\WINDOWS\System32\KERNEL32.DLL
0x00007ffb09d00000 - 0x00007ffb0a0ca000 	C:\WINDOWS\System32\KERNELBASE.dll
0x00007ffb09a30000 - 0x00007ffb09b7b000 	C:\WINDOWS\System32\ucrtbase.dll
0x00007ffafdae0000 - 0x00007ffafdaf7000 	C:\Users\SSAFY\.jdks\corretto-17.0.15\bin\jli.dll
0x00007ffb0a9f0000 - 0x00007ffb0abbc000 	C:\WINDOWS\System32\USER32.dll
0x00007ffaf3a40000 - 0x00007ffaf3a5b000 	C:\Users\SSAFY\.jdks\corretto-17.0.15\bin\VCRUNTIME140.dll
0x00007ffb09cd0000 - 0x00007ffb09cf7000 	C:\WINDOWS\System32\win32u.dll
0x00007ffb0c1d0000 - 0x00007ffb0c1fa000 	C:\WINDOWS\System32\GDI32.dll
0x00007ffaf5410000 - 0x00007ffaf56a7000 	C:\WINDOWS\WinSxS\amd64_microsoft.windows.common-controls_6595b64144ccf1df_6.0.26100.3624_none_3e086962e3345f24\COMCTL32.dll
0x00007ffb09780000 - 0x00007ffb098b1000 	C:\WINDOWS\System32\gdi32full.dll
0x00007ffb0ad40000 - 0x00007ffb0ade9000 	C:\WINDOWS\System32\msvcrt.dll
0x00007ffb0a170000 - 0x00007ffb0a213000 	C:\WINDOWS\System32\msvcp_win.dll
0x00007ffb0c200000 - 0x00007ffb0c22f000 	C:\WINDOWS\System32\IMM32.DLL
0x00007ffb04440000 - 0x00007ffb0444c000 	C:\Users\SSAFY\.jdks\corretto-17.0.15\bin\vcruntime140_1.dll
0x00007ffaa6900000 - 0x00007ffaa698d000 	C:\Users\SSAFY\.jdks\corretto-17.0.15\bin\msvcp140.dll
0x00007ffa959d0000 - 0x00007ffa9663c000 	C:\Users\SSAFY\.jdks\corretto-17.0.15\bin\server\jvm.dll
0x00007ffb0bf30000 - 0x00007ffb0bfe2000 	C:\WINDOWS\System32\ADVAPI32.dll
0x00007ffb0b0e0000 - 0x00007ffb0b186000 	C:\WINDOWS\System32\sechost.dll
0x00007ffb0c240000 - 0x00007ffb0c356000 	C:\WINDOWS\System32\RPCRT4.dll
0x00007ffb0aca0000 - 0x00007ffb0ad14000 	C:\WINDOWS\System32\WS2_32.dll
0x00007ffb08e30000 - 0x00007ffb08e8e000 	C:\WINDOWS\SYSTEM32\POWRPROF.dll
0x00007ffb02600000 - 0x00007ffb02636000 	C:\WINDOWS\SYSTEM32\WINMM.dll
0x00007ffb02c60000 - 0x00007ffb02c6b000 	C:\WINDOWS\SYSTEM32\VERSION.dll
0x00007ffb08e10000 - 0x00007ffb08e24000 	C:\WINDOWS\SYSTEM32\UMPDC.dll
0x00007ffb083d0000 - 0x00007ffb083ea000 	C:\WINDOWS\SYSTEM32\kernel.appcore.dll
0x00007ffafda40000 - 0x00007ffafda4a000 	C:\Users\SSAFY\.jdks\corretto-17.0.15\bin\jimage.dll
0x00007ffaf9ad0000 - 0x00007ffaf9d11000 	C:\WINDOWS\SYSTEM32\DBGHELP.DLL
0x00007ffb0ba30000 - 0x00007ffb0bdb2000 	C:\WINDOWS\System32\combase.dll
0x00007ffb0b000000 - 0x00007ffb0b0d6000 	C:\WINDOWS\System32\OLEAUT32.dll
0x00007ffaf7b90000 - 0x00007ffaf7bc9000 	C:\WINDOWS\SYSTEM32\dbgcore.DLL
0x00007ffb0a0d0000 - 0x00007ffb0a169000 	C:\WINDOWS\System32\bcryptPrimitives.dll
0x00007ffaf9f40000 - 0x00007ffaf9f4e000 	C:\Users\SSAFY\.jdks\corretto-17.0.15\bin\instrument.dll
0x00007ffae5a10000 - 0x00007ffae5a35000 	C:\Users\SSAFY\.jdks\corretto-17.0.15\bin\java.dll
0x00007ffa9e720000 - 0x00007ffa9e7f7000 	C:\Users\SSAFY\.jdks\corretto-17.0.15\bin\jsvml.dll
0x00007ffb0a2b0000 - 0x00007ffb0a9d9000 	C:\WINDOWS\System32\SHELL32.dll
0x00007ffb098c0000 - 0x00007ffb09a28000 	C:\WINDOWS\System32\wintypes.dll
0x00007ffb07280000 - 0x00007ffb07ad2000 	C:\WINDOWS\SYSTEM32\windows.storage.dll
0x00007ffb0be40000 - 0x00007ffb0bf2d000 	C:\WINDOWS\System32\SHCORE.dll
0x00007ffb0b9c0000 - 0x00007ffb0ba24000 	C:\WINDOWS\System32\shlwapi.dll
0x00007ffb09510000 - 0x00007ffb0953f000 	C:\WINDOWS\SYSTEM32\profapi.dll
0x00007ffae21c0000 - 0x00007ffae21d8000 	C:\Users\SSAFY\.jdks\corretto-17.0.15\bin\zip.dll
0x00007ffadde20000 - 0x00007ffadde39000 	C:\Users\SSAFY\.jdks\corretto-17.0.15\bin\net.dll
0x00007ffb03620000 - 0x00007ffb0373d000 	C:\WINDOWS\SYSTEM32\WINHTTP.dll
0x00007ffb088d0000 - 0x00007ffb0893a000 	C:\WINDOWS\system32\mswsock.dll
0x00007ffad70a0000 - 0x00007ffad70b6000 	C:\Users\SSAFY\.jdks\corretto-17.0.15\bin\nio.dll
0x00007ffaf7640000 - 0x00007ffaf7650000 	C:\Users\SSAFY\.jdks\corretto-17.0.15\bin\verify.dll
0x00007ffad7070000 - 0x00007ffad7097000 	C:\Users\SSAFY\.gradle\native\1def1411415f61bf3af743bc5b6707747c0891f09f0c88961ee8f79bc544acac\windows-amd64\native-platform.dll
0x00007ffaa75d0000 - 0x00007ffaa7648000 	C:\Users\SSAFY\.gradle\native\0.2.7\x86_64-windows-gnu\gradle-fileevents.dll
0x00007ffaf6ea0000 - 0x00007ffaf6ea9000 	C:\Users\SSAFY\.jdks\corretto-17.0.15\bin\management.dll
0x00007ffaf39e0000 - 0x00007ffaf39eb000 	C:\Users\SSAFY\.jdks\corretto-17.0.15\bin\management_ext.dll
0x00007ffb0abc0000 - 0x00007ffb0abc8000 	C:\WINDOWS\System32\PSAPI.DLL
0x00007ffb07de0000 - 0x00007ffb07e13000 	C:\WINDOWS\SYSTEM32\IPHLPAPI.DLL
0x00007ffb0b6e0000 - 0x00007ffb0b6ea000 	C:\WINDOWS\System32\NSI.dll
0x00007ffb035f0000 - 0x00007ffb0360f000 	C:\WINDOWS\SYSTEM32\dhcpcsvc6.DLL
0x00007ffb035c0000 - 0x00007ffb035e5000 	C:\WINDOWS\SYSTEM32\dhcpcsvc.DLL
0x00007ffb07e70000 - 0x00007ffb07f95000 	C:\WINDOWS\SYSTEM32\DNSAPI.dll
0x00007ffaf14b0000 - 0x00007ffaf14b9000 	C:\Users\SSAFY\.jdks\corretto-17.0.15\bin\extnet.dll
0x00007ffb08c80000 - 0x00007ffb08c9c000 	C:\WINDOWS\SYSTEM32\CRYPTSP.dll
0x00007ffb08330000 - 0x00007ffb0836a000 	C:\WINDOWS\system32\rsaenh.dll
0x00007ffb08970000 - 0x00007ffb0899b000 	C:\WINDOWS\SYSTEM32\USERENV.dll
0x00007ffb094e0000 - 0x00007ffb09506000 	C:\WINDOWS\SYSTEM32\bcrypt.dll
0x00007ffb08c60000 - 0x00007ffb08c6c000 	C:\WINDOWS\SYSTEM32\CRYPTBASE.dll
0x00007ffaec350000 - 0x00007ffaec35e000 	C:\Users\SSAFY\.jdks\corretto-17.0.15\bin\sunmscapi.dll
0x00007ffb09600000 - 0x00007ffb09777000 	C:\WINDOWS\System32\CRYPT32.dll
0x00007ffb08ef0000 - 0x00007ffb08f20000 	C:\WINDOWS\SYSTEM32\ncrypt.dll
0x00007ffb08ea0000 - 0x00007ffb08edf000 	C:\WINDOWS\SYSTEM32\NTASN1.dll
0x00007ffaf77c0000 - 0x00007ffaf77c8000 	C:\WINDOWS\system32\wshunix.dll
0x00007ffb084f0000 - 0x00007ffb08525000 	C:\WINDOWS\SYSTEM32\ntmarta.dll

dbghelp: loaded successfully - version: 4.0.5 - missing functions: none
symbol engine: initialized successfully - sym options: 0x614 - pdb path: .;C:\Users\SSAFY\.jdks\corretto-17.0.15\bin;C:\WINDOWS\SYSTEM32;C:\WINDOWS\WinSxS\amd64_microsoft.windows.common-controls_6595b64144ccf1df_6.0.26100.3624_none_3e086962e3345f24;C:\Users\SSAFY\.jdks\corretto-17.0.15\bin\server;C:\Users\SSAFY\.gradle\native\1def1411415f61bf3af743bc5b6707747c0891f09f0c88961ee8f79bc544acac\windows-amd64;C:\Users\SSAFY\.gradle\native\0.2.7\x86_64-windows-gnu

VM Arguments:
jvm_args: --add-opens=java.base/java.lang=ALL-UNNAMED --add-opens=java.base/java.lang.invoke=ALL-UNNAMED --add-opens=java.base/java.util=ALL-UNNAMED --add-opens=java.prefs/java.util.prefs=ALL-UNNAMED --add-exports=jdk.compiler/com.sun.tools.javac.api=ALL-UNNAMED --add-exports=jdk.compiler/com.sun.tools.javac.util=ALL-UNNAMED --add-opens=java.base/java.util=ALL-UNNAMED --add-opens=java.prefs/java.util.prefs=ALL-UNNAMED --add-opens=java.base/java.nio.charset=ALL-UNNAMED --add-opens=java.base/java.net=ALL-UNNAMED --add-opens=java.base/java.util.concurrent.atomic=ALL-UNNAMED --add-opens=java.xml/javax.xml.namespace=ALL-UNNAMED -XX:MaxMetaspaceSize=384m -XX:+HeapDumpOnOutOfMemoryError -Xms256m -Xmx512m -Dfile.encoding=UTF-8 -Duser.country=KR -Duser.language=ko -Duser.variant -javaagent:C:\Users\SSAFY\.gradle\wrapper\dists\gradle-8.14-bin\38aieal9i53h9rfe7vjup95b9\gradle-8.14\lib\agents\gradle-instrumentation-agent-8.14.jar 
java_command: org.gradle.launcher.daemon.bootstrap.GradleDaemon 8.14
java_class_path (initial): C:\Users\SSAFY\.gradle\wrapper\dists\gradle-8.14-bin\38aieal9i53h9rfe7vjup95b9\gradle-8.14\lib\gradle-daemon-main-8.14.jar
Launcher Type: SUN_STANDARD

[Global flags]
     intx CICompilerCount                          = 4                                         {product} {ergonomic}
   size_t CompressedClassSpaceSize                 = 335544320                                 {product} {ergonomic}
     uint ConcGCThreads                            = 2                                         {product} {ergonomic}
     uint G1ConcRefinementThreads                  = 8                                         {product} {ergonomic}
   size_t G1HeapRegionSize                         = 1048576                                   {product} {ergonomic}
    uintx GCDrainStackTargetSize                   = 64                                        {product} {ergonomic}
     bool HeapDumpOnOutOfMemoryError               = true                                   {manageable} {command line}
   size_t InitialHeapSize                          = 268435456                                 {product} {command line}
   size_t MarkStackSize                            = 4194304                                   {product} {ergonomic}
   size_t MaxHeapSize                              = 536870912                                 {product} {command line}
   size_t MaxMetaspaceSize                         = 402653184                                 {product} {command line}
   size_t MaxNewSize                               = 321912832                                 {product} {ergonomic}
   size_t MinHeapDeltaBytes                        = 1048576                                   {product} {ergonomic}
   size_t MinHeapSize                              = 268435456                                 {product} {command line}
    uintx NonNMethodCodeHeapSize                   = 5839372                                {pd product} {ergonomic}
    uintx NonProfiledCodeHeapSize                  = 122909434                              {pd product} {ergonomic}
    uintx ProfiledCodeHeapSize                     = 122909434                              {pd product} {ergonomic}
    uintx ReservedCodeCacheSize                    = 251658240                              {pd product} {ergonomic}
     bool SegmentedCodeCache                       = true                                      {product} {ergonomic}
   size_t SoftMaxHeapSize                          = 536870912                              {manageable} {ergonomic}
     bool UseCompressedClassPointers               = true                           {product lp64_product} {ergonomic}
     bool UseCompressedOops                        = true                           {product lp64_product} {ergonomic}
     bool UseG1GC                                  = true                                      {product} {ergonomic}
     bool UseLargePagesIndividualAllocation        = false                                  {pd product} {ergonomic}

Logging:
Log output configuration:
 #0: stdout all=warning uptime,level,tags
 #1: stderr all=off uptime,level,tags

Environment Variables:
JAVA_HOME=C:\Users\SSAFY\.jdks\corretto-17.0.15
PATH=C:\Python313\Scripts\;C:\Python313\;C:\WINDOWS\system32;C:\WINDOWS;C:\WINDOWS\System32\Wbem;C:\WINDOWS\System32\WindowsPowerShell\v1.0\;C:\WINDOWS\System32\OpenSSH\;C:\Program Files (x86)\NVIDIA Corporation\PhysX\Common;C:\Program Files\NVIDIA Corporation\NVIDIA NvDLISR;C:\Program Files\Microsoft SQL Server\130\Tools\Binn\;C:\Program Files\Git\cmd;C:\Program Files\Bandizip\;C:\Users\SSAFY\.jdks\corretto-17.0.15\bin;C:\Program Files\nodejs\;C:\ProgramData\chocolatey\bin;C:\gradle-8.14-all\gradle-8.14\bin;C:\Program Files\MySQL\MySQL Shell 8.0\bin\;C:\Users\SSAFY\AppData\Local\Microsoft\WindowsApps;C:\Users\SSAFY\AppData\Local\Programs\Microsoft VS Code\bin;C:\Program Files\JetBrains\IntelliJ IDEA Community Edition 2024.3.2.2\bin;;C:\Program Files\JetBrains\IntelliJ IDEA 2024.3.5\bin;;C:\Users\SSAFY\AppData\Roaming\npm
USERNAME=SSAFY
OS=Windows_NT
PROCESSOR_IDENTIFIER=Intel64 Family 6 Model 158 Stepping 13, GenuineIntel
TMP=C:\Users\SSAFY\AppData\Local\Temp
TEMP=C:\Users\SSAFY\AppData\Local\Temp



Periodic native trim disabled


---------------  S Y S T E M  ---------------

OS:
 Windows 11 , 64 bit Build 26100 (10.0.26100.3775)
OS uptime: 23 days 22:55 hours
Hyper-V role detected

CPU: total 8 (initial active 8) (8 cores per cpu, 1 threads per core) family 6 model 158 stepping 13 microcode 0xde, cx8, cmov, fxsr, mmx, 3dnowpref, sse, sse2, sse3, ssse3, sse4.1, sse4.2, popcnt, lzcnt, tsc, tscinvbit, avx, avx2, aes, erms, clmul, bmi1, bmi2, adx, fma, vzeroupper, clflush, clflushopt, hv
Processor Information for all 8 processors :
  Max Mhz: 3000, Current Mhz: 3000, Mhz Limit: 3000

Memory: 4k page, system-wide physical 32702M (9397M free)
TotalPageFile size 63128M (AvailPageFile size 13M)
current process WorkingSet (physical memory assigned to process): 532M, peak: 534M
current process commit charge ("private bytes"): 586M, peak: 586M

vm_info: OpenJDK 64-Bit Server VM (17.0.15+6-LTS) for windows-amd64 JRE (17.0.15+6-LTS), built on Apr  9 2025 23:33:55 by "Administrator" with MS VC++ 16.10 / 16.11 (VS2019)

END.
