#
# There is insufficient memory for the Java Runtime Environment to continue.
# Native memory allocation (mmap) failed to map 67108864 bytes. Error detail: G1 virtual space
# Possible reasons:
#   The system is out of physical RAM or swap space
#   This process is running with CompressedOops enabled, and the Java Heap may be blocking the growth of the native heap
# Possible solutions:
#   Reduce memory load on the system
#   Increase physical memory or swap space
#   Check if swap backing store is full
#   Decrease Java heap size (-Xmx/-Xms)
#   Decrease number of Java threads
#   Decrease Java thread stack sizes (-Xss)
#   Set larger code cache with -XX:ReservedCodeCacheSize=
#   JVM is running with Unscaled Compressed Oops mode in which the Java heap is
#     placed in the first 4GB address space. The Java Heap base address is the
#     maximum limit for the native heap growth. Please use -XX:HeapBaseMinAddress
#     to set the Java Heap base and to place the Java Heap above 4GB virtual address.
# This output file may be truncated or incomplete.
#
#  Out of Memory Error (os_windows.cpp:3618), pid=4680, tid=12784
#
# JRE version:  (17.0.15+6) (build )
# Java VM: OpenJDK 64-Bit Server VM (17.0.15+6-LTS, mixed mode, sharing, tiered, compressed oops, compressed class ptrs, g1 gc, windows-amd64)
# No core dump will be written. Minidumps are not enabled by default on client versions of Windows
#

---------------  S U M M A R Y ------------

Command Line: -Xmx64m -Xms64m -javaagent:C:/gradle-8.14-all/gradle-8.14/lib/agents/gradle-instrumentation-agent-8.14.jar -Dorg.gradle.appname=gradle C:/gradle-8.14-all/gradle-8.14/lib/gradle-gradle-cli-main-8.14.jar init

Host: Intel(R) Core(TM) i7-9700 CPU @ 3.00GHz, 8 cores, 31G,  Windows 11 , 64 bit Build 26100 (10.0.26100.3775)
Time: Mon May 19 10:29:41 2025  Windows 11 , 64 bit Build 26100 (10.0.26100.3775) elapsed time: 2.043918 seconds (0d 0h 0m 2s)

---------------  T H R E A D  ---------------

Current thread (0x0000027cb5126c30):  JavaThread "Unknown thread" [_thread_in_vm, id=12784, stack(0x0000008ec7f00000,0x0000008ec8000000)]

Stack: [0x0000008ec7f00000,0x0000008ec8000000]
Native frames: (J=compiled Java code, j=interpreted, Vv=VM code, C=native code)
V  [jvm.dll+0x681149]
V  [jvm.dll+0x838b5a]
V  [jvm.dll+0x83a61e]
V  [jvm.dll+0x83ac83]
V  [jvm.dll+0x24837f]
V  [jvm.dll+0x67de79]
V  [jvm.dll+0x67294a]
V  [jvm.dll+0x30836b]
V  [jvm.dll+0x30f856]
V  [jvm.dll+0x35fbce]
V  [jvm.dll+0x35fe0f]
V  [jvm.dll+0x2df31c]
V  [jvm.dll+0x2e0274]
V  [jvm.dll+0x80a34b]
V  [jvm.dll+0x36d941]
V  [jvm.dll+0x7e8dd5]
V  [jvm.dll+0x3f164e]
V  [jvm.dll+0x3f31d1]
C  [jli.dll+0x52ab]
C  [ucrtbase.dll+0x37b0]
C  [KERNEL32.DLL+0x2e8d7]
C  [ntdll.dll+0xb14fc]


---------------  P R O C E S S  ---------------

Threads class SMR info:
_java_thread_list=0x00007ffa96508f18, length=0, elements={
}

Java Threads: ( => current thread )

Other Threads:
  0x0000027cb514a5d0 GCTaskThread "GC Thread#0" [stack: 0x0000008ec8000000,0x0000008ec8100000] [id=14044]
  0x0000027cb514bd20 ConcurrentGCThread "G1 Main Marker" [stack: 0x0000008ec8100000,0x0000008ec8200000] [id=1688]
  0x0000027cb514c740 ConcurrentGCThread "G1 Conc#0" [stack: 0x0000008ec8200000,0x0000008ec8300000] [id=17156]

[error occurred during error reporting (printing all threads), id 0xc0000005, EXCEPTION_ACCESS_VIOLATION (0xc0000005) at pc=0x00007ffa95cbfa57]

VM state: not at safepoint (not fully initialized)

VM Mutex/Monitor currently owned by a thread:  ([mutex/lock_event])
[0x0000027cb5125660] Heap_lock - owner thread: 0x0000027cb5126c30

Heap address: 0x00000000fc000000, size: 64 MB, Compressed Oops mode: 32-bit

CDS archive(s) mapped at: [0x0000000000000000-0x0000000000000000-0x0000000000000000), size 0, SharedBaseAddress: 0x0000000800000000, ArchiveRelocationMode: 1.
Narrow klass base: 0x0000000000000000, Narrow klass shift: 0, Narrow klass range: 0x0

GC Precious Log:
<Empty>

Heap:
 garbage-first heap   total 0K, used 0K [0x00000000fc000000, 0x0000000100000000)
  region size 1024K, 0 young (0K), 0 survivors (0K)

[error occurred during error reporting (printing heap information), id 0xc0000005, EXCEPTION_ACCESS_VIOLATION (0xc0000005) at pc=0x00007ffa960aa2f9]

GC Heap History (0 events):
No events

Dll operation events (1 events):
Event: 0.009 Loaded shared library C:\Users\SSAFY\.jdks\corretto-17.0.15\bin\java.dll

Deoptimization events (0 events):
No events

Classes loaded (0 events):
No events

Classes unloaded (0 events):
No events

Classes redefined (0 events):
No events

Internal exceptions (0 events):
No events

VM Operations (0 events):
No events

Memory protections (0 events):
No events

Nmethod flushes (0 events):
No events

Events (0 events):
No events


Dynamic libraries:
0x00007ff732b60000 - 0x00007ff732b6e000 	C:\Users\SSAFY\.jdks\corretto-17.0.15\bin\java.exe
0x00007ffb0c420000 - 0x00007ffb0c680000 	C:\WINDOWS\SYSTEM32\ntdll.dll
0x00007ffb0abd0000 - 0x00007ffb0ac97000 	C:\WINDOWS\System32\KERNEL32.DLL
0x00007ffb09d00000 - 0x00007ffb0a0ca000 	C:\WINDOWS\System32\KERNELBASE.dll
0x00007ffb09a30000 - 0x00007ffb09b7b000 	C:\WINDOWS\System32\ucrtbase.dll
0x00007ffafdae0000 - 0x00007ffafdaf7000 	C:\Users\SSAFY\.jdks\corretto-17.0.15\bin\jli.dll
0x00007ffb0a9f0000 - 0x00007ffb0abbc000 	C:\WINDOWS\System32\USER32.dll
0x00007ffb09cd0000 - 0x00007ffb09cf7000 	C:\WINDOWS\System32\win32u.dll
0x00007ffaf3a40000 - 0x00007ffaf3a5b000 	C:\Users\SSAFY\.jdks\corretto-17.0.15\bin\VCRUNTIME140.dll
0x00007ffb0c1d0000 - 0x00007ffb0c1fa000 	C:\WINDOWS\System32\GDI32.dll
0x00007ffaf5410000 - 0x00007ffaf56a7000 	C:\WINDOWS\WinSxS\amd64_microsoft.windows.common-controls_6595b64144ccf1df_6.0.26100.3624_none_3e086962e3345f24\COMCTL32.dll
0x00007ffb09780000 - 0x00007ffb098b1000 	C:\WINDOWS\System32\gdi32full.dll
0x00007ffb0a170000 - 0x00007ffb0a213000 	C:\WINDOWS\System32\msvcp_win.dll
0x00007ffb0ad40000 - 0x00007ffb0ade9000 	C:\WINDOWS\System32\msvcrt.dll
0x00007ffb0c200000 - 0x00007ffb0c22f000 	C:\WINDOWS\System32\IMM32.DLL
0x00007ffb04440000 - 0x00007ffb0444c000 	C:\Users\SSAFY\.jdks\corretto-17.0.15\bin\vcruntime140_1.dll
0x00007ffaa6900000 - 0x00007ffaa698d000 	C:\Users\SSAFY\.jdks\corretto-17.0.15\bin\msvcp140.dll
0x00007ffa959d0000 - 0x00007ffa9663c000 	C:\Users\SSAFY\.jdks\corretto-17.0.15\bin\server\jvm.dll
0x00007ffb0bf30000 - 0x00007ffb0bfe2000 	C:\WINDOWS\System32\ADVAPI32.dll
0x00007ffb0b0e0000 - 0x00007ffb0b186000 	C:\WINDOWS\System32\sechost.dll
0x00007ffb0c240000 - 0x00007ffb0c356000 	C:\WINDOWS\System32\RPCRT4.dll
0x00007ffb0aca0000 - 0x00007ffb0ad14000 	C:\WINDOWS\System32\WS2_32.dll
0x00007ffb08e30000 - 0x00007ffb08e8e000 	C:\WINDOWS\SYSTEM32\POWRPROF.dll
0x00007ffb02600000 - 0x00007ffb02636000 	C:\WINDOWS\SYSTEM32\WINMM.dll
0x00007ffb02c60000 - 0x00007ffb02c6b000 	C:\WINDOWS\SYSTEM32\VERSION.dll
0x00007ffb08e10000 - 0x00007ffb08e24000 	C:\WINDOWS\SYSTEM32\UMPDC.dll
0x00007ffb083d0000 - 0x00007ffb083ea000 	C:\WINDOWS\SYSTEM32\kernel.appcore.dll
0x00007ffafda40000 - 0x00007ffafda4a000 	C:\Users\SSAFY\.jdks\corretto-17.0.15\bin\jimage.dll
0x00007ffaf9ad0000 - 0x00007ffaf9d11000 	C:\WINDOWS\SYSTEM32\DBGHELP.DLL
0x00007ffb0ba30000 - 0x00007ffb0bdb2000 	C:\WINDOWS\System32\combase.dll
0x00007ffb0b000000 - 0x00007ffb0b0d6000 	C:\WINDOWS\System32\OLEAUT32.dll
0x00007ffaf7b90000 - 0x00007ffaf7bc9000 	C:\WINDOWS\SYSTEM32\dbgcore.DLL
0x00007ffb0a0d0000 - 0x00007ffb0a169000 	C:\WINDOWS\System32\bcryptPrimitives.dll
0x00007ffaf9f40000 - 0x00007ffaf9f4e000 	C:\Users\SSAFY\.jdks\corretto-17.0.15\bin\instrument.dll
0x00007ffae5a10000 - 0x00007ffae5a35000 	C:\Users\SSAFY\.jdks\corretto-17.0.15\bin\java.dll

dbghelp: loaded successfully - version: 4.0.5 - missing functions: none
symbol engine: initialized successfully - sym options: 0x614 - pdb path: .;C:\Users\SSAFY\.jdks\corretto-17.0.15\bin;C:\WINDOWS\SYSTEM32;C:\WINDOWS\WinSxS\amd64_microsoft.windows.common-controls_6595b64144ccf1df_6.0.26100.3624_none_3e086962e3345f24;C:\Users\SSAFY\.jdks\corretto-17.0.15\bin\server

VM Arguments:
jvm_args: -Xmx64m -Xms64m -javaagent:C:/gradle-8.14-all/gradle-8.14/lib/agents/gradle-instrumentation-agent-8.14.jar -Dorg.gradle.appname=gradle 
java_command: C:/gradle-8.14-all/gradle-8.14/lib/gradle-gradle-cli-main-8.14.jar init
java_class_path (initial): C:/gradle-8.14-all/gradle-8.14/lib/gradle-gradle-cli-main-8.14.jar
Launcher Type: SUN_STANDARD

[Global flags]
     intx CICompilerCount                          = 4                                         {product} {ergonomic}
     uint ConcGCThreads                            = 2                                         {product} {ergonomic}
     uint G1ConcRefinementThreads                  = 8                                         {product} {ergonomic}
   size_t G1HeapRegionSize                         = 1048576                                   {product} {ergonomic}
    uintx GCDrainStackTargetSize                   = 64                                        {product} {ergonomic}
   size_t InitialHeapSize                          = 67108864                                  {product} {command line}
   size_t MarkStackSize                            = 4194304                                   {product} {ergonomic}
   size_t MaxHeapSize                              = 67108864                                  {product} {command line}
   size_t MinHeapDeltaBytes                        = 1048576                                   {product} {ergonomic}
   size_t MinHeapSize                              = 67108864                                  {product} {command line}
    uintx NonNMethodCodeHeapSize                   = 5839372                                {pd product} {ergonomic}
    uintx NonProfiledCodeHeapSize                  = 122909434                              {pd product} {ergonomic}
    uintx ProfiledCodeHeapSize                     = 122909434                              {pd product} {ergonomic}
    uintx ReservedCodeCacheSize                    = 251658240                              {pd product} {ergonomic}
     bool SegmentedCodeCache                       = true                                      {product} {ergonomic}
   size_t SoftMaxHeapSize                          = 67108864                               {manageable} {ergonomic}
     bool UseCompressedClassPointers               = true                           {product lp64_product} {ergonomic}
     bool UseCompressedOops                        = true                           {product lp64_product} {ergonomic}
     bool UseG1GC                                  = true                                      {product} {ergonomic}
     bool UseLargePagesIndividualAllocation        = false                                  {pd product} {ergonomic}

Logging:
Log output configuration:
 #0: stdout all=warning uptime,level,tags
 #1: stderr all=off uptime,level,tags

Environment Variables:
JAVA_HOME=C:\Users\SSAFY\.jdks\corretto-17.0.15
PATH=C:\Program Files\Git\mingw64\bin;C:\Program Files\Git\usr\bin;C:\Users\SSAFY\bin;C:\Python313\Scripts;C:\Python313;C:\WINDOWS\system32;C:\WINDOWS;C:\WINDOWS\System32\Wbem;C:\WINDOWS\System32\WindowsPowerShell\v1.0;C:\WINDOWS\System32\OpenSSH;C:\Program Files (x86)\NVIDIA Corporation\PhysX\Common;C:\Program Files\NVIDIA Corporation\NVIDIA NvDLISR;C:\Program Files\Microsoft SQL Server\130\Tools\Binn;C:\Program Files\Git\cmd;C:\Program Files\Bandizip;C:\Users\SSAFY\.jdks\corretto-17.0.15\bin;C:\Program Files\nodejs;C:\ProgramData\chocolatey\bin;C:\gradle-8.14-all\gradle-8.14\bin;C:\Program Files\MySQL\MySQL Shell 8.0\bin;C:\Users\SSAFY\AppData\Local\Microsoft\WindowsApps;C:\Users\SSAFY\AppData\Local\Programs\Microsoft VS Code\bin;C:\Program Files\JetBrains\IntelliJ IDEA Community Edition 2024.3.2.2\bin;C:\Program Files\JetBrains\IntelliJ IDEA 2024.3.5\bin;C:\Users\SSAFY\AppData\Roaming\npm
USERNAME=SSAFY
TERM=xterm-256color
OS=Windows_NT
PROCESSOR_IDENTIFIER=Intel64 Family 6 Model 158 Stepping 13, GenuineIntel
TMP=C:\Users\SSAFY\AppData\Local\Temp
TEMP=C:\Users\SSAFY\AppData\Local\Temp



Periodic native trim disabled


---------------  S Y S T E M  ---------------

OS:
 Windows 11 , 64 bit Build 26100 (10.0.26100.3775)
OS uptime: 23 days 22:49 hours
Hyper-V role detected

CPU: total 8 (initial active 8) (8 cores per cpu, 1 threads per core) family 6 model 158 stepping 13 microcode 0xde, cx8, cmov, fxsr, mmx, 3dnowpref, sse, sse2, sse3, ssse3, sse4.1, sse4.2, popcnt, lzcnt, tsc, tscinvbit, avx, avx2, aes, erms, clmul, bmi1, bmi2, adx, fma, vzeroupper, clflush, clflushopt, hv
Processor Information for all 8 processors :
  Max Mhz: 3000, Current Mhz: 3000, Mhz Limit: 3000

Memory: 4k page, system-wide physical 32702M (9764M free)
TotalPageFile size 63128M (AvailPageFile size 44M)
current process WorkingSet (physical memory assigned to process): 13M, peak: 13M
current process commit charge ("private bytes"): 60M, peak: 124M

vm_info: OpenJDK 64-Bit Server VM (17.0.15+6-LTS) for windows-amd64 JRE (17.0.15+6-LTS), built on Apr  9 2025 23:33:55 by "Administrator" with MS VC++ 16.10 / 16.11 (VS2019)

END.
